[INFO ] 09-27-2019 20:57:03.823 [Method:main] version3.CalculatorMain_v3:18 - Starting class CalculatorMain_v3
[INFO ] 09-27-2019 20:57:04.717 [Method:setupButtonsAndSuch] version3.Calculator_v3:123 - Inside setupButtonsAndSuch()
[INFO ] 09-27-2019 20:57:04.718 [Method:setupButtonsAndSuch] version3.Calculator_v3:124 - preparing buttons
[INFO ] 09-27-2019 20:57:04.720 [Method:setupButtonsAndSuch] version3.Calculator_v3:213 - Finished. Leaving setupButtonsAndSuch()
[INFO ] 09-27-2019 20:57:04.730 [Method:setupPanel_v3] version3.JPanelBasic_v3:84 - Starting setupPanel_v3
[INFO ] 09-27-2019 20:57:04.732 [Method:setupPanel_v3] version3.JPanelBasic_v3:173 - End setupPanel_v3()
[INFO ] 09-27-2019 20:57:04.733 [Method:addComponentsToPanel_v3] version3.JPanelBasic_v3:179 - Starting addComponentsToPanel_v3
[INFO ] 09-27-2019 20:57:04.736 [Method:addComponentsToPanel_v3] version3.JPanelBasic_v3:268 - Finished addComponentsToPanel_v3
[INFO ] 09-27-2019 20:57:05.992 [Method:setupMenuBar] version3.StandardCalculator_v3:132 - Inside setupMenuBar()
[INFO ] 09-27-2019 20:57:06.034 [Method:setupMenuBar] version3.StandardCalculator_v3:314 - Finished. Leaving setupMenuBar()
[INFO ] 09-27-2019 20:57:06.035 [Method:createImageIcon] version3.Calculator_v3:923 - Inside createImageIcon()
[INFO ] 09-27-2019 20:57:06.037 [Method:createImageIcon] version3.Calculator_v3:927 - the path 'src/main/resources/images/calculatorOriginalCopy.jpg' created an image! the imageicon is being returned...
[INFO ] 09-27-2019 20:57:06.038 [Method:createImageIcon] version3.Calculator_v3:928 - End createImageIcon()
[INFO ] 09-27-2019 20:57:06.090 [Method:createImageIcon] version3.Calculator_v3:923 - Inside createImageIcon()
[INFO ] 09-27-2019 20:57:06.091 [Method:createImageIcon] version3.Calculator_v3:927 - the path 'src/main/resources/images/calculatorOriginal.jpg' created an image! the imageicon is being returned...
[INFO ] 09-27-2019 20:57:06.091 [Method:createImageIcon] version3.Calculator_v3:928 - End createImageIcon()
[INFO ] 09-27-2019 20:57:06.104 [Method:createImageIcon] version3.Calculator_v3:923 - Inside createImageIcon()
[INFO ] 09-27-2019 20:57:06.104 [Method:createImageIcon] version3.Calculator_v3:927 - the path 'src/main/resources/images/maclogo.png' created an image! the imageicon is being returned...
[INFO ] 09-27-2019 20:57:06.105 [Method:createImageIcon] version3.Calculator_v3:928 - End createImageIcon()
[INFO ] 09-27-2019 20:57:06.110 [Method:initLookAndFeel] version3.CalculatorMain_v3:56 - Setting the look and feel to : javax.swing.plaf.metal.MetalLookAndFeel
[INFO ] 09-27-2019 20:57:06.182 [Method:confirm] version3.Calculator_v3:263 - Confirm Results: 
[INFO ] 09-27-2019 20:57:06.183 [Method:confirm] version3.Calculator_v3:264 - ---------------- 
[INFO ] 09-27-2019 20:57:06.185 [Method:confirm] version3.Calculator_v3:265 - textarea: '\n'
[INFO ] 09-27-2019 20:57:06.186 [Method:confirm] version3.Calculator_v3:266 - textArea: '\n'
[INFO ] 09-27-2019 20:57:06.186 [Method:confirm] version3.Calculator_v3:276 - no memories stored!
[INFO ] 09-27-2019 20:57:06.187 [Method:confirm] version3.Calculator_v3:278 - addBool: 'false'
[INFO ] 09-27-2019 20:57:06.189 [Method:confirm] version3.Calculator_v3:279 - subBool: 'false'
[INFO ] 09-27-2019 20:57:06.190 [Method:confirm] version3.Calculator_v3:280 - mulBool: 'false'
[INFO ] 09-27-2019 20:57:06.191 [Method:confirm] version3.Calculator_v3:281 - divBool: 'false'
[INFO ] 09-27-2019 20:57:06.191 [Method:confirm] version3.Calculator_v3:282 - valuesPosition: '0'
[INFO ] 09-27-2019 20:57:06.192 [Method:confirm] version3.Calculator_v3:283 - memoryPosition: '0'
[INFO ] 09-27-2019 20:57:06.197 [Method:confirm] version3.Calculator_v3:284 - firstNumBool: 'true'
[INFO ] 09-27-2019 20:57:06.198 [Method:confirm] version3.Calculator_v3:285 - dotButtonPressed: 'false'
[INFO ] 09-27-2019 20:57:06.201 [Method:confirm] version3.Calculator_v3:286 - isNegative: 'false'
[INFO ] 09-27-2019 20:57:06.202 [Method:confirm] version3.Calculator_v3:287 - calcType: 'BASIC'
[INFO ] 09-27-2019 20:57:06.203 [Method:confirm] version3.Calculator_v3:288 - -------- End Confirm Results --------

[INFO ] 09-27-2019 20:57:06.203 [Method:main] version3.CalculatorMain_v3:31 - End main()

[INFO ] 09-27-2019 20:57:09.602 [Method:actionPerformed] version3.Calculator_v3:475 - NumberButtonHandler() started
[INFO ] 09-27-2019 20:57:09.604 [Method:actionPerformed] version3.Calculator_v3:476 - button: 5
[INFO ] 09-27-2019 20:57:09.605 [Method:isNegativeNumber] version3.Calculator_v3:407 - isNegativeNumber() == false
[INFO ] 09-27-2019 20:57:09.605 [Method:isPositiveNumber] version3.Calculator_v3:390 - isPositiveNumber() == true
[INFO ] 09-27-2019 20:57:09.606 [Method:actionPerformed] version3.Calculator_v3:501 - firstNumBool = true | positive number = true | dotButtonPressed = false
[INFO ] 09-27-2019 20:57:09.606 [Method:actionPerformed] version3.Calculator_v3:502 - before: 
[INFO ] 09-27-2019 20:57:09.684 [Method:actionPerformed] version3.Calculator_v3:506 - textArea:'\n5'
[INFO ] 09-27-2019 20:57:09.685 [Method:actionPerformed] version3.Calculator_v3:507 - values[0]: '5'
[INFO ] 09-27-2019 20:57:09.686 [Method:actionPerformed] version3.Calculator_v3:599 - NumberButtonHandler() finished
[INFO ] 09-27-2019 20:57:09.687 [Method:confirm] version3.Calculator_v3:263 - Confirm Results: 
[INFO ] 09-27-2019 20:57:09.688 [Method:confirm] version3.Calculator_v3:264 - ---------------- 
[INFO ] 09-27-2019 20:57:09.688 [Method:confirm] version3.Calculator_v3:265 - textarea: '\n55'
[INFO ] 09-27-2019 20:57:09.689 [Method:confirm] version3.Calculator_v3:266 - textArea: '\n5'
[INFO ] 09-27-2019 20:57:09.689 [Method:confirm] version3.Calculator_v3:276 - no memories stored!
[INFO ] 09-27-2019 20:57:09.690 [Method:confirm] version3.Calculator_v3:278 - addBool: 'false'
[INFO ] 09-27-2019 20:57:09.691 [Method:confirm] version3.Calculator_v3:279 - subBool: 'false'
[INFO ] 09-27-2019 20:57:09.691 [Method:confirm] version3.Calculator_v3:280 - mulBool: 'false'
[INFO ] 09-27-2019 20:57:09.692 [Method:confirm] version3.Calculator_v3:281 - divBool: 'false'
[INFO ] 09-27-2019 20:57:09.693 [Method:confirm] version3.Calculator_v3:282 - valuesPosition: '0'
[INFO ] 09-27-2019 20:57:09.693 [Method:confirm] version3.Calculator_v3:283 - memoryPosition: '0'
[INFO ] 09-27-2019 20:57:09.694 [Method:confirm] version3.Calculator_v3:284 - firstNumBool: 'true'
[INFO ] 09-27-2019 20:57:09.694 [Method:confirm] version3.Calculator_v3:285 - dotButtonPressed: 'false'
[INFO ] 09-27-2019 20:57:09.695 [Method:confirm] version3.Calculator_v3:286 - isNegative: 'false'
[INFO ] 09-27-2019 20:57:09.695 [Method:confirm] version3.Calculator_v3:287 - calcType: 'BASIC'
[INFO ] 09-27-2019 20:57:09.696 [Method:confirm] version3.Calculator_v3:288 - -------- End Confirm Results --------

