[INFO ] 08-25-2019 21:57:01.150 [Method:main] version3.CalculatorMain_v3:18 - Starting class CalculatorMain_v3
[INFO ] 08-25-2019 21:57:03.212 [Method:setupButtonsAndSuch] version3.Calculator_v3:123 - Inside setupButtonsAndSuch()
[INFO ] 08-25-2019 21:57:03.215 [Method:setupButtonsAndSuch] version3.Calculator_v3:124 - preparing buttons
[INFO ] 08-25-2019 21:57:03.219 [Method:setupButtonsAndSuch] version3.Calculator_v3:213 - Finished. Leaving setupButtonsAndSuch()
[INFO ] 08-25-2019 21:57:03.290 [Method:setupPanel_v3] version3.JPanelBasic_v3:84 - Starting setupPanel_v3
[INFO ] 08-25-2019 21:57:03.304 [Method:setupPanel_v3] version3.JPanelBasic_v3:173 - End setupPanel_v3()
[INFO ] 08-25-2019 21:57:03.338 [Method:addComponentsToPanel_v3] version3.JPanelBasic_v3:179 - Starting addComponentsToPanel_v3
[INFO ] 08-25-2019 21:57:03.420 [Method:addComponentsToPanel_v3] version3.JPanelBasic_v3:268 - Finished addComponentsToPanel_v3
[INFO ] 08-25-2019 21:57:08.705 [Method:setupMenuBar] version3.StandardCalculator_v3:130 - Inside setupMenuBar()
[INFO ] 08-25-2019 21:57:08.821 [Method:setupMenuBar] version3.StandardCalculator_v3:312 - Finished. Leaving setupMenuBar()
[INFO ] 08-25-2019 21:57:08.830 [Method:createImageIcon] version3.Calculator_v3:923 - Inside createImageIcon()
[INFO ] 08-25-2019 21:57:08.833 [Method:createImageIcon] version3.Calculator_v3:927 - the path 'src/main/resources/images/calculatorOriginalCopy.jpg' created an image! the imageicon is being returned...
[INFO ] 08-25-2019 21:57:08.834 [Method:createImageIcon] version3.Calculator_v3:928 - End createImageIcon()
[INFO ] 08-25-2019 21:57:08.953 [Method:createImageIcon] version3.Calculator_v3:923 - Inside createImageIcon()
[INFO ] 08-25-2019 21:57:08.954 [Method:createImageIcon] version3.Calculator_v3:927 - the path 'src/main/resources/images/calculatorOriginal.jpg' created an image! the imageicon is being returned...
[INFO ] 08-25-2019 21:57:08.958 [Method:createImageIcon] version3.Calculator_v3:928 - End createImageIcon()
[INFO ] 08-25-2019 21:57:08.981 [Method:createImageIcon] version3.Calculator_v3:923 - Inside createImageIcon()
[INFO ] 08-25-2019 21:57:08.982 [Method:createImageIcon] version3.Calculator_v3:927 - the path 'src/main/resources/images/maclogo.png' created an image! the imageicon is being returned...
[INFO ] 08-25-2019 21:57:08.983 [Method:createImageIcon] version3.Calculator_v3:928 - End createImageIcon()
[INFO ] 08-25-2019 21:57:09.009 [Method:initLookAndFeel] version3.CalculatorMain_v3:56 - Setting the look and feel to : javax.swing.plaf.metal.MetalLookAndFeel
[INFO ] 08-25-2019 21:57:09.202 [Method:confirm] version3.Calculator_v3:263 - Confirm Results: 
[INFO ] 08-25-2019 21:57:09.211 [Method:confirm] version3.Calculator_v3:264 - ---------------- 
[INFO ] 08-25-2019 21:57:09.213 [Method:confirm] version3.Calculator_v3:265 - textarea: '\n'
[INFO ] 08-25-2019 21:57:09.216 [Method:confirm] version3.Calculator_v3:266 - textArea: '\n'
[INFO ] 08-25-2019 21:57:09.219 [Method:confirm] version3.Calculator_v3:276 - no memories stored!
[INFO ] 08-25-2019 21:57:09.222 [Method:confirm] version3.Calculator_v3:278 - addBool: 'false'
[INFO ] 08-25-2019 21:57:09.230 [Method:confirm] version3.Calculator_v3:279 - subBool: 'false'
[INFO ] 08-25-2019 21:57:09.233 [Method:confirm] version3.Calculator_v3:280 - mulBool: 'false'
[INFO ] 08-25-2019 21:57:09.236 [Method:confirm] version3.Calculator_v3:281 - divBool: 'false'
[INFO ] 08-25-2019 21:57:09.237 [Method:confirm] version3.Calculator_v3:282 - valuesPosition: '0'
[INFO ] 08-25-2019 21:57:09.250 [Method:confirm] version3.Calculator_v3:283 - memoryPosition: '0'
[INFO ] 08-25-2019 21:57:09.251 [Method:confirm] version3.Calculator_v3:284 - firstNumBool: 'true'
[INFO ] 08-25-2019 21:57:09.263 [Method:confirm] version3.Calculator_v3:285 - dotButtonPressed: 'false'
[INFO ] 08-25-2019 21:57:09.266 [Method:confirm] version3.Calculator_v3:286 - isNegative: 'false'
[INFO ] 08-25-2019 21:57:09.269 [Method:confirm] version3.Calculator_v3:287 - calcType: 'BASIC'
[INFO ] 08-25-2019 21:57:09.271 [Method:confirm] version3.Calculator_v3:288 - -------- End Confirm Results --------

[INFO ] 08-25-2019 21:57:09.283 [Method:main] version3.CalculatorMain_v3:31 - End main()

[INFO ] 08-25-2019 21:57:49.517 [Method:actionPerformed] version3.Calculator_v3:475 - NumberButtonHandler() started
[INFO ] 08-25-2019 21:57:49.519 [Method:actionPerformed] version3.Calculator_v3:476 - button: 9
[INFO ] 08-25-2019 21:57:49.519 [Method:isNegativeNumber] version3.Calculator_v3:407 - isNegativeNumber() == false
[INFO ] 08-25-2019 21:57:49.520 [Method:isPositiveNumber] version3.Calculator_v3:390 - isPositiveNumber() == true
[INFO ] 08-25-2019 21:57:49.521 [Method:actionPerformed] version3.Calculator_v3:501 - firstNumBool = true | positive number = true | dotButtonPressed = false
[INFO ] 08-25-2019 21:57:49.522 [Method:actionPerformed] version3.Calculator_v3:502 - before: 
[INFO ] 08-25-2019 21:57:49.720 [Method:actionPerformed] version3.Calculator_v3:506 - textArea:'\n9'
[INFO ] 08-25-2019 21:57:49.723 [Method:actionPerformed] version3.Calculator_v3:507 - values[0]: '9'
[INFO ] 08-25-2019 21:57:49.730 [Method:actionPerformed] version3.Calculator_v3:599 - NumberButtonHandler() finished
[INFO ] 08-25-2019 21:57:49.732 [Method:confirm] version3.Calculator_v3:263 - Confirm Results: 
[INFO ] 08-25-2019 21:57:49.733 [Method:confirm] version3.Calculator_v3:264 - ---------------- 
[INFO ] 08-25-2019 21:57:49.734 [Method:confirm] version3.Calculator_v3:265 - textarea: '\n9'
[INFO ] 08-25-2019 21:57:49.736 [Method:confirm] version3.Calculator_v3:266 - textArea: '\n9'
[INFO ] 08-25-2019 21:57:49.738 [Method:confirm] version3.Calculator_v3:276 - no memories stored!
[INFO ] 08-25-2019 21:57:49.740 [Method:confirm] version3.Calculator_v3:278 - addBool: 'false'
[INFO ] 08-25-2019 21:57:49.743 [Method:confirm] version3.Calculator_v3:279 - subBool: 'false'
[INFO ] 08-25-2019 21:57:49.744 [Method:confirm] version3.Calculator_v3:280 - mulBool: 'false'
[INFO ] 08-25-2019 21:57:49.746 [Method:confirm] version3.Calculator_v3:281 - divBool: 'false'
[INFO ] 08-25-2019 21:57:49.747 [Method:confirm] version3.Calculator_v3:282 - valuesPosition: '0'
[INFO ] 08-25-2019 21:57:49.750 [Method:confirm] version3.Calculator_v3:283 - memoryPosition: '0'
[INFO ] 08-25-2019 21:57:49.751 [Method:confirm] version3.Calculator_v3:284 - firstNumBool: 'true'
[INFO ] 08-25-2019 21:57:49.752 [Method:confirm] version3.Calculator_v3:285 - dotButtonPressed: 'false'
[INFO ] 08-25-2019 21:57:49.753 [Method:confirm] version3.Calculator_v3:286 - isNegative: 'false'
[INFO ] 08-25-2019 21:57:49.754 [Method:confirm] version3.Calculator_v3:287 - calcType: 'BASIC'
[INFO ] 08-25-2019 21:57:49.754 [Method:confirm] version3.Calculator_v3:288 - -------- End Confirm Results --------

[INFO ] 08-25-2019 21:57:52.033 [Method:setupPanel_v3] version3.JPanelProgrammer_v3:130 - Starting setupProgrammerPanel_v3
[INFO ] 08-25-2019 21:57:52.034 [Method:setupPanel_v3] version3.JPanelProgrammer_v3:268 - End setupProgrammerPanel_v3() 
[INFO ] 08-25-2019 21:57:52.036 [Method:addComponentsToPanel_v3] version3.JPanelProgrammer_v3:273 - Starting addComponentsToProgrammerPanel_v3
[INFO ] 08-25-2019 21:57:52.057 [Method:addComponentsToPanel_v3] version3.JPanelProgrammer_v3:447 - Finished addComponentsToProgrammerPanel_v3
[INFO ] 08-25-2019 21:57:52.178 [Method:confirm] version3.Calculator_v3:263 - Confirm Results: Switched calculator types to Programmer Calculator
[INFO ] 08-25-2019 21:57:52.181 [Method:confirm] version3.Calculator_v3:264 - ---------------- 
[INFO ] 08-25-2019 21:57:52.182 [Method:confirm] version3.Calculator_v3:265 - textarea: '\n9'
[INFO ] 08-25-2019 21:57:52.183 [Method:confirm] version3.Calculator_v3:266 - textArea: '\n9'
[INFO ] 08-25-2019 21:57:52.185 [Method:confirm] version3.Calculator_v3:276 - no memories stored!
[INFO ] 08-25-2019 21:57:52.186 [Method:confirm] version3.Calculator_v3:278 - addBool: 'false'
[INFO ] 08-25-2019 21:57:52.187 [Method:confirm] version3.Calculator_v3:279 - subBool: 'false'
[INFO ] 08-25-2019 21:57:52.187 [Method:confirm] version3.Calculator_v3:280 - mulBool: 'false'
[INFO ] 08-25-2019 21:57:52.188 [Method:confirm] version3.Calculator_v3:281 - divBool: 'false'
[INFO ] 08-25-2019 21:57:52.188 [Method:confirm] version3.Calculator_v3:282 - valuesPosition: '0'
[INFO ] 08-25-2019 21:57:52.189 [Method:confirm] version3.Calculator_v3:283 - memoryPosition: '0'
[INFO ] 08-25-2019 21:57:52.190 [Method:confirm] version3.Calculator_v3:284 - firstNumBool: 'true'
[INFO ] 08-25-2019 21:57:52.192 [Method:confirm] version3.Calculator_v3:285 - dotButtonPressed: 'false'
[INFO ] 08-25-2019 21:57:52.193 [Method:confirm] version3.Calculator_v3:286 - isNegative: 'false'
[INFO ] 08-25-2019 21:57:52.195 [Method:confirm] version3.Calculator_v3:287 - calcType: 'BASIC'
[INFO ] 08-25-2019 21:57:52.196 [Method:confirm] version3.Calculator_v3:288 - -------- End Confirm Results --------

[INFO ] 08-25-2019 21:57:52.196 [Method:performCalculatorTypeSwitchOperations] version3.JPanelProgrammer_v3:861 - Starting to performCalculatorTypeSwitchOperations
[INFO ] 08-25-2019 21:57:52.197 [Method:convertTextArea] version3.JPanelProgrammer_v3:844 - Converting TextArea
[INFO ] 08-25-2019 21:57:52.199 [Method:convertTextArea] version3.JPanelProgrammer_v3:847 - Going from decimal to binary...
[INFO ] 08-25-2019 21:57:52.199 [Method:convertToBinary] version3.JPanelProgrammer_v3:765 - convertToBinary started
[INFO ] 08-25-2019 21:57:52.200 [Method:convertToBinary] version3.JPanelProgrammer_v3:766 - textarea: 
9
[INFO ] 08-25-2019 21:57:52.200 [Method:convertToBinary] version3.JPanelProgrammer_v3:773 - [0, 0, 0, 0, 0, 0, 0, 0]
[INFO ] 08-25-2019 21:57:52.201 [Method:convertToBinary] version3.JPanelProgrammer_v3:779 - Here
[INFO ] 08-25-2019 21:57:52.202 [Method:convertToBinary] version3.JPanelProgrammer_v3:799 - converted number is: [1, 0, 0, 1, 0, 0, 0, 0]
[INFO ] 08-25-2019 21:57:52.202 [Method:convertToBinary] version3.JPanelProgrammer_v3:804 - textarea:00001001
[INFO ] 08-25-2019 21:57:52.215 [Method:convertToBinary] version3.JPanelProgrammer_v3:810 - convertToBinary finished
[INFO ] 08-25-2019 21:57:52.217 [Method:convertTextArea] version3.JPanelProgrammer_v3:852 - TextArea converted
[INFO ] 08-25-2019 21:57:52.218 [Method:performCalculatorTypeSwitchOperations] version3.JPanelProgrammer_v3:869 - Finished performCalculatorTypeSwitchOperations

