[INFO ] 09-04-2019 20:16:40.974 [Method:main] version3.CalculatorMain_v3:18 - Starting class CalculatorMain_v3
[INFO ] 09-04-2019 20:16:41.878 [Method:setupButtonsAndSuch] version3.Calculator_v3:123 - Inside setupButtonsAndSuch()
[INFO ] 09-04-2019 20:16:41.879 [Method:setupButtonsAndSuch] version3.Calculator_v3:124 - preparing buttons
[INFO ] 09-04-2019 20:16:41.881 [Method:setupButtonsAndSuch] version3.Calculator_v3:213 - Finished. Leaving setupButtonsAndSuch()
[INFO ] 09-04-2019 20:16:41.894 [Method:setupPanel_v3] version3.JPanelBasic_v3:84 - Starting setupPanel_v3
[INFO ] 09-04-2019 20:16:41.895 [Method:setupPanel_v3] version3.JPanelBasic_v3:173 - End setupPanel_v3()
[INFO ] 09-04-2019 20:16:41.896 [Method:addComponentsToPanel_v3] version3.JPanelBasic_v3:179 - Starting addComponentsToPanel_v3
[INFO ] 09-04-2019 20:16:41.900 [Method:addComponentsToPanel_v3] version3.JPanelBasic_v3:268 - Finished addComponentsToPanel_v3
[INFO ] 09-04-2019 20:16:43.874 [Method:setupMenuBar] version3.StandardCalculator_v3:130 - Inside setupMenuBar()
[INFO ] 09-04-2019 20:16:43.909 [Method:setupMenuBar] version3.StandardCalculator_v3:312 - Finished. Leaving setupMenuBar()
[INFO ] 09-04-2019 20:16:43.910 [Method:createImageIcon] version3.Calculator_v3:923 - Inside createImageIcon()
[INFO ] 09-04-2019 20:16:43.910 [Method:createImageIcon] version3.Calculator_v3:927 - the path 'src/main/resources/images/calculatorOriginalCopy.jpg' created an image! the imageicon is being returned...
[INFO ] 09-04-2019 20:16:43.911 [Method:createImageIcon] version3.Calculator_v3:928 - End createImageIcon()
[INFO ] 09-04-2019 20:16:43.960 [Method:createImageIcon] version3.Calculator_v3:923 - Inside createImageIcon()
[INFO ] 09-04-2019 20:16:43.961 [Method:createImageIcon] version3.Calculator_v3:927 - the path 'src/main/resources/images/calculatorOriginal.jpg' created an image! the imageicon is being returned...
[INFO ] 09-04-2019 20:16:43.962 [Method:createImageIcon] version3.Calculator_v3:928 - End createImageIcon()
[INFO ] 09-04-2019 20:16:43.976 [Method:createImageIcon] version3.Calculator_v3:923 - Inside createImageIcon()
[INFO ] 09-04-2019 20:16:43.977 [Method:createImageIcon] version3.Calculator_v3:927 - the path 'src/main/resources/images/maclogo.png' created an image! the imageicon is being returned...
[INFO ] 09-04-2019 20:16:43.977 [Method:createImageIcon] version3.Calculator_v3:928 - End createImageIcon()
[INFO ] 09-04-2019 20:16:43.983 [Method:initLookAndFeel] version3.CalculatorMain_v3:56 - Setting the look and feel to : javax.swing.plaf.metal.MetalLookAndFeel
[INFO ] 09-04-2019 20:16:44.050 [Method:confirm] version3.Calculator_v3:263 - Confirm Results: 
[INFO ] 09-04-2019 20:16:44.052 [Method:confirm] version3.Calculator_v3:264 - ---------------- 
[INFO ] 09-04-2019 20:16:44.054 [Method:confirm] version3.Calculator_v3:265 - textarea: '\n'
[INFO ] 09-04-2019 20:16:44.055 [Method:confirm] version3.Calculator_v3:266 - textArea: '\n'
[INFO ] 09-04-2019 20:16:44.061 [Method:confirm] version3.Calculator_v3:276 - no memories stored!
[INFO ] 09-04-2019 20:16:44.062 [Method:confirm] version3.Calculator_v3:278 - addBool: 'false'
[INFO ] 09-04-2019 20:16:44.063 [Method:confirm] version3.Calculator_v3:279 - subBool: 'false'
[INFO ] 09-04-2019 20:16:44.063 [Method:confirm] version3.Calculator_v3:280 - mulBool: 'false'
[INFO ] 09-04-2019 20:16:44.064 [Method:confirm] version3.Calculator_v3:281 - divBool: 'false'
[INFO ] 09-04-2019 20:16:44.064 [Method:confirm] version3.Calculator_v3:282 - valuesPosition: '0'
[INFO ] 09-04-2019 20:16:44.065 [Method:confirm] version3.Calculator_v3:283 - memoryPosition: '0'
[INFO ] 09-04-2019 20:16:44.065 [Method:confirm] version3.Calculator_v3:284 - firstNumBool: 'true'
[INFO ] 09-04-2019 20:16:44.066 [Method:confirm] version3.Calculator_v3:285 - dotButtonPressed: 'false'
[INFO ] 09-04-2019 20:16:44.067 [Method:confirm] version3.Calculator_v3:286 - isNegative: 'false'
[INFO ] 09-04-2019 20:16:44.067 [Method:confirm] version3.Calculator_v3:287 - calcType: 'BASIC'
[INFO ] 09-04-2019 20:16:44.068 [Method:confirm] version3.Calculator_v3:288 - -------- End Confirm Results --------

[INFO ] 09-04-2019 20:16:44.069 [Method:main] version3.CalculatorMain_v3:31 - End main()

[INFO ] 09-04-2019 20:16:46.713 [Method:actionPerformed] version3.Calculator_v3:475 - NumberButtonHandler() started
[INFO ] 09-04-2019 20:16:46.715 [Method:actionPerformed] version3.Calculator_v3:476 - button: 3
[INFO ] 09-04-2019 20:16:46.716 [Method:isNegativeNumber] version3.Calculator_v3:407 - isNegativeNumber() == false
[INFO ] 09-04-2019 20:16:46.717 [Method:isPositiveNumber] version3.Calculator_v3:390 - isPositiveNumber() == true
[INFO ] 09-04-2019 20:16:46.717 [Method:actionPerformed] version3.Calculator_v3:501 - firstNumBool = true | positive number = true | dotButtonPressed = false
[INFO ] 09-04-2019 20:16:46.718 [Method:actionPerformed] version3.Calculator_v3:502 - before: 
[INFO ] 09-04-2019 20:16:46.820 [Method:actionPerformed] version3.Calculator_v3:506 - textArea:'\n3'
[INFO ] 09-04-2019 20:16:46.821 [Method:actionPerformed] version3.Calculator_v3:507 - values[0]: '3'
[INFO ] 09-04-2019 20:16:46.822 [Method:actionPerformed] version3.Calculator_v3:599 - NumberButtonHandler() finished
[INFO ] 09-04-2019 20:16:46.823 [Method:confirm] version3.Calculator_v3:263 - Confirm Results: 
[INFO ] 09-04-2019 20:16:46.823 [Method:confirm] version3.Calculator_v3:264 - ---------------- 
[INFO ] 09-04-2019 20:16:46.824 [Method:confirm] version3.Calculator_v3:265 - textarea: '\n3'
[INFO ] 09-04-2019 20:16:46.825 [Method:confirm] version3.Calculator_v3:266 - textArea: '\n3'
[INFO ] 09-04-2019 20:16:46.825 [Method:confirm] version3.Calculator_v3:276 - no memories stored!
[INFO ] 09-04-2019 20:16:46.826 [Method:confirm] version3.Calculator_v3:278 - addBool: 'false'
[INFO ] 09-04-2019 20:16:46.826 [Method:confirm] version3.Calculator_v3:279 - subBool: 'false'
[INFO ] 09-04-2019 20:16:46.827 [Method:confirm] version3.Calculator_v3:280 - mulBool: 'false'
[INFO ] 09-04-2019 20:16:46.827 [Method:confirm] version3.Calculator_v3:281 - divBool: 'false'
[INFO ] 09-04-2019 20:16:46.828 [Method:confirm] version3.Calculator_v3:282 - valuesPosition: '0'
[INFO ] 09-04-2019 20:16:46.828 [Method:confirm] version3.Calculator_v3:283 - memoryPosition: '0'
[INFO ] 09-04-2019 20:16:46.829 [Method:confirm] version3.Calculator_v3:284 - firstNumBool: 'true'
[INFO ] 09-04-2019 20:16:46.830 [Method:confirm] version3.Calculator_v3:285 - dotButtonPressed: 'false'
[INFO ] 09-04-2019 20:16:46.831 [Method:confirm] version3.Calculator_v3:286 - isNegative: 'false'
[INFO ] 09-04-2019 20:16:46.831 [Method:confirm] version3.Calculator_v3:287 - calcType: 'BASIC'
[INFO ] 09-04-2019 20:16:46.831 [Method:confirm] version3.Calculator_v3:288 - -------- End Confirm Results --------

[INFO ] 09-04-2019 20:16:47.398 [Method:actionPerformed] version3.Calculator_v3:475 - NumberButtonHandler() started
[INFO ] 09-04-2019 20:16:47.405 [Method:actionPerformed] version3.Calculator_v3:476 - button: 5
[INFO ] 09-04-2019 20:16:47.406 [Method:isNegativeNumber] version3.Calculator_v3:407 - isNegativeNumber(3) == false
[INFO ] 09-04-2019 20:16:47.407 [Method:isPositiveNumber] version3.Calculator_v3:390 - isPositiveNumber(3) == true
[INFO ] 09-04-2019 20:16:47.407 [Method:actionPerformed] version3.Calculator_v3:501 - firstNumBool = true | positive number = true | dotButtonPressed = false
[INFO ] 09-04-2019 20:16:47.408 [Method:actionPerformed] version3.Calculator_v3:502 - before: 3
[INFO ] 09-04-2019 20:16:47.416 [Method:actionPerformed] version3.Calculator_v3:506 - textArea:'\n35'
[INFO ] 09-04-2019 20:16:47.416 [Method:actionPerformed] version3.Calculator_v3:507 - values[0]: '35'
[INFO ] 09-04-2019 20:16:47.417 [Method:actionPerformed] version3.Calculator_v3:599 - NumberButtonHandler() finished
[INFO ] 09-04-2019 20:16:47.418 [Method:confirm] version3.Calculator_v3:263 - Confirm Results: 
[INFO ] 09-04-2019 20:16:47.419 [Method:confirm] version3.Calculator_v3:264 - ---------------- 
[INFO ] 09-04-2019 20:16:47.419 [Method:confirm] version3.Calculator_v3:265 - textarea: '\n35'
[INFO ] 09-04-2019 20:16:47.420 [Method:confirm] version3.Calculator_v3:266 - textArea: '\n35'
[INFO ] 09-04-2019 20:16:47.420 [Method:confirm] version3.Calculator_v3:276 - no memories stored!
[INFO ] 09-04-2019 20:16:47.421 [Method:confirm] version3.Calculator_v3:278 - addBool: 'false'
[INFO ] 09-04-2019 20:16:47.421 [Method:confirm] version3.Calculator_v3:279 - subBool: 'false'
[INFO ] 09-04-2019 20:16:47.421 [Method:confirm] version3.Calculator_v3:280 - mulBool: 'false'
[INFO ] 09-04-2019 20:16:47.422 [Method:confirm] version3.Calculator_v3:281 - divBool: 'false'
[INFO ] 09-04-2019 20:16:47.422 [Method:confirm] version3.Calculator_v3:282 - valuesPosition: '0'
[INFO ] 09-04-2019 20:16:47.423 [Method:confirm] version3.Calculator_v3:283 - memoryPosition: '0'
[INFO ] 09-04-2019 20:16:47.423 [Method:confirm] version3.Calculator_v3:284 - firstNumBool: 'true'
[INFO ] 09-04-2019 20:16:47.423 [Method:confirm] version3.Calculator_v3:285 - dotButtonPressed: 'false'
[INFO ] 09-04-2019 20:16:47.424 [Method:confirm] version3.Calculator_v3:286 - isNegative: 'false'
[INFO ] 09-04-2019 20:16:47.424 [Method:confirm] version3.Calculator_v3:287 - calcType: 'BASIC'
[INFO ] 09-04-2019 20:16:47.424 [Method:confirm] version3.Calculator_v3:288 - -------- End Confirm Results --------

[INFO ] 09-04-2019 20:17:01.551 [Method:actionPerformed] version3.Calculator_v3:690 - DeleteButtonHandler() started
[INFO ] 09-04-2019 20:17:01.552 [Method:actionPerformed] version3.Calculator_v3:691 - button: DEL
[INFO ] 09-04-2019 20:17:01.553 [Method:actionPerformed] version3.Calculator_v3:701 - values[0]: '35'
[INFO ] 09-04-2019 20:17:01.553 [Method:actionPerformed] version3.Calculator_v3:702 - textarea: 35
[INFO ] 09-04-2019 20:17:01.554 [Method:isNegativeNumber] version3.Calculator_v3:407 - isNegativeNumber(35) == false
[INFO ] 09-04-2019 20:17:01.554 [Method:isDecimal] version3.Calculator_v3:376 - isDecimal(35) == false
[INFO ] 09-04-2019 20:17:01.555 [Method:actionPerformed] version3.Calculator_v3:717 - output: '3'
[INFO ] 09-04-2019 20:17:01.562 [Method:actionPerformed] version3.Calculator_v3:874 - DeleteButtonHandler() finished
[INFO ] 09-04-2019 20:17:01.563 [Method:confirm] version3.Calculator_v3:263 - Confirm Results: 
[INFO ] 09-04-2019 20:17:01.563 [Method:confirm] version3.Calculator_v3:264 - ---------------- 
[INFO ] 09-04-2019 20:17:01.564 [Method:confirm] version3.Calculator_v3:265 - textarea: '\n3'
[INFO ] 09-04-2019 20:17:01.564 [Method:confirm] version3.Calculator_v3:266 - textArea: '\n3'
[INFO ] 09-04-2019 20:17:01.564 [Method:confirm] version3.Calculator_v3:276 - no memories stored!
[INFO ] 09-04-2019 20:17:01.565 [Method:confirm] version3.Calculator_v3:278 - addBool: 'false'
[INFO ] 09-04-2019 20:17:01.565 [Method:confirm] version3.Calculator_v3:279 - subBool: 'false'
[INFO ] 09-04-2019 20:17:01.565 [Method:confirm] version3.Calculator_v3:280 - mulBool: 'false'
[INFO ] 09-04-2019 20:17:01.566 [Method:confirm] version3.Calculator_v3:281 - divBool: 'false'
[INFO ] 09-04-2019 20:17:01.566 [Method:confirm] version3.Calculator_v3:282 - valuesPosition: '0'
[INFO ] 09-04-2019 20:17:01.567 [Method:confirm] version3.Calculator_v3:283 - memoryPosition: '0'
[INFO ] 09-04-2019 20:17:01.567 [Method:confirm] version3.Calculator_v3:284 - firstNumBool: 'true'
[INFO ] 09-04-2019 20:17:01.568 [Method:confirm] version3.Calculator_v3:285 - dotButtonPressed: 'false'
[INFO ] 09-04-2019 20:17:01.568 [Method:confirm] version3.Calculator_v3:286 - isNegative: 'false'
[INFO ] 09-04-2019 20:17:01.568 [Method:confirm] version3.Calculator_v3:287 - calcType: 'BASIC'
[INFO ] 09-04-2019 20:17:01.569 [Method:confirm] version3.Calculator_v3:288 - -------- End Confirm Results --------

