[INFO ] 09-25-2019 20:34:45.559 [Method:main] version3.CalculatorMain_v3:18 - Starting class CalculatorMain_v3
[INFO ] 09-25-2019 20:34:50.714 [Method:setupButtonsAndSuch] version3.Calculator_v3:123 - Inside setupButtonsAndSuch()
[INFO ] 09-25-2019 20:34:50.718 [Method:setupButtonsAndSuch] version3.Calculator_v3:124 - preparing buttons
[INFO ] 09-25-2019 20:34:50.724 [Method:setupButtonsAndSuch] version3.Calculator_v3:213 - Finished. Leaving setupButtonsAndSuch()
[INFO ] 09-25-2019 20:34:50.748 [Method:setupPanel_v3] version3.JPanelBasic_v3:84 - Starting setupPanel_v3
[INFO ] 09-25-2019 20:34:50.785 [Method:setupPanel_v3] version3.JPanelBasic_v3:173 - End setupPanel_v3()
[INFO ] 09-25-2019 20:34:50.786 [Method:addComponentsToPanel_v3] version3.JPanelBasic_v3:179 - Starting addComponentsToPanel_v3
[INFO ] 09-25-2019 20:34:50.798 [Method:addComponentsToPanel_v3] version3.JPanelBasic_v3:268 - Finished addComponentsToPanel_v3
[INFO ] 09-25-2019 20:34:52.625 [Method:setupMenuBar] version3.StandardCalculator_v3:132 - Inside setupMenuBar()
[INFO ] 09-25-2019 20:34:52.673 [Method:setupMenuBar] version3.StandardCalculator_v3:314 - Finished. Leaving setupMenuBar()
[INFO ] 09-25-2019 20:34:52.674 [Method:createImageIcon] version3.Calculator_v3:923 - Inside createImageIcon()
[INFO ] 09-25-2019 20:34:52.675 [Method:createImageIcon] version3.Calculator_v3:927 - the path 'src/main/resources/images/calculatorOriginalCopy.jpg' created an image! the imageicon is being returned...
[INFO ] 09-25-2019 20:34:52.675 [Method:createImageIcon] version3.Calculator_v3:928 - End createImageIcon()
[INFO ] 09-25-2019 20:34:52.757 [Method:createImageIcon] version3.Calculator_v3:923 - Inside createImageIcon()
[INFO ] 09-25-2019 20:34:52.758 [Method:createImageIcon] version3.Calculator_v3:927 - the path 'src/main/resources/images/calculatorOriginal.jpg' created an image! the imageicon is being returned...
[INFO ] 09-25-2019 20:34:52.758 [Method:createImageIcon] version3.Calculator_v3:928 - End createImageIcon()
[INFO ] 09-25-2019 20:34:52.803 [Method:createImageIcon] version3.Calculator_v3:923 - Inside createImageIcon()
[INFO ] 09-25-2019 20:34:52.804 [Method:createImageIcon] version3.Calculator_v3:927 - the path 'src/main/resources/images/maclogo.png' created an image! the imageicon is being returned...
[INFO ] 09-25-2019 20:34:52.805 [Method:createImageIcon] version3.Calculator_v3:928 - End createImageIcon()
[INFO ] 09-25-2019 20:34:52.817 [Method:initLookAndFeel] version3.CalculatorMain_v3:56 - Setting the look and feel to : javax.swing.plaf.metal.MetalLookAndFeel
[INFO ] 09-25-2019 20:34:52.964 [Method:confirm] version3.Calculator_v3:263 - Confirm Results: 
[INFO ] 09-25-2019 20:34:52.965 [Method:confirm] version3.Calculator_v3:264 - ---------------- 
[INFO ] 09-25-2019 20:34:52.966 [Method:confirm] version3.Calculator_v3:265 - textarea: '\n'
[INFO ] 09-25-2019 20:34:52.967 [Method:confirm] version3.Calculator_v3:266 - textArea: '\n'
[INFO ] 09-25-2019 20:34:52.969 [Method:confirm] version3.Calculator_v3:276 - no memories stored!
[INFO ] 09-25-2019 20:34:52.970 [Method:confirm] version3.Calculator_v3:278 - addBool: 'false'
[INFO ] 09-25-2019 20:34:52.971 [Method:confirm] version3.Calculator_v3:279 - subBool: 'false'
[INFO ] 09-25-2019 20:34:52.972 [Method:confirm] version3.Calculator_v3:280 - mulBool: 'false'
[INFO ] 09-25-2019 20:34:52.972 [Method:confirm] version3.Calculator_v3:281 - divBool: 'false'
[INFO ] 09-25-2019 20:34:52.975 [Method:confirm] version3.Calculator_v3:282 - valuesPosition: '0'
[INFO ] 09-25-2019 20:34:52.976 [Method:confirm] version3.Calculator_v3:283 - memoryPosition: '0'
[INFO ] 09-25-2019 20:34:52.999 [Method:confirm] version3.Calculator_v3:284 - firstNumBool: 'true'
[INFO ] 09-25-2019 20:34:53.014 [Method:confirm] version3.Calculator_v3:285 - dotButtonPressed: 'false'
[INFO ] 09-25-2019 20:34:53.017 [Method:confirm] version3.Calculator_v3:286 - isNegative: 'false'
[INFO ] 09-25-2019 20:34:53.019 [Method:confirm] version3.Calculator_v3:287 - calcType: 'BASIC'
[INFO ] 09-25-2019 20:34:53.020 [Method:confirm] version3.Calculator_v3:288 - -------- End Confirm Results --------

[INFO ] 09-25-2019 20:34:53.021 [Method:main] version3.CalculatorMain_v3:31 - End main()

[INFO ] 09-25-2019 20:34:55.340 [Method:actionPerformed] version3.Calculator_v3:475 - NumberButtonHandler() started
[INFO ] 09-25-2019 20:34:55.343 [Method:actionPerformed] version3.Calculator_v3:476 - button: 5
[INFO ] 09-25-2019 20:34:55.344 [Method:isNegativeNumber] version3.Calculator_v3:407 - isNegativeNumber() == false
[INFO ] 09-25-2019 20:34:55.345 [Method:isPositiveNumber] version3.Calculator_v3:390 - isPositiveNumber() == true
[INFO ] 09-25-2019 20:34:55.345 [Method:actionPerformed] version3.Calculator_v3:501 - firstNumBool = true | positive number = true | dotButtonPressed = false
[INFO ] 09-25-2019 20:34:55.346 [Method:actionPerformed] version3.Calculator_v3:502 - before: 
[INFO ] 09-25-2019 20:34:55.442 [Method:actionPerformed] version3.Calculator_v3:506 - textArea:'\n5'
[INFO ] 09-25-2019 20:34:55.443 [Method:actionPerformed] version3.Calculator_v3:507 - values[0]: '5'
[INFO ] 09-25-2019 20:34:55.444 [Method:actionPerformed] version3.Calculator_v3:599 - NumberButtonHandler() finished
[INFO ] 09-25-2019 20:34:55.445 [Method:confirm] version3.Calculator_v3:263 - Confirm Results: 
[INFO ] 09-25-2019 20:34:55.445 [Method:confirm] version3.Calculator_v3:264 - ---------------- 
[INFO ] 09-25-2019 20:34:55.446 [Method:confirm] version3.Calculator_v3:265 - textarea: '\n55'
[INFO ] 09-25-2019 20:34:55.446 [Method:confirm] version3.Calculator_v3:266 - textArea: '\n5'
[INFO ] 09-25-2019 20:34:55.447 [Method:confirm] version3.Calculator_v3:276 - no memories stored!
[INFO ] 09-25-2019 20:34:55.447 [Method:confirm] version3.Calculator_v3:278 - addBool: 'false'
[INFO ] 09-25-2019 20:34:55.448 [Method:confirm] version3.Calculator_v3:279 - subBool: 'false'
[INFO ] 09-25-2019 20:34:55.448 [Method:confirm] version3.Calculator_v3:280 - mulBool: 'false'
[INFO ] 09-25-2019 20:34:55.449 [Method:confirm] version3.Calculator_v3:281 - divBool: 'false'
[INFO ] 09-25-2019 20:34:55.449 [Method:confirm] version3.Calculator_v3:282 - valuesPosition: '0'
[INFO ] 09-25-2019 20:34:55.450 [Method:confirm] version3.Calculator_v3:283 - memoryPosition: '0'
[INFO ] 09-25-2019 20:34:55.450 [Method:confirm] version3.Calculator_v3:284 - firstNumBool: 'true'
[INFO ] 09-25-2019 20:34:55.451 [Method:confirm] version3.Calculator_v3:285 - dotButtonPressed: 'false'
[INFO ] 09-25-2019 20:34:55.451 [Method:confirm] version3.Calculator_v3:286 - isNegative: 'false'
[INFO ] 09-25-2019 20:34:55.452 [Method:confirm] version3.Calculator_v3:287 - calcType: 'BASIC'
[INFO ] 09-25-2019 20:34:55.452 [Method:confirm] version3.Calculator_v3:288 - -------- End Confirm Results --------

[INFO ] 09-25-2019 20:34:56.451 [Method:actionPerformed] version3.Calculator_v3:475 - NumberButtonHandler() started
[INFO ] 09-25-2019 20:34:56.452 [Method:actionPerformed] version3.Calculator_v3:476 - button: 2
[INFO ] 09-25-2019 20:34:56.453 [Method:isNegativeNumber] version3.Calculator_v3:407 - isNegativeNumber(5) == false
[INFO ] 09-25-2019 20:34:56.453 [Method:isPositiveNumber] version3.Calculator_v3:390 - isPositiveNumber(5) == true
[INFO ] 09-25-2019 20:34:56.454 [Method:actionPerformed] version3.Calculator_v3:501 - firstNumBool = true | positive number = true | dotButtonPressed = false
[INFO ] 09-25-2019 20:34:56.456 [Method:actionPerformed] version3.Calculator_v3:502 - before: 5
[INFO ] 09-25-2019 20:34:56.464 [Method:actionPerformed] version3.Calculator_v3:506 - textArea:'\n52'
[INFO ] 09-25-2019 20:34:56.464 [Method:actionPerformed] version3.Calculator_v3:507 - values[0]: '52'
[INFO ] 09-25-2019 20:34:56.465 [Method:actionPerformed] version3.Calculator_v3:599 - NumberButtonHandler() finished
[INFO ] 09-25-2019 20:34:56.466 [Method:confirm] version3.Calculator_v3:263 - Confirm Results: 
[INFO ] 09-25-2019 20:34:56.466 [Method:confirm] version3.Calculator_v3:264 - ---------------- 
[INFO ] 09-25-2019 20:34:56.467 [Method:confirm] version3.Calculator_v3:265 - textarea: '\n555252'
[INFO ] 09-25-2019 20:34:56.467 [Method:confirm] version3.Calculator_v3:266 - textArea: '\n52'
[INFO ] 09-25-2019 20:34:56.468 [Method:confirm] version3.Calculator_v3:276 - no memories stored!
[INFO ] 09-25-2019 20:34:56.468 [Method:confirm] version3.Calculator_v3:278 - addBool: 'false'
[INFO ] 09-25-2019 20:34:56.469 [Method:confirm] version3.Calculator_v3:279 - subBool: 'false'
[INFO ] 09-25-2019 20:34:56.469 [Method:confirm] version3.Calculator_v3:280 - mulBool: 'false'
[INFO ] 09-25-2019 20:34:56.469 [Method:confirm] version3.Calculator_v3:281 - divBool: 'false'
[INFO ] 09-25-2019 20:34:56.470 [Method:confirm] version3.Calculator_v3:282 - valuesPosition: '0'
[INFO ] 09-25-2019 20:34:56.470 [Method:confirm] version3.Calculator_v3:283 - memoryPosition: '0'
[INFO ] 09-25-2019 20:34:56.471 [Method:confirm] version3.Calculator_v3:284 - firstNumBool: 'true'
[INFO ] 09-25-2019 20:34:56.471 [Method:confirm] version3.Calculator_v3:285 - dotButtonPressed: 'false'
[INFO ] 09-25-2019 20:34:56.472 [Method:confirm] version3.Calculator_v3:286 - isNegative: 'false'
[INFO ] 09-25-2019 20:34:56.472 [Method:confirm] version3.Calculator_v3:287 - calcType: 'BASIC'
[INFO ] 09-25-2019 20:34:56.473 [Method:confirm] version3.Calculator_v3:288 - -------- End Confirm Results --------

[INFO ] 09-25-2019 20:34:57.614 [Method:actionPerformed] version3.Calculator_v3:475 - NumberButtonHandler() started
[INFO ] 09-25-2019 20:34:57.615 [Method:actionPerformed] version3.Calculator_v3:476 - button: 3
[INFO ] 09-25-2019 20:34:57.615 [Method:isNegativeNumber] version3.Calculator_v3:407 - isNegativeNumber(52) == false
[INFO ] 09-25-2019 20:34:57.616 [Method:isPositiveNumber] version3.Calculator_v3:390 - isPositiveNumber(52) == true
[INFO ] 09-25-2019 20:34:57.616 [Method:actionPerformed] version3.Calculator_v3:501 - firstNumBool = true | positive number = true | dotButtonPressed = false
[INFO ] 09-25-2019 20:34:57.617 [Method:actionPerformed] version3.Calculator_v3:502 - before: 52
[INFO ] 09-25-2019 20:34:57.623 [Method:actionPerformed] version3.Calculator_v3:506 - textArea:'\n523'
[INFO ] 09-25-2019 20:34:57.624 [Method:actionPerformed] version3.Calculator_v3:507 - values[0]: '523'
[INFO ] 09-25-2019 20:34:57.624 [Method:actionPerformed] version3.Calculator_v3:599 - NumberButtonHandler() finished
[INFO ] 09-25-2019 20:34:57.625 [Method:confirm] version3.Calculator_v3:263 - Confirm Results: 
[INFO ] 09-25-2019 20:34:57.625 [Method:confirm] version3.Calculator_v3:264 - ---------------- 
[INFO ] 09-25-2019 20:34:57.625 [Method:confirm] version3.Calculator_v3:265 - textarea: '\n555252523523'
[INFO ] 09-25-2019 20:34:57.626 [Method:confirm] version3.Calculator_v3:266 - textArea: '\n523'
[INFO ] 09-25-2019 20:34:57.626 [Method:confirm] version3.Calculator_v3:276 - no memories stored!
[INFO ] 09-25-2019 20:34:57.626 [Method:confirm] version3.Calculator_v3:278 - addBool: 'false'
[INFO ] 09-25-2019 20:34:57.627 [Method:confirm] version3.Calculator_v3:279 - subBool: 'false'
[INFO ] 09-25-2019 20:34:57.627 [Method:confirm] version3.Calculator_v3:280 - mulBool: 'false'
[INFO ] 09-25-2019 20:34:57.628 [Method:confirm] version3.Calculator_v3:281 - divBool: 'false'
[INFO ] 09-25-2019 20:34:57.628 [Method:confirm] version3.Calculator_v3:282 - valuesPosition: '0'
[INFO ] 09-25-2019 20:34:57.629 [Method:confirm] version3.Calculator_v3:283 - memoryPosition: '0'
[INFO ] 09-25-2019 20:34:57.629 [Method:confirm] version3.Calculator_v3:284 - firstNumBool: 'true'
[INFO ] 09-25-2019 20:34:57.629 [Method:confirm] version3.Calculator_v3:285 - dotButtonPressed: 'false'
[INFO ] 09-25-2019 20:34:57.630 [Method:confirm] version3.Calculator_v3:286 - isNegative: 'false'
[INFO ] 09-25-2019 20:34:57.630 [Method:confirm] version3.Calculator_v3:287 - calcType: 'BASIC'
[INFO ] 09-25-2019 20:34:57.630 [Method:confirm] version3.Calculator_v3:288 - -------- End Confirm Results --------

[INFO ] 09-25-2019 20:34:59.165 [Method:actionPerformed] version3.StandardCalculator_v3:533 - AddButtonHandler started
[INFO ] 09-25-2019 20:34:59.166 [Method:actionPerformed] version3.StandardCalculator_v3:534 - button: +
[INFO ] 09-25-2019 20:34:59.175 [Method:actionPerformed] version3.StandardCalculator_v3:539 - textArea:  + 523
[INFO ] 09-25-2019 20:34:59.176 [Method:actionPerformed] version3.StandardCalculator_v3:540 - values[0] is 523 after addButton pushed
[INFO ] 09-25-2019 20:34:59.176 [Method:confirm] version3.Calculator_v3:263 - Confirm Results: 
[INFO ] 09-25-2019 20:34:59.177 [Method:confirm] version3.Calculator_v3:264 - ---------------- 
[INFO ] 09-25-2019 20:34:59.177 [Method:confirm] version3.Calculator_v3:265 - textarea: '\n + 523'
[INFO ] 09-25-2019 20:34:59.177 [Method:confirm] version3.Calculator_v3:266 - textArea: '\n + 523'
[INFO ] 09-25-2019 20:34:59.177 [Method:confirm] version3.Calculator_v3:276 - no memories stored!
[INFO ] 09-25-2019 20:34:59.178 [Method:confirm] version3.Calculator_v3:278 - addBool: 'true'
[INFO ] 09-25-2019 20:34:59.178 [Method:confirm] version3.Calculator_v3:279 - subBool: 'false'
[INFO ] 09-25-2019 20:34:59.178 [Method:confirm] version3.Calculator_v3:280 - mulBool: 'false'
[INFO ] 09-25-2019 20:34:59.179 [Method:confirm] version3.Calculator_v3:281 - divBool: 'false'
[INFO ] 09-25-2019 20:34:59.179 [Method:confirm] version3.Calculator_v3:282 - valuesPosition: '1'
[INFO ] 09-25-2019 20:34:59.179 [Method:confirm] version3.Calculator_v3:283 - memoryPosition: '0'
[INFO ] 09-25-2019 20:34:59.179 [Method:confirm] version3.Calculator_v3:284 - firstNumBool: 'false'
[INFO ] 09-25-2019 20:34:59.180 [Method:confirm] version3.Calculator_v3:285 - dotButtonPressed: 'false'
[INFO ] 09-25-2019 20:34:59.180 [Method:confirm] version3.Calculator_v3:286 - isNegative: 'false'
[INFO ] 09-25-2019 20:34:59.181 [Method:confirm] version3.Calculator_v3:287 - calcType: 'BASIC'
[INFO ] 09-25-2019 20:34:59.181 [Method:confirm] version3.Calculator_v3:288 - -------- End Confirm Results --------

[INFO ] 09-25-2019 20:34:59.182 [Method:actionPerformed] version3.StandardCalculator_v3:533 - AddButtonHandler started
[INFO ] 09-25-2019 20:34:59.182 [Method:actionPerformed] version3.StandardCalculator_v3:534 - button: +
[INFO ] 09-25-2019 20:34:59.182 [Method:actionPerformed] version3.StandardCalculator_v3:571 - already chose an operator. choose another number.
[INFO ] 09-25-2019 20:34:59.183 [Method:confirm] version3.Calculator_v3:263 - Confirm Results: 
[INFO ] 09-25-2019 20:34:59.183 [Method:confirm] version3.Calculator_v3:264 - ---------------- 
[INFO ] 09-25-2019 20:34:59.184 [Method:confirm] version3.Calculator_v3:265 - textarea: '\n + 523'
[INFO ] 09-25-2019 20:34:59.184 [Method:confirm] version3.Calculator_v3:266 - textArea: '\n + 523'
[INFO ] 09-25-2019 20:34:59.184 [Method:confirm] version3.Calculator_v3:276 - no memories stored!
[INFO ] 09-25-2019 20:34:59.185 [Method:confirm] version3.Calculator_v3:278 - addBool: 'true'
[INFO ] 09-25-2019 20:34:59.185 [Method:confirm] version3.Calculator_v3:279 - subBool: 'false'
[INFO ] 09-25-2019 20:34:59.185 [Method:confirm] version3.Calculator_v3:280 - mulBool: 'false'
[INFO ] 09-25-2019 20:34:59.186 [Method:confirm] version3.Calculator_v3:281 - divBool: 'false'
[INFO ] 09-25-2019 20:34:59.186 [Method:confirm] version3.Calculator_v3:282 - valuesPosition: '1'
[INFO ] 09-25-2019 20:34:59.186 [Method:confirm] version3.Calculator_v3:283 - memoryPosition: '0'
[INFO ] 09-25-2019 20:34:59.186 [Method:confirm] version3.Calculator_v3:284 - firstNumBool: 'false'
[INFO ] 09-25-2019 20:34:59.186 [Method:confirm] version3.Calculator_v3:285 - dotButtonPressed: 'false'
[INFO ] 09-25-2019 20:34:59.187 [Method:confirm] version3.Calculator_v3:286 - isNegative: 'false'
[INFO ] 09-25-2019 20:34:59.187 [Method:confirm] version3.Calculator_v3:287 - calcType: 'BASIC'
[INFO ] 09-25-2019 20:34:59.187 [Method:confirm] version3.Calculator_v3:288 - -------- End Confirm Results --------

[INFO ] 09-25-2019 20:35:00.652 [Method:actionPerformed] version3.Calculator_v3:475 - NumberButtonHandler() started
[INFO ] 09-25-2019 20:35:00.653 [Method:actionPerformed] version3.Calculator_v3:476 - button: 1
[INFO ] 09-25-2019 20:35:00.653 [Method:actionPerformed] version3.Calculator_v3:548 - Resetting textArea
[INFO ] 09-25-2019 20:35:00.660 [Method:actionPerformed] version3.Calculator_v3:592 - textArea: '\n1'
[INFO ] 09-25-2019 20:35:00.660 [Method:actionPerformed] version3.Calculator_v3:593 - values[1]: '1'
[INFO ] 09-25-2019 20:35:00.661 [Method:actionPerformed] version3.Calculator_v3:599 - NumberButtonHandler() finished
[INFO ] 09-25-2019 20:35:00.661 [Method:confirm] version3.Calculator_v3:263 - Confirm Results: 
[INFO ] 09-25-2019 20:35:00.661 [Method:confirm] version3.Calculator_v3:264 - ---------------- 
[INFO ] 09-25-2019 20:35:00.661 [Method:confirm] version3.Calculator_v3:265 - textarea: '\n + 5231'
[INFO ] 09-25-2019 20:35:00.662 [Method:confirm] version3.Calculator_v3:266 - textArea: '\n1'
[INFO ] 09-25-2019 20:35:00.662 [Method:confirm] version3.Calculator_v3:276 - no memories stored!
[INFO ] 09-25-2019 20:35:00.662 [Method:confirm] version3.Calculator_v3:278 - addBool: 'true'
[INFO ] 09-25-2019 20:35:00.662 [Method:confirm] version3.Calculator_v3:279 - subBool: 'false'
[INFO ] 09-25-2019 20:35:00.663 [Method:confirm] version3.Calculator_v3:280 - mulBool: 'false'
[INFO ] 09-25-2019 20:35:00.663 [Method:confirm] version3.Calculator_v3:281 - divBool: 'false'
[INFO ] 09-25-2019 20:35:00.663 [Method:confirm] version3.Calculator_v3:282 - valuesPosition: '1'
[INFO ] 09-25-2019 20:35:00.664 [Method:confirm] version3.Calculator_v3:283 - memoryPosition: '0'
[INFO ] 09-25-2019 20:35:00.664 [Method:confirm] version3.Calculator_v3:284 - firstNumBool: 'true'
[INFO ] 09-25-2019 20:35:00.665 [Method:confirm] version3.Calculator_v3:285 - dotButtonPressed: 'false'
[INFO ] 09-25-2019 20:35:00.665 [Method:confirm] version3.Calculator_v3:286 - isNegative: 'false'
[INFO ] 09-25-2019 20:35:00.666 [Method:confirm] version3.Calculator_v3:287 - calcType: 'BASIC'
[INFO ] 09-25-2019 20:35:00.666 [Method:confirm] version3.Calculator_v3:288 - -------- End Confirm Results --------

[INFO ] 09-25-2019 20:35:01.656 [Method:actionPerformed] version3.StandardCalculator_v3:731 - EqualsButtonHandler class started
[INFO ] 09-25-2019 20:35:01.657 [Method:actionPerformed] version3.StandardCalculator_v3:732 - button: =
[INFO ] 09-25-2019 20:35:01.657 [Method:add] version3.StandardCalculator_v3:358 - value[0]: '523'
[INFO ] 09-25-2019 20:35:01.657 [Method:add] version3.StandardCalculator_v3:359 - value[1]: '1'
[INFO ] 09-25-2019 20:35:01.658 [Method:add] version3.StandardCalculator_v3:361 - 523 + 1 = 524.0
[INFO ] 09-25-2019 20:35:01.659 [Method:add] version3.StandardCalculator_v3:363 - addBool: true
[INFO ] 09-25-2019 20:35:01.659 [Method:add] version3.StandardCalculator_v3:364 - subBool: false
[INFO ] 09-25-2019 20:35:01.660 [Method:add] version3.StandardCalculator_v3:365 - mulBool: false
[INFO ] 09-25-2019 20:35:01.660 [Method:add] version3.StandardCalculator_v3:366 - divBool: false
[INFO ] 09-25-2019 20:35:01.660 [Method:add] version3.StandardCalculator_v3:368 - We have a whole number
[INFO ] 09-25-2019 20:35:01.666 [Method:resetOperator] version3.Calculator_v3:226 - operatorBool: true
[INFO ] 09-25-2019 20:35:01.667 [Method:resetOperator] version3.Calculator_v3:228 - temp[0]: '524'
[INFO ] 09-25-2019 20:35:01.667 [Method:confirm] version3.Calculator_v3:263 - Confirm Results: 
[INFO ] 09-25-2019 20:35:01.667 [Method:confirm] version3.Calculator_v3:264 - ---------------- 
[INFO ] 09-25-2019 20:35:01.668 [Method:confirm] version3.Calculator_v3:265 - textarea: '\n524'
[INFO ] 09-25-2019 20:35:01.668 [Method:confirm] version3.Calculator_v3:266 - textArea: '\n524'
[INFO ] 09-25-2019 20:35:01.668 [Method:confirm] version3.Calculator_v3:276 - no memories stored!
[INFO ] 09-25-2019 20:35:01.668 [Method:confirm] version3.Calculator_v3:278 - addBool: 'false'
[INFO ] 09-25-2019 20:35:01.668 [Method:confirm] version3.Calculator_v3:279 - subBool: 'false'
[INFO ] 09-25-2019 20:35:01.669 [Method:confirm] version3.Calculator_v3:280 - mulBool: 'false'
[INFO ] 09-25-2019 20:35:01.669 [Method:confirm] version3.Calculator_v3:281 - divBool: 'false'
[INFO ] 09-25-2019 20:35:01.670 [Method:confirm] version3.Calculator_v3:282 - valuesPosition: '0'
[INFO ] 09-25-2019 20:35:01.670 [Method:confirm] version3.Calculator_v3:283 - memoryPosition: '0'
[INFO ] 09-25-2019 20:35:01.670 [Method:confirm] version3.Calculator_v3:284 - firstNumBool: 'true'
[INFO ] 09-25-2019 20:35:01.671 [Method:confirm] version3.Calculator_v3:285 - dotButtonPressed: 'false'
[INFO ] 09-25-2019 20:35:01.671 [Method:confirm] version3.Calculator_v3:286 - isNegative: 'false'
[INFO ] 09-25-2019 20:35:01.671 [Method:confirm] version3.Calculator_v3:287 - calcType: 'BASIC'
[INFO ] 09-25-2019 20:35:01.671 [Method:confirm] version3.Calculator_v3:288 - -------- End Confirm Results --------

[INFO ] 09-25-2019 20:35:07.068 [Method:actionPerformed] version3.Calculator_v3:615 - ClearButtonHandler() started
[INFO ] 09-25-2019 20:35:07.069 [Method:actionPerformed] version3.Calculator_v3:616 - button: C
[INFO ] 09-25-2019 20:35:07.069 [Method:clear] version3.Calculator_v3:629 - Inside clear()
[INFO ] 09-25-2019 20:35:07.074 [Method:actionPerformed] version3.Calculator_v3:618 - ClearButtonHandler() finished
[INFO ] 09-25-2019 20:35:07.074 [Method:confirm] version3.Calculator_v3:263 - Confirm Results: 
[INFO ] 09-25-2019 20:35:07.075 [Method:confirm] version3.Calculator_v3:264 - ---------------- 
[INFO ] 09-25-2019 20:35:07.075 [Method:confirm] version3.Calculator_v3:265 - textarea: '\n5240'
[INFO ] 09-25-2019 20:35:07.075 [Method:confirm] version3.Calculator_v3:266 - textArea: '\n0'
[INFO ] 09-25-2019 20:35:07.075 [Method:confirm] version3.Calculator_v3:276 - no memories stored!
[INFO ] 09-25-2019 20:35:07.076 [Method:confirm] version3.Calculator_v3:278 - addBool: 'false'
[INFO ] 09-25-2019 20:35:07.076 [Method:confirm] version3.Calculator_v3:279 - subBool: 'false'
[INFO ] 09-25-2019 20:35:07.076 [Method:confirm] version3.Calculator_v3:280 - mulBool: 'false'
[INFO ] 09-25-2019 20:35:07.076 [Method:confirm] version3.Calculator_v3:281 - divBool: 'false'
[INFO ] 09-25-2019 20:35:07.076 [Method:confirm] version3.Calculator_v3:282 - valuesPosition: '0'
[INFO ] 09-25-2019 20:35:07.077 [Method:confirm] version3.Calculator_v3:283 - memoryPosition: '0'
[INFO ] 09-25-2019 20:35:07.077 [Method:confirm] version3.Calculator_v3:284 - firstNumBool: 'true'
[INFO ] 09-25-2019 20:35:07.077 [Method:confirm] version3.Calculator_v3:285 - dotButtonPressed: 'false'
[INFO ] 09-25-2019 20:35:07.077 [Method:confirm] version3.Calculator_v3:286 - isNegative: 'false'
[INFO ] 09-25-2019 20:35:07.077 [Method:confirm] version3.Calculator_v3:287 - calcType: 'BASIC'
[INFO ] 09-25-2019 20:35:07.078 [Method:confirm] version3.Calculator_v3:288 - -------- End Confirm Results --------

[INFO ] 09-25-2019 20:35:07.952 [Method:actionPerformed] version3.Calculator_v3:475 - NumberButtonHandler() started
[INFO ] 09-25-2019 20:35:07.953 [Method:actionPerformed] version3.Calculator_v3:476 - button: 5
[INFO ] 09-25-2019 20:35:07.953 [Method:isNegativeNumber] version3.Calculator_v3:407 - isNegativeNumber() == false
[INFO ] 09-25-2019 20:35:07.953 [Method:isPositiveNumber] version3.Calculator_v3:390 - isPositiveNumber() == true
[INFO ] 09-25-2019 20:35:07.954 [Method:actionPerformed] version3.Calculator_v3:501 - firstNumBool = true | positive number = true | dotButtonPressed = false
[INFO ] 09-25-2019 20:35:07.954 [Method:actionPerformed] version3.Calculator_v3:502 - before: 0
[INFO ] 09-25-2019 20:35:07.962 [Method:actionPerformed] version3.Calculator_v3:506 - textArea:'\n05'
[INFO ] 09-25-2019 20:35:07.962 [Method:actionPerformed] version3.Calculator_v3:507 - values[0]: '05'
[INFO ] 09-25-2019 20:35:07.963 [Method:actionPerformed] version3.Calculator_v3:599 - NumberButtonHandler() finished
[INFO ] 09-25-2019 20:35:07.963 [Method:confirm] version3.Calculator_v3:263 - Confirm Results: 
[INFO ] 09-25-2019 20:35:07.964 [Method:confirm] version3.Calculator_v3:264 - ---------------- 
[INFO ] 09-25-2019 20:35:07.964 [Method:confirm] version3.Calculator_v3:265 - textarea: '\n52400505'
[INFO ] 09-25-2019 20:35:07.965 [Method:confirm] version3.Calculator_v3:266 - textArea: '\n05'
[INFO ] 09-25-2019 20:35:07.965 [Method:confirm] version3.Calculator_v3:276 - no memories stored!
[INFO ] 09-25-2019 20:35:07.965 [Method:confirm] version3.Calculator_v3:278 - addBool: 'false'
[INFO ] 09-25-2019 20:35:07.965 [Method:confirm] version3.Calculator_v3:279 - subBool: 'false'
[INFO ] 09-25-2019 20:35:07.966 [Method:confirm] version3.Calculator_v3:280 - mulBool: 'false'
[INFO ] 09-25-2019 20:35:07.966 [Method:confirm] version3.Calculator_v3:281 - divBool: 'false'
[INFO ] 09-25-2019 20:35:07.966 [Method:confirm] version3.Calculator_v3:282 - valuesPosition: '0'
[INFO ] 09-25-2019 20:35:07.967 [Method:confirm] version3.Calculator_v3:283 - memoryPosition: '0'
[INFO ] 09-25-2019 20:35:07.967 [Method:confirm] version3.Calculator_v3:284 - firstNumBool: 'true'
[INFO ] 09-25-2019 20:35:07.967 [Method:confirm] version3.Calculator_v3:285 - dotButtonPressed: 'false'
[INFO ] 09-25-2019 20:35:07.967 [Method:confirm] version3.Calculator_v3:286 - isNegative: 'false'
[INFO ] 09-25-2019 20:35:07.967 [Method:confirm] version3.Calculator_v3:287 - calcType: 'BASIC'
[INFO ] 09-25-2019 20:35:07.967 [Method:confirm] version3.Calculator_v3:288 - -------- End Confirm Results --------

[INFO ] 09-25-2019 20:35:12.000 [Method:actionPerformed] version3.Calculator_v3:615 - ClearButtonHandler() started
[INFO ] 09-25-2019 20:35:12.001 [Method:actionPerformed] version3.Calculator_v3:616 - button: C
[INFO ] 09-25-2019 20:35:12.001 [Method:clear] version3.Calculator_v3:629 - Inside clear()
[INFO ] 09-25-2019 20:35:12.010 [Method:actionPerformed] version3.Calculator_v3:618 - ClearButtonHandler() finished
[INFO ] 09-25-2019 20:35:12.010 [Method:confirm] version3.Calculator_v3:263 - Confirm Results: 
[INFO ] 09-25-2019 20:35:12.011 [Method:confirm] version3.Calculator_v3:264 - ---------------- 
[INFO ] 09-25-2019 20:35:12.011 [Method:confirm] version3.Calculator_v3:265 - textarea: '\n524005050'
[INFO ] 09-25-2019 20:35:12.011 [Method:confirm] version3.Calculator_v3:266 - textArea: '\n0'
[INFO ] 09-25-2019 20:35:12.012 [Method:confirm] version3.Calculator_v3:276 - no memories stored!
[INFO ] 09-25-2019 20:35:12.012 [Method:confirm] version3.Calculator_v3:278 - addBool: 'false'
[INFO ] 09-25-2019 20:35:12.012 [Method:confirm] version3.Calculator_v3:279 - subBool: 'false'
[INFO ] 09-25-2019 20:35:12.013 [Method:confirm] version3.Calculator_v3:280 - mulBool: 'false'
[INFO ] 09-25-2019 20:35:12.013 [Method:confirm] version3.Calculator_v3:281 - divBool: 'false'
[INFO ] 09-25-2019 20:35:12.013 [Method:confirm] version3.Calculator_v3:282 - valuesPosition: '0'
[INFO ] 09-25-2019 20:35:12.014 [Method:confirm] version3.Calculator_v3:283 - memoryPosition: '0'
[INFO ] 09-25-2019 20:35:12.014 [Method:confirm] version3.Calculator_v3:284 - firstNumBool: 'true'
[INFO ] 09-25-2019 20:35:12.014 [Method:confirm] version3.Calculator_v3:285 - dotButtonPressed: 'false'
[INFO ] 09-25-2019 20:35:12.015 [Method:confirm] version3.Calculator_v3:286 - isNegative: 'false'
[INFO ] 09-25-2019 20:35:12.015 [Method:confirm] version3.Calculator_v3:287 - calcType: 'BASIC'
[INFO ] 09-25-2019 20:35:12.015 [Method:confirm] version3.Calculator_v3:288 - -------- End Confirm Results --------

[INFO ] 09-25-2019 20:35:21.487 [Method:actionPerformed] version3.Calculator_v3:475 - NumberButtonHandler() started
[INFO ] 09-25-2019 20:35:21.488 [Method:actionPerformed] version3.Calculator_v3:476 - button: 5
[INFO ] 09-25-2019 20:35:21.488 [Method:isNegativeNumber] version3.Calculator_v3:407 - isNegativeNumber() == false
[INFO ] 09-25-2019 20:35:21.489 [Method:isPositiveNumber] version3.Calculator_v3:390 - isPositiveNumber() == true
[INFO ] 09-25-2019 20:35:21.489 [Method:actionPerformed] version3.Calculator_v3:501 - firstNumBool = true | positive number = true | dotButtonPressed = false
[INFO ] 09-25-2019 20:35:21.489 [Method:actionPerformed] version3.Calculator_v3:502 - before: 0
[INFO ] 09-25-2019 20:35:21.496 [Method:actionPerformed] version3.Calculator_v3:506 - textArea:'\n05'
[INFO ] 09-25-2019 20:35:21.497 [Method:actionPerformed] version3.Calculator_v3:507 - values[0]: '05'
[INFO ] 09-25-2019 20:35:21.497 [Method:actionPerformed] version3.Calculator_v3:599 - NumberButtonHandler() finished
[INFO ] 09-25-2019 20:35:21.498 [Method:confirm] version3.Calculator_v3:263 - Confirm Results: 
[INFO ] 09-25-2019 20:35:21.498 [Method:confirm] version3.Calculator_v3:264 - ---------------- 
[INFO ] 09-25-2019 20:35:21.499 [Method:confirm] version3.Calculator_v3:265 - textarea: '\n5240050500505'
[INFO ] 09-25-2019 20:35:21.499 [Method:confirm] version3.Calculator_v3:266 - textArea: '\n05'
[INFO ] 09-25-2019 20:35:21.499 [Method:confirm] version3.Calculator_v3:276 - no memories stored!
[INFO ] 09-25-2019 20:35:21.499 [Method:confirm] version3.Calculator_v3:278 - addBool: 'false'
[INFO ] 09-25-2019 20:35:21.500 [Method:confirm] version3.Calculator_v3:279 - subBool: 'false'
[INFO ] 09-25-2019 20:35:21.500 [Method:confirm] version3.Calculator_v3:280 - mulBool: 'false'
[INFO ] 09-25-2019 20:35:21.500 [Method:confirm] version3.Calculator_v3:281 - divBool: 'false'
[INFO ] 09-25-2019 20:35:21.500 [Method:confirm] version3.Calculator_v3:282 - valuesPosition: '0'
[INFO ] 09-25-2019 20:35:21.500 [Method:confirm] version3.Calculator_v3:283 - memoryPosition: '0'
[INFO ] 09-25-2019 20:35:21.501 [Method:confirm] version3.Calculator_v3:284 - firstNumBool: 'true'
[INFO ] 09-25-2019 20:35:21.501 [Method:confirm] version3.Calculator_v3:285 - dotButtonPressed: 'false'
[INFO ] 09-25-2019 20:35:21.501 [Method:confirm] version3.Calculator_v3:286 - isNegative: 'false'
[INFO ] 09-25-2019 20:35:21.501 [Method:confirm] version3.Calculator_v3:287 - calcType: 'BASIC'
[INFO ] 09-25-2019 20:35:21.502 [Method:confirm] version3.Calculator_v3:288 - -------- End Confirm Results --------

[INFO ] 09-25-2019 20:35:22.417 [Method:actionPerformed] version3.StandardCalculator_v3:533 - AddButtonHandler started
[INFO ] 09-25-2019 20:35:22.418 [Method:actionPerformed] version3.StandardCalculator_v3:534 - button: +
[INFO ] 09-25-2019 20:35:22.431 [Method:actionPerformed] version3.StandardCalculator_v3:539 - textArea:  + 05
[INFO ] 09-25-2019 20:35:22.431 [Method:actionPerformed] version3.StandardCalculator_v3:540 - values[0] is 05 after addButton pushed
[INFO ] 09-25-2019 20:35:22.432 [Method:confirm] version3.Calculator_v3:263 - Confirm Results: 
[INFO ] 09-25-2019 20:35:22.432 [Method:confirm] version3.Calculator_v3:264 - ---------------- 
[INFO ] 09-25-2019 20:35:22.432 [Method:confirm] version3.Calculator_v3:265 - textarea: '\n + 05'
[INFO ] 09-25-2019 20:35:22.433 [Method:confirm] version3.Calculator_v3:266 - textArea: '\n + 05'
[INFO ] 09-25-2019 20:35:22.433 [Method:confirm] version3.Calculator_v3:276 - no memories stored!
[INFO ] 09-25-2019 20:35:22.433 [Method:confirm] version3.Calculator_v3:278 - addBool: 'true'
[INFO ] 09-25-2019 20:35:22.434 [Method:confirm] version3.Calculator_v3:279 - subBool: 'false'
[INFO ] 09-25-2019 20:35:22.434 [Method:confirm] version3.Calculator_v3:280 - mulBool: 'false'
[INFO ] 09-25-2019 20:35:22.434 [Method:confirm] version3.Calculator_v3:281 - divBool: 'false'
[INFO ] 09-25-2019 20:35:22.435 [Method:confirm] version3.Calculator_v3:282 - valuesPosition: '1'
[INFO ] 09-25-2019 20:35:22.435 [Method:confirm] version3.Calculator_v3:283 - memoryPosition: '0'
[INFO ] 09-25-2019 20:35:22.436 [Method:confirm] version3.Calculator_v3:284 - firstNumBool: 'false'
[INFO ] 09-25-2019 20:35:22.436 [Method:confirm] version3.Calculator_v3:285 - dotButtonPressed: 'false'
[INFO ] 09-25-2019 20:35:22.436 [Method:confirm] version3.Calculator_v3:286 - isNegative: 'false'
[INFO ] 09-25-2019 20:35:22.437 [Method:confirm] version3.Calculator_v3:287 - calcType: 'BASIC'
[INFO ] 09-25-2019 20:35:22.437 [Method:confirm] version3.Calculator_v3:288 - -------- End Confirm Results --------

[INFO ] 09-25-2019 20:35:22.437 [Method:actionPerformed] version3.StandardCalculator_v3:533 - AddButtonHandler started
[INFO ] 09-25-2019 20:35:22.438 [Method:actionPerformed] version3.StandardCalculator_v3:534 - button: +
[INFO ] 09-25-2019 20:35:22.438 [Method:actionPerformed] version3.StandardCalculator_v3:571 - already chose an operator. choose another number.
[INFO ] 09-25-2019 20:35:22.438 [Method:confirm] version3.Calculator_v3:263 - Confirm Results: 
[INFO ] 09-25-2019 20:35:22.438 [Method:confirm] version3.Calculator_v3:264 - ---------------- 
[INFO ] 09-25-2019 20:35:22.439 [Method:confirm] version3.Calculator_v3:265 - textarea: '\n + 05'
[INFO ] 09-25-2019 20:35:22.439 [Method:confirm] version3.Calculator_v3:266 - textArea: '\n + 05'
[INFO ] 09-25-2019 20:35:22.439 [Method:confirm] version3.Calculator_v3:276 - no memories stored!
[INFO ] 09-25-2019 20:35:22.440 [Method:confirm] version3.Calculator_v3:278 - addBool: 'true'
[INFO ] 09-25-2019 20:35:22.440 [Method:confirm] version3.Calculator_v3:279 - subBool: 'false'
[INFO ] 09-25-2019 20:35:22.440 [Method:confirm] version3.Calculator_v3:280 - mulBool: 'false'
[INFO ] 09-25-2019 20:35:22.440 [Method:confirm] version3.Calculator_v3:281 - divBool: 'false'
[INFO ] 09-25-2019 20:35:22.441 [Method:confirm] version3.Calculator_v3:282 - valuesPosition: '1'
[INFO ] 09-25-2019 20:35:22.441 [Method:confirm] version3.Calculator_v3:283 - memoryPosition: '0'
[INFO ] 09-25-2019 20:35:22.441 [Method:confirm] version3.Calculator_v3:284 - firstNumBool: 'false'
[INFO ] 09-25-2019 20:35:22.441 [Method:confirm] version3.Calculator_v3:285 - dotButtonPressed: 'false'
[INFO ] 09-25-2019 20:35:22.442 [Method:confirm] version3.Calculator_v3:286 - isNegative: 'false'
[INFO ] 09-25-2019 20:35:22.442 [Method:confirm] version3.Calculator_v3:287 - calcType: 'BASIC'
[INFO ] 09-25-2019 20:35:22.442 [Method:confirm] version3.Calculator_v3:288 - -------- End Confirm Results --------

[INFO ] 09-25-2019 20:35:23.263 [Method:actionPerformed] version3.Calculator_v3:475 - NumberButtonHandler() started
[INFO ] 09-25-2019 20:35:23.264 [Method:actionPerformed] version3.Calculator_v3:476 - button: 2
[INFO ] 09-25-2019 20:35:23.265 [Method:actionPerformed] version3.Calculator_v3:548 - Resetting textArea
[INFO ] 09-25-2019 20:35:23.280 [Method:actionPerformed] version3.Calculator_v3:592 - textArea: '\n2'
[INFO ] 09-25-2019 20:35:23.280 [Method:actionPerformed] version3.Calculator_v3:593 - values[1]: '2'
[INFO ] 09-25-2019 20:35:23.281 [Method:actionPerformed] version3.Calculator_v3:599 - NumberButtonHandler() finished
[INFO ] 09-25-2019 20:35:23.281 [Method:confirm] version3.Calculator_v3:263 - Confirm Results: 
[INFO ] 09-25-2019 20:35:23.281 [Method:confirm] version3.Calculator_v3:264 - ---------------- 
[INFO ] 09-25-2019 20:35:23.282 [Method:confirm] version3.Calculator_v3:265 - textarea: '\n + 052'
[INFO ] 09-25-2019 20:35:23.282 [Method:confirm] version3.Calculator_v3:266 - textArea: '\n2'
[INFO ] 09-25-2019 20:35:23.282 [Method:confirm] version3.Calculator_v3:276 - no memories stored!
[INFO ] 09-25-2019 20:35:23.282 [Method:confirm] version3.Calculator_v3:278 - addBool: 'true'
[INFO ] 09-25-2019 20:35:23.283 [Method:confirm] version3.Calculator_v3:279 - subBool: 'false'
[INFO ] 09-25-2019 20:35:23.283 [Method:confirm] version3.Calculator_v3:280 - mulBool: 'false'
[INFO ] 09-25-2019 20:35:23.284 [Method:confirm] version3.Calculator_v3:281 - divBool: 'false'
[INFO ] 09-25-2019 20:35:23.284 [Method:confirm] version3.Calculator_v3:282 - valuesPosition: '1'
[INFO ] 09-25-2019 20:35:23.285 [Method:confirm] version3.Calculator_v3:283 - memoryPosition: '0'
[INFO ] 09-25-2019 20:35:23.285 [Method:confirm] version3.Calculator_v3:284 - firstNumBool: 'true'
[INFO ] 09-25-2019 20:35:23.285 [Method:confirm] version3.Calculator_v3:285 - dotButtonPressed: 'false'
[INFO ] 09-25-2019 20:35:23.286 [Method:confirm] version3.Calculator_v3:286 - isNegative: 'false'
[INFO ] 09-25-2019 20:35:23.286 [Method:confirm] version3.Calculator_v3:287 - calcType: 'BASIC'
[INFO ] 09-25-2019 20:35:23.286 [Method:confirm] version3.Calculator_v3:288 - -------- End Confirm Results --------

[INFO ] 09-25-2019 20:35:24.221 [Method:actionPerformed] version3.StandardCalculator_v3:731 - EqualsButtonHandler class started
[INFO ] 09-25-2019 20:35:24.222 [Method:actionPerformed] version3.StandardCalculator_v3:732 - button: =
[INFO ] 09-25-2019 20:35:24.222 [Method:add] version3.StandardCalculator_v3:358 - value[0]: '05'
[INFO ] 09-25-2019 20:35:24.223 [Method:add] version3.StandardCalculator_v3:359 - value[1]: '2'
[INFO ] 09-25-2019 20:35:24.223 [Method:add] version3.StandardCalculator_v3:361 - 05 + 2 = 7.0
[INFO ] 09-25-2019 20:35:24.224 [Method:add] version3.StandardCalculator_v3:363 - addBool: true
[INFO ] 09-25-2019 20:35:24.224 [Method:add] version3.StandardCalculator_v3:364 - subBool: false
[INFO ] 09-25-2019 20:35:24.224 [Method:add] version3.StandardCalculator_v3:365 - mulBool: false
[INFO ] 09-25-2019 20:35:24.225 [Method:add] version3.StandardCalculator_v3:366 - divBool: false
[INFO ] 09-25-2019 20:35:24.225 [Method:add] version3.StandardCalculator_v3:368 - We have a whole number
[INFO ] 09-25-2019 20:35:24.232 [Method:resetOperator] version3.Calculator_v3:226 - operatorBool: true
[INFO ] 09-25-2019 20:35:24.233 [Method:resetOperator] version3.Calculator_v3:228 - temp[0]: '7'
[INFO ] 09-25-2019 20:35:24.233 [Method:confirm] version3.Calculator_v3:263 - Confirm Results: 
[INFO ] 09-25-2019 20:35:24.233 [Method:confirm] version3.Calculator_v3:264 - ---------------- 
[INFO ] 09-25-2019 20:35:24.233 [Method:confirm] version3.Calculator_v3:265 - textarea: '\n7'
[INFO ] 09-25-2019 20:35:24.234 [Method:confirm] version3.Calculator_v3:266 - textArea: '\n7'
[INFO ] 09-25-2019 20:35:24.234 [Method:confirm] version3.Calculator_v3:276 - no memories stored!
[INFO ] 09-25-2019 20:35:24.234 [Method:confirm] version3.Calculator_v3:278 - addBool: 'false'
[INFO ] 09-25-2019 20:35:24.234 [Method:confirm] version3.Calculator_v3:279 - subBool: 'false'
[INFO ] 09-25-2019 20:35:24.234 [Method:confirm] version3.Calculator_v3:280 - mulBool: 'false'
[INFO ] 09-25-2019 20:35:24.235 [Method:confirm] version3.Calculator_v3:281 - divBool: 'false'
[INFO ] 09-25-2019 20:35:24.235 [Method:confirm] version3.Calculator_v3:282 - valuesPosition: '0'
[INFO ] 09-25-2019 20:35:24.235 [Method:confirm] version3.Calculator_v3:283 - memoryPosition: '0'
[INFO ] 09-25-2019 20:35:24.235 [Method:confirm] version3.Calculator_v3:284 - firstNumBool: 'true'
[INFO ] 09-25-2019 20:35:24.235 [Method:confirm] version3.Calculator_v3:285 - dotButtonPressed: 'false'
[INFO ] 09-25-2019 20:35:24.235 [Method:confirm] version3.Calculator_v3:286 - isNegative: 'false'
[INFO ] 09-25-2019 20:35:24.236 [Method:confirm] version3.Calculator_v3:287 - calcType: 'BASIC'
[INFO ] 09-25-2019 20:35:24.236 [Method:confirm] version3.Calculator_v3:288 - -------- End Confirm Results --------

[INFO ] 09-25-2019 20:35:25.948 [Method:actionPerformed] version3.StandardCalculator_v3:533 - AddButtonHandler started
[INFO ] 09-25-2019 20:35:25.950 [Method:actionPerformed] version3.StandardCalculator_v3:534 - button: +
[INFO ] 09-25-2019 20:35:25.958 [Method:actionPerformed] version3.StandardCalculator_v3:539 - textArea:  + 7
[INFO ] 09-25-2019 20:35:25.958 [Method:actionPerformed] version3.StandardCalculator_v3:540 - values[0] is 7 after addButton pushed
[INFO ] 09-25-2019 20:35:25.959 [Method:confirm] version3.Calculator_v3:263 - Confirm Results: 
[INFO ] 09-25-2019 20:35:25.959 [Method:confirm] version3.Calculator_v3:264 - ---------------- 
[INFO ] 09-25-2019 20:35:25.959 [Method:confirm] version3.Calculator_v3:265 - textarea: '\n + 7'
[INFO ] 09-25-2019 20:35:25.960 [Method:confirm] version3.Calculator_v3:266 - textArea: '\n + 7'
[INFO ] 09-25-2019 20:35:25.960 [Method:confirm] version3.Calculator_v3:276 - no memories stored!
[INFO ] 09-25-2019 20:35:25.960 [Method:confirm] version3.Calculator_v3:278 - addBool: 'true'
[INFO ] 09-25-2019 20:35:25.960 [Method:confirm] version3.Calculator_v3:279 - subBool: 'false'
[INFO ] 09-25-2019 20:35:25.961 [Method:confirm] version3.Calculator_v3:280 - mulBool: 'false'
[INFO ] 09-25-2019 20:35:25.961 [Method:confirm] version3.Calculator_v3:281 - divBool: 'false'
[INFO ] 09-25-2019 20:35:25.961 [Method:confirm] version3.Calculator_v3:282 - valuesPosition: '1'
[INFO ] 09-25-2019 20:35:25.961 [Method:confirm] version3.Calculator_v3:283 - memoryPosition: '0'
[INFO ] 09-25-2019 20:35:25.961 [Method:confirm] version3.Calculator_v3:284 - firstNumBool: 'false'
[INFO ] 09-25-2019 20:35:25.961 [Method:confirm] version3.Calculator_v3:285 - dotButtonPressed: 'false'
[INFO ] 09-25-2019 20:35:25.962 [Method:confirm] version3.Calculator_v3:286 - isNegative: 'false'
[INFO ] 09-25-2019 20:35:25.962 [Method:confirm] version3.Calculator_v3:287 - calcType: 'BASIC'
[INFO ] 09-25-2019 20:35:25.962 [Method:confirm] version3.Calculator_v3:288 - -------- End Confirm Results --------

[INFO ] 09-25-2019 20:35:25.962 [Method:actionPerformed] version3.StandardCalculator_v3:533 - AddButtonHandler started
[INFO ] 09-25-2019 20:35:25.963 [Method:actionPerformed] version3.StandardCalculator_v3:534 - button: +
[INFO ] 09-25-2019 20:35:25.963 [Method:actionPerformed] version3.StandardCalculator_v3:571 - already chose an operator. choose another number.
[INFO ] 09-25-2019 20:35:25.963 [Method:confirm] version3.Calculator_v3:263 - Confirm Results: 
[INFO ] 09-25-2019 20:35:25.963 [Method:confirm] version3.Calculator_v3:264 - ---------------- 
[INFO ] 09-25-2019 20:35:25.963 [Method:confirm] version3.Calculator_v3:265 - textarea: '\n + 7'
[INFO ] 09-25-2019 20:35:25.964 [Method:confirm] version3.Calculator_v3:266 - textArea: '\n + 7'
[INFO ] 09-25-2019 20:35:25.964 [Method:confirm] version3.Calculator_v3:276 - no memories stored!
[INFO ] 09-25-2019 20:35:25.964 [Method:confirm] version3.Calculator_v3:278 - addBool: 'true'
[INFO ] 09-25-2019 20:35:25.964 [Method:confirm] version3.Calculator_v3:279 - subBool: 'false'
[INFO ] 09-25-2019 20:35:25.964 [Method:confirm] version3.Calculator_v3:280 - mulBool: 'false'
[INFO ] 09-25-2019 20:35:25.964 [Method:confirm] version3.Calculator_v3:281 - divBool: 'false'
[INFO ] 09-25-2019 20:35:25.964 [Method:confirm] version3.Calculator_v3:282 - valuesPosition: '1'
[INFO ] 09-25-2019 20:35:25.965 [Method:confirm] version3.Calculator_v3:283 - memoryPosition: '0'
[INFO ] 09-25-2019 20:35:25.965 [Method:confirm] version3.Calculator_v3:284 - firstNumBool: 'false'
[INFO ] 09-25-2019 20:35:25.965 [Method:confirm] version3.Calculator_v3:285 - dotButtonPressed: 'false'
[INFO ] 09-25-2019 20:35:25.965 [Method:confirm] version3.Calculator_v3:286 - isNegative: 'false'
[INFO ] 09-25-2019 20:35:25.965 [Method:confirm] version3.Calculator_v3:287 - calcType: 'BASIC'
[INFO ] 09-25-2019 20:35:25.965 [Method:confirm] version3.Calculator_v3:288 - -------- End Confirm Results --------

[INFO ] 09-25-2019 20:35:26.805 [Method:actionPerformed] version3.Calculator_v3:475 - NumberButtonHandler() started
[INFO ] 09-25-2019 20:35:26.806 [Method:actionPerformed] version3.Calculator_v3:476 - button: 9
[INFO ] 09-25-2019 20:35:26.806 [Method:actionPerformed] version3.Calculator_v3:548 - Resetting textArea
[INFO ] 09-25-2019 20:35:26.813 [Method:actionPerformed] version3.Calculator_v3:592 - textArea: '\n9'
[INFO ] 09-25-2019 20:35:26.814 [Method:actionPerformed] version3.Calculator_v3:593 - values[1]: '9'
[INFO ] 09-25-2019 20:35:26.814 [Method:actionPerformed] version3.Calculator_v3:599 - NumberButtonHandler() finished
[INFO ] 09-25-2019 20:35:26.815 [Method:confirm] version3.Calculator_v3:263 - Confirm Results: 
[INFO ] 09-25-2019 20:35:26.815 [Method:confirm] version3.Calculator_v3:264 - ---------------- 
[INFO ] 09-25-2019 20:35:26.816 [Method:confirm] version3.Calculator_v3:265 - textarea: '\n + 79'
[INFO ] 09-25-2019 20:35:26.816 [Method:confirm] version3.Calculator_v3:266 - textArea: '\n9'
[INFO ] 09-25-2019 20:35:26.816 [Method:confirm] version3.Calculator_v3:276 - no memories stored!
[INFO ] 09-25-2019 20:35:26.816 [Method:confirm] version3.Calculator_v3:278 - addBool: 'true'
[INFO ] 09-25-2019 20:35:26.817 [Method:confirm] version3.Calculator_v3:279 - subBool: 'false'
[INFO ] 09-25-2019 20:35:26.817 [Method:confirm] version3.Calculator_v3:280 - mulBool: 'false'
[INFO ] 09-25-2019 20:35:26.817 [Method:confirm] version3.Calculator_v3:281 - divBool: 'false'
[INFO ] 09-25-2019 20:35:26.817 [Method:confirm] version3.Calculator_v3:282 - valuesPosition: '1'
[INFO ] 09-25-2019 20:35:26.817 [Method:confirm] version3.Calculator_v3:283 - memoryPosition: '0'
[INFO ] 09-25-2019 20:35:26.818 [Method:confirm] version3.Calculator_v3:284 - firstNumBool: 'true'
[INFO ] 09-25-2019 20:35:26.818 [Method:confirm] version3.Calculator_v3:285 - dotButtonPressed: 'false'
[INFO ] 09-25-2019 20:35:26.818 [Method:confirm] version3.Calculator_v3:286 - isNegative: 'false'
[INFO ] 09-25-2019 20:35:26.818 [Method:confirm] version3.Calculator_v3:287 - calcType: 'BASIC'
[INFO ] 09-25-2019 20:35:26.819 [Method:confirm] version3.Calculator_v3:288 - -------- End Confirm Results --------

[INFO ] 09-25-2019 20:35:27.565 [Method:actionPerformed] version3.StandardCalculator_v3:731 - EqualsButtonHandler class started
[INFO ] 09-25-2019 20:35:27.565 [Method:actionPerformed] version3.StandardCalculator_v3:732 - button: =
[INFO ] 09-25-2019 20:35:27.566 [Method:add] version3.StandardCalculator_v3:358 - value[0]: '7'
[INFO ] 09-25-2019 20:35:27.567 [Method:add] version3.StandardCalculator_v3:359 - value[1]: '9'
[INFO ] 09-25-2019 20:35:27.567 [Method:add] version3.StandardCalculator_v3:361 - 7 + 9 = 16.0
[INFO ] 09-25-2019 20:35:27.567 [Method:add] version3.StandardCalculator_v3:363 - addBool: true
[INFO ] 09-25-2019 20:35:27.568 [Method:add] version3.StandardCalculator_v3:364 - subBool: false
[INFO ] 09-25-2019 20:35:27.568 [Method:add] version3.StandardCalculator_v3:365 - mulBool: false
[INFO ] 09-25-2019 20:35:27.568 [Method:add] version3.StandardCalculator_v3:366 - divBool: false
[INFO ] 09-25-2019 20:35:27.568 [Method:add] version3.StandardCalculator_v3:368 - We have a whole number
[INFO ] 09-25-2019 20:35:27.575 [Method:resetOperator] version3.Calculator_v3:226 - operatorBool: true
[INFO ] 09-25-2019 20:35:27.575 [Method:resetOperator] version3.Calculator_v3:228 - temp[0]: '16'
[INFO ] 09-25-2019 20:35:27.576 [Method:confirm] version3.Calculator_v3:263 - Confirm Results: 
[INFO ] 09-25-2019 20:35:27.576 [Method:confirm] version3.Calculator_v3:264 - ---------------- 
[INFO ] 09-25-2019 20:35:27.576 [Method:confirm] version3.Calculator_v3:265 - textarea: '\n16'
[INFO ] 09-25-2019 20:35:27.576 [Method:confirm] version3.Calculator_v3:266 - textArea: '\n16'
[INFO ] 09-25-2019 20:35:27.576 [Method:confirm] version3.Calculator_v3:276 - no memories stored!
[INFO ] 09-25-2019 20:35:27.577 [Method:confirm] version3.Calculator_v3:278 - addBool: 'false'
[INFO ] 09-25-2019 20:35:27.577 [Method:confirm] version3.Calculator_v3:279 - subBool: 'false'
[INFO ] 09-25-2019 20:35:27.577 [Method:confirm] version3.Calculator_v3:280 - mulBool: 'false'
[INFO ] 09-25-2019 20:35:27.577 [Method:confirm] version3.Calculator_v3:281 - divBool: 'false'
[INFO ] 09-25-2019 20:35:27.577 [Method:confirm] version3.Calculator_v3:282 - valuesPosition: '0'
[INFO ] 09-25-2019 20:35:27.577 [Method:confirm] version3.Calculator_v3:283 - memoryPosition: '0'
[INFO ] 09-25-2019 20:35:27.578 [Method:confirm] version3.Calculator_v3:284 - firstNumBool: 'true'
[INFO ] 09-25-2019 20:35:27.578 [Method:confirm] version3.Calculator_v3:285 - dotButtonPressed: 'false'
[INFO ] 09-25-2019 20:35:27.578 [Method:confirm] version3.Calculator_v3:286 - isNegative: 'false'
[INFO ] 09-25-2019 20:35:27.578 [Method:confirm] version3.Calculator_v3:287 - calcType: 'BASIC'
[INFO ] 09-25-2019 20:35:27.578 [Method:confirm] version3.Calculator_v3:288 - -------- End Confirm Results --------

[INFO ] 09-25-2019 20:35:30.528 [Method:actionPerformed] version3.Calculator_v3:615 - ClearButtonHandler() started
[INFO ] 09-25-2019 20:35:30.529 [Method:actionPerformed] version3.Calculator_v3:616 - button: C
[INFO ] 09-25-2019 20:35:30.530 [Method:clear] version3.Calculator_v3:629 - Inside clear()
[INFO ] 09-25-2019 20:35:30.536 [Method:actionPerformed] version3.Calculator_v3:618 - ClearButtonHandler() finished
[INFO ] 09-25-2019 20:35:30.537 [Method:confirm] version3.Calculator_v3:263 - Confirm Results: 
[INFO ] 09-25-2019 20:35:30.537 [Method:confirm] version3.Calculator_v3:264 - ---------------- 
[INFO ] 09-25-2019 20:35:30.537 [Method:confirm] version3.Calculator_v3:265 - textarea: '\n160'
[INFO ] 09-25-2019 20:35:30.537 [Method:confirm] version3.Calculator_v3:266 - textArea: '\n0'
[INFO ] 09-25-2019 20:35:30.538 [Method:confirm] version3.Calculator_v3:276 - no memories stored!
[INFO ] 09-25-2019 20:35:30.538 [Method:confirm] version3.Calculator_v3:278 - addBool: 'false'
[INFO ] 09-25-2019 20:35:30.538 [Method:confirm] version3.Calculator_v3:279 - subBool: 'false'
[INFO ] 09-25-2019 20:35:30.538 [Method:confirm] version3.Calculator_v3:280 - mulBool: 'false'
[INFO ] 09-25-2019 20:35:30.538 [Method:confirm] version3.Calculator_v3:281 - divBool: 'false'
[INFO ] 09-25-2019 20:35:30.538 [Method:confirm] version3.Calculator_v3:282 - valuesPosition: '0'
[INFO ] 09-25-2019 20:35:30.539 [Method:confirm] version3.Calculator_v3:283 - memoryPosition: '0'
[INFO ] 09-25-2019 20:35:30.539 [Method:confirm] version3.Calculator_v3:284 - firstNumBool: 'true'
[INFO ] 09-25-2019 20:35:30.539 [Method:confirm] version3.Calculator_v3:285 - dotButtonPressed: 'false'
[INFO ] 09-25-2019 20:35:30.539 [Method:confirm] version3.Calculator_v3:286 - isNegative: 'false'
[INFO ] 09-25-2019 20:35:30.539 [Method:confirm] version3.Calculator_v3:287 - calcType: 'BASIC'
[INFO ] 09-25-2019 20:35:30.539 [Method:confirm] version3.Calculator_v3:288 - -------- End Confirm Results --------

[INFO ] 09-25-2019 20:39:41.183 [Method:main] version3.CalculatorMain_v3:18 - Starting class CalculatorMain_v3
[INFO ] 09-25-2019 20:39:41.918 [Method:setupButtonsAndSuch] version3.Calculator_v3:123 - Inside setupButtonsAndSuch()
[INFO ] 09-25-2019 20:39:41.920 [Method:setupButtonsAndSuch] version3.Calculator_v3:124 - preparing buttons
[INFO ] 09-25-2019 20:39:41.923 [Method:setupButtonsAndSuch] version3.Calculator_v3:213 - Finished. Leaving setupButtonsAndSuch()
[INFO ] 09-25-2019 20:39:41.949 [Method:setupPanel_v3] version3.JPanelBasic_v3:84 - Starting setupPanel_v3
[INFO ] 09-25-2019 20:39:41.953 [Method:setupPanel_v3] version3.JPanelBasic_v3:173 - End setupPanel_v3()
[INFO ] 09-25-2019 20:39:41.956 [Method:addComponentsToPanel_v3] version3.JPanelBasic_v3:179 - Starting addComponentsToPanel_v3
[INFO ] 09-25-2019 20:39:41.961 [Method:addComponentsToPanel_v3] version3.JPanelBasic_v3:268 - Finished addComponentsToPanel_v3
[INFO ] 09-25-2019 20:39:44.728 [Method:setupMenuBar] version3.StandardCalculator_v3:132 - Inside setupMenuBar()
[INFO ] 09-25-2019 20:39:44.785 [Method:setupMenuBar] version3.StandardCalculator_v3:314 - Finished. Leaving setupMenuBar()
[INFO ] 09-25-2019 20:39:44.786 [Method:createImageIcon] version3.Calculator_v3:923 - Inside createImageIcon()
[INFO ] 09-25-2019 20:39:44.786 [Method:createImageIcon] version3.Calculator_v3:927 - the path 'src/main/resources/images/calculatorOriginalCopy.jpg' created an image! the imageicon is being returned...
[INFO ] 09-25-2019 20:39:44.787 [Method:createImageIcon] version3.Calculator_v3:928 - End createImageIcon()
[INFO ] 09-25-2019 20:39:44.903 [Method:createImageIcon] version3.Calculator_v3:923 - Inside createImageIcon()
[INFO ] 09-25-2019 20:39:44.904 [Method:createImageIcon] version3.Calculator_v3:927 - the path 'src/main/resources/images/calculatorOriginal.jpg' created an image! the imageicon is being returned...
[INFO ] 09-25-2019 20:39:44.904 [Method:createImageIcon] version3.Calculator_v3:928 - End createImageIcon()
[INFO ] 09-25-2019 20:39:44.916 [Method:createImageIcon] version3.Calculator_v3:923 - Inside createImageIcon()
[INFO ] 09-25-2019 20:39:44.918 [Method:createImageIcon] version3.Calculator_v3:927 - the path 'src/main/resources/images/maclogo.png' created an image! the imageicon is being returned...
[INFO ] 09-25-2019 20:39:44.919 [Method:createImageIcon] version3.Calculator_v3:928 - End createImageIcon()
[INFO ] 09-25-2019 20:39:44.964 [Method:initLookAndFeel] version3.CalculatorMain_v3:56 - Setting the look and feel to : javax.swing.plaf.metal.MetalLookAndFeel
[INFO ] 09-25-2019 20:39:45.194 [Method:confirm] version3.Calculator_v3:263 - Confirm Results: 
[INFO ] 09-25-2019 20:39:45.207 [Method:confirm] version3.Calculator_v3:264 - ---------------- 
[INFO ] 09-25-2019 20:39:45.214 [Method:confirm] version3.Calculator_v3:265 - textarea: '\n'
[INFO ] 09-25-2019 20:39:45.218 [Method:confirm] version3.Calculator_v3:266 - textArea: '\n'
[INFO ] 09-25-2019 20:39:45.219 [Method:confirm] version3.Calculator_v3:276 - no memories stored!
[INFO ] 09-25-2019 20:39:45.220 [Method:confirm] version3.Calculator_v3:278 - addBool: 'false'
[INFO ] 09-25-2019 20:39:45.221 [Method:confirm] version3.Calculator_v3:279 - subBool: 'false'
[INFO ] 09-25-2019 20:39:45.222 [Method:confirm] version3.Calculator_v3:280 - mulBool: 'false'
[INFO ] 09-25-2019 20:39:45.227 [Method:confirm] version3.Calculator_v3:281 - divBool: 'false'
[INFO ] 09-25-2019 20:39:45.228 [Method:confirm] version3.Calculator_v3:282 - valuesPosition: '0'
[INFO ] 09-25-2019 20:39:45.229 [Method:confirm] version3.Calculator_v3:283 - memoryPosition: '0'
[INFO ] 09-25-2019 20:39:45.230 [Method:confirm] version3.Calculator_v3:284 - firstNumBool: 'true'
[INFO ] 09-25-2019 20:39:45.231 [Method:confirm] version3.Calculator_v3:285 - dotButtonPressed: 'false'
[INFO ] 09-25-2019 20:39:45.232 [Method:confirm] version3.Calculator_v3:286 - isNegative: 'false'
[INFO ] 09-25-2019 20:39:45.233 [Method:confirm] version3.Calculator_v3:287 - calcType: 'BASIC'
[INFO ] 09-25-2019 20:39:45.234 [Method:confirm] version3.Calculator_v3:288 - -------- End Confirm Results --------

[INFO ] 09-25-2019 20:39:45.242 [Method:main] version3.CalculatorMain_v3:31 - End main()

[INFO ] 09-25-2019 20:39:47.928 [Method:actionPerformed] version3.Calculator_v3:475 - NumberButtonHandler() started
[INFO ] 09-25-2019 20:39:47.931 [Method:actionPerformed] version3.Calculator_v3:476 - button: 5
[INFO ] 09-25-2019 20:39:47.932 [Method:isNegativeNumber] version3.Calculator_v3:407 - isNegativeNumber() == false
[INFO ] 09-25-2019 20:39:47.933 [Method:isPositiveNumber] version3.Calculator_v3:390 - isPositiveNumber() == true
[INFO ] 09-25-2019 20:39:47.934 [Method:actionPerformed] version3.Calculator_v3:501 - firstNumBool = true | positive number = true | dotButtonPressed = false
[INFO ] 09-25-2019 20:39:47.934 [Method:actionPerformed] version3.Calculator_v3:502 - before: 
[INFO ] 09-25-2019 20:39:47.983 [Method:actionPerformed] version3.Calculator_v3:506 - textArea:'\n5'
[INFO ] 09-25-2019 20:39:47.983 [Method:actionPerformed] version3.Calculator_v3:507 - values[0]: '5'
[INFO ] 09-25-2019 20:39:47.985 [Method:actionPerformed] version3.Calculator_v3:599 - NumberButtonHandler() finished
[INFO ] 09-25-2019 20:39:47.985 [Method:confirm] version3.Calculator_v3:263 - Confirm Results: 
[INFO ] 09-25-2019 20:39:47.986 [Method:confirm] version3.Calculator_v3:264 - ---------------- 
[INFO ] 09-25-2019 20:39:47.987 [Method:confirm] version3.Calculator_v3:265 - textarea: '\n55'
[INFO ] 09-25-2019 20:39:47.988 [Method:confirm] version3.Calculator_v3:266 - textArea: '\n5'
[INFO ] 09-25-2019 20:39:47.989 [Method:confirm] version3.Calculator_v3:276 - no memories stored!
[INFO ] 09-25-2019 20:39:47.989 [Method:confirm] version3.Calculator_v3:278 - addBool: 'false'
[INFO ] 09-25-2019 20:39:47.990 [Method:confirm] version3.Calculator_v3:279 - subBool: 'false'
[INFO ] 09-25-2019 20:39:47.990 [Method:confirm] version3.Calculator_v3:280 - mulBool: 'false'
[INFO ] 09-25-2019 20:39:47.991 [Method:confirm] version3.Calculator_v3:281 - divBool: 'false'
[INFO ] 09-25-2019 20:39:47.991 [Method:confirm] version3.Calculator_v3:282 - valuesPosition: '0'
[INFO ] 09-25-2019 20:39:47.992 [Method:confirm] version3.Calculator_v3:283 - memoryPosition: '0'
[INFO ] 09-25-2019 20:39:47.992 [Method:confirm] version3.Calculator_v3:284 - firstNumBool: 'true'
[INFO ] 09-25-2019 20:39:47.993 [Method:confirm] version3.Calculator_v3:285 - dotButtonPressed: 'false'
[INFO ] 09-25-2019 20:39:47.993 [Method:confirm] version3.Calculator_v3:286 - isNegative: 'false'
[INFO ] 09-25-2019 20:39:47.993 [Method:confirm] version3.Calculator_v3:287 - calcType: 'BASIC'
[INFO ] 09-25-2019 20:39:47.994 [Method:confirm] version3.Calculator_v3:288 - -------- End Confirm Results --------

[INFO ] 09-25-2019 20:39:48.857 [Method:actionPerformed] version3.Calculator_v3:615 - ClearButtonHandler() started
[INFO ] 09-25-2019 20:39:48.858 [Method:actionPerformed] version3.Calculator_v3:616 - button: C
[INFO ] 09-25-2019 20:39:48.859 [Method:clear] version3.Calculator_v3:629 - Inside clear()
[INFO ] 09-25-2019 20:39:48.867 [Method:actionPerformed] version3.Calculator_v3:618 - ClearButtonHandler() finished
[INFO ] 09-25-2019 20:39:48.867 [Method:confirm] version3.Calculator_v3:263 - Confirm Results: 
[INFO ] 09-25-2019 20:39:48.868 [Method:confirm] version3.Calculator_v3:264 - ---------------- 
[INFO ] 09-25-2019 20:39:48.869 [Method:confirm] version3.Calculator_v3:265 - textarea: '\n550'
[INFO ] 09-25-2019 20:39:48.869 [Method:confirm] version3.Calculator_v3:266 - textArea: '\n0'
[INFO ] 09-25-2019 20:39:48.870 [Method:confirm] version3.Calculator_v3:276 - no memories stored!
[INFO ] 09-25-2019 20:39:48.870 [Method:confirm] version3.Calculator_v3:278 - addBool: 'false'
[INFO ] 09-25-2019 20:39:48.871 [Method:confirm] version3.Calculator_v3:279 - subBool: 'false'
[INFO ] 09-25-2019 20:39:48.871 [Method:confirm] version3.Calculator_v3:280 - mulBool: 'false'
[INFO ] 09-25-2019 20:39:48.872 [Method:confirm] version3.Calculator_v3:281 - divBool: 'false'
[INFO ] 09-25-2019 20:39:48.872 [Method:confirm] version3.Calculator_v3:282 - valuesPosition: '0'
[INFO ] 09-25-2019 20:39:48.873 [Method:confirm] version3.Calculator_v3:283 - memoryPosition: '0'
[INFO ] 09-25-2019 20:39:48.873 [Method:confirm] version3.Calculator_v3:284 - firstNumBool: 'true'
[INFO ] 09-25-2019 20:39:48.874 [Method:confirm] version3.Calculator_v3:285 - dotButtonPressed: 'false'
[INFO ] 09-25-2019 20:39:48.874 [Method:confirm] version3.Calculator_v3:286 - isNegative: 'false'
[INFO ] 09-25-2019 20:39:48.875 [Method:confirm] version3.Calculator_v3:287 - calcType: 'BASIC'
[INFO ] 09-25-2019 20:39:48.875 [Method:confirm] version3.Calculator_v3:288 - -------- End Confirm Results --------

[INFO ] 09-25-2019 20:39:49.936 [Method:actionPerformed] version3.Calculator_v3:475 - NumberButtonHandler() started
[INFO ] 09-25-2019 20:39:49.937 [Method:actionPerformed] version3.Calculator_v3:476 - button: 6
[INFO ] 09-25-2019 20:39:49.941 [Method:isNegativeNumber] version3.Calculator_v3:407 - isNegativeNumber() == false
[INFO ] 09-25-2019 20:39:49.941 [Method:isPositiveNumber] version3.Calculator_v3:390 - isPositiveNumber() == true
[INFO ] 09-25-2019 20:39:49.942 [Method:actionPerformed] version3.Calculator_v3:501 - firstNumBool = true | positive number = true | dotButtonPressed = false
[INFO ] 09-25-2019 20:39:49.943 [Method:actionPerformed] version3.Calculator_v3:502 - before: 
[INFO ] 09-25-2019 20:39:49.948 [Method:actionPerformed] version3.Calculator_v3:506 - textArea:'\n6'
[INFO ] 09-25-2019 20:39:49.948 [Method:actionPerformed] version3.Calculator_v3:507 - values[0]: '6'
[INFO ] 09-25-2019 20:39:49.949 [Method:actionPerformed] version3.Calculator_v3:599 - NumberButtonHandler() finished
[INFO ] 09-25-2019 20:39:49.949 [Method:confirm] version3.Calculator_v3:263 - Confirm Results: 
[INFO ] 09-25-2019 20:39:49.950 [Method:confirm] version3.Calculator_v3:264 - ---------------- 
[INFO ] 09-25-2019 20:39:49.950 [Method:confirm] version3.Calculator_v3:265 - textarea: '\n55066'
[INFO ] 09-25-2019 20:39:49.951 [Method:confirm] version3.Calculator_v3:266 - textArea: '\n6'
[INFO ] 09-25-2019 20:39:49.952 [Method:confirm] version3.Calculator_v3:276 - no memories stored!
[INFO ] 09-25-2019 20:39:49.952 [Method:confirm] version3.Calculator_v3:278 - addBool: 'false'
[INFO ] 09-25-2019 20:39:49.953 [Method:confirm] version3.Calculator_v3:279 - subBool: 'false'
[INFO ] 09-25-2019 20:39:49.953 [Method:confirm] version3.Calculator_v3:280 - mulBool: 'false'
[INFO ] 09-25-2019 20:39:49.953 [Method:confirm] version3.Calculator_v3:281 - divBool: 'false'
[INFO ] 09-25-2019 20:39:49.954 [Method:confirm] version3.Calculator_v3:282 - valuesPosition: '0'
[INFO ] 09-25-2019 20:39:49.954 [Method:confirm] version3.Calculator_v3:283 - memoryPosition: '0'
[INFO ] 09-25-2019 20:39:49.954 [Method:confirm] version3.Calculator_v3:284 - firstNumBool: 'true'
[INFO ] 09-25-2019 20:39:49.955 [Method:confirm] version3.Calculator_v3:285 - dotButtonPressed: 'false'
[INFO ] 09-25-2019 20:39:49.955 [Method:confirm] version3.Calculator_v3:286 - isNegative: 'false'
[INFO ] 09-25-2019 20:39:49.956 [Method:confirm] version3.Calculator_v3:287 - calcType: 'BASIC'
[INFO ] 09-25-2019 20:39:49.956 [Method:confirm] version3.Calculator_v3:288 - -------- End Confirm Results --------

[INFO ] 09-25-2019 20:39:51.040 [Method:actionPerformed] version3.StandardCalculator_v3:533 - AddButtonHandler started
[INFO ] 09-25-2019 20:39:51.041 [Method:actionPerformed] version3.StandardCalculator_v3:534 - button: +
[INFO ] 09-25-2019 20:39:51.054 [Method:actionPerformed] version3.StandardCalculator_v3:539 - textArea:  + 6
[INFO ] 09-25-2019 20:39:51.055 [Method:actionPerformed] version3.StandardCalculator_v3:540 - values[0] is 6 after addButton pushed
[INFO ] 09-25-2019 20:39:51.055 [Method:confirm] version3.Calculator_v3:263 - Confirm Results: 
[INFO ] 09-25-2019 20:39:51.055 [Method:confirm] version3.Calculator_v3:264 - ---------------- 
[INFO ] 09-25-2019 20:39:51.056 [Method:confirm] version3.Calculator_v3:265 - textarea: '\n + 6'
[INFO ] 09-25-2019 20:39:51.056 [Method:confirm] version3.Calculator_v3:266 - textArea: '\n + 6'
[INFO ] 09-25-2019 20:39:51.056 [Method:confirm] version3.Calculator_v3:276 - no memories stored!
[INFO ] 09-25-2019 20:39:51.057 [Method:confirm] version3.Calculator_v3:278 - addBool: 'true'
[INFO ] 09-25-2019 20:39:51.057 [Method:confirm] version3.Calculator_v3:279 - subBool: 'false'
[INFO ] 09-25-2019 20:39:51.057 [Method:confirm] version3.Calculator_v3:280 - mulBool: 'false'
[INFO ] 09-25-2019 20:39:51.058 [Method:confirm] version3.Calculator_v3:281 - divBool: 'false'
[INFO ] 09-25-2019 20:39:51.058 [Method:confirm] version3.Calculator_v3:282 - valuesPosition: '1'
[INFO ] 09-25-2019 20:39:51.059 [Method:confirm] version3.Calculator_v3:283 - memoryPosition: '0'
[INFO ] 09-25-2019 20:39:51.059 [Method:confirm] version3.Calculator_v3:284 - firstNumBool: 'false'
[INFO ] 09-25-2019 20:39:51.059 [Method:confirm] version3.Calculator_v3:285 - dotButtonPressed: 'false'
[INFO ] 09-25-2019 20:39:51.060 [Method:confirm] version3.Calculator_v3:286 - isNegative: 'false'
[INFO ] 09-25-2019 20:39:51.060 [Method:confirm] version3.Calculator_v3:287 - calcType: 'BASIC'
[INFO ] 09-25-2019 20:39:51.060 [Method:confirm] version3.Calculator_v3:288 - -------- End Confirm Results --------

[INFO ] 09-25-2019 20:39:51.061 [Method:actionPerformed] version3.StandardCalculator_v3:533 - AddButtonHandler started
[INFO ] 09-25-2019 20:39:51.061 [Method:actionPerformed] version3.StandardCalculator_v3:534 - button: +
[INFO ] 09-25-2019 20:39:51.061 [Method:actionPerformed] version3.StandardCalculator_v3:571 - already chose an operator. choose another number.
[INFO ] 09-25-2019 20:39:51.062 [Method:confirm] version3.Calculator_v3:263 - Confirm Results: 
[INFO ] 09-25-2019 20:39:51.062 [Method:confirm] version3.Calculator_v3:264 - ---------------- 
[INFO ] 09-25-2019 20:39:51.062 [Method:confirm] version3.Calculator_v3:265 - textarea: '\n + 6'
[INFO ] 09-25-2019 20:39:51.063 [Method:confirm] version3.Calculator_v3:266 - textArea: '\n + 6'
[INFO ] 09-25-2019 20:39:51.063 [Method:confirm] version3.Calculator_v3:276 - no memories stored!
[INFO ] 09-25-2019 20:39:51.063 [Method:confirm] version3.Calculator_v3:278 - addBool: 'true'
[INFO ] 09-25-2019 20:39:51.064 [Method:confirm] version3.Calculator_v3:279 - subBool: 'false'
[INFO ] 09-25-2019 20:39:51.064 [Method:confirm] version3.Calculator_v3:280 - mulBool: 'false'
[INFO ] 09-25-2019 20:39:51.064 [Method:confirm] version3.Calculator_v3:281 - divBool: 'false'
[INFO ] 09-25-2019 20:39:51.065 [Method:confirm] version3.Calculator_v3:282 - valuesPosition: '1'
[INFO ] 09-25-2019 20:39:51.065 [Method:confirm] version3.Calculator_v3:283 - memoryPosition: '0'
[INFO ] 09-25-2019 20:39:51.065 [Method:confirm] version3.Calculator_v3:284 - firstNumBool: 'false'
[INFO ] 09-25-2019 20:39:51.066 [Method:confirm] version3.Calculator_v3:285 - dotButtonPressed: 'false'
[INFO ] 09-25-2019 20:39:51.066 [Method:confirm] version3.Calculator_v3:286 - isNegative: 'false'
[INFO ] 09-25-2019 20:39:51.067 [Method:confirm] version3.Calculator_v3:287 - calcType: 'BASIC'
[INFO ] 09-25-2019 20:39:51.067 [Method:confirm] version3.Calculator_v3:288 - -------- End Confirm Results --------

[INFO ] 09-25-2019 20:39:51.710 [Method:actionPerformed] version3.Calculator_v3:475 - NumberButtonHandler() started
[INFO ] 09-25-2019 20:39:51.711 [Method:actionPerformed] version3.Calculator_v3:476 - button: 3
[INFO ] 09-25-2019 20:39:51.712 [Method:actionPerformed] version3.Calculator_v3:548 - Resetting textArea
[INFO ] 09-25-2019 20:39:51.720 [Method:actionPerformed] version3.Calculator_v3:592 - textArea: '\n3'
[INFO ] 09-25-2019 20:39:51.721 [Method:actionPerformed] version3.Calculator_v3:593 - values[1]: '3'
[INFO ] 09-25-2019 20:39:51.722 [Method:actionPerformed] version3.Calculator_v3:599 - NumberButtonHandler() finished
[INFO ] 09-25-2019 20:39:51.723 [Method:confirm] version3.Calculator_v3:263 - Confirm Results: 
[INFO ] 09-25-2019 20:39:51.723 [Method:confirm] version3.Calculator_v3:264 - ---------------- 
[INFO ] 09-25-2019 20:39:51.723 [Method:confirm] version3.Calculator_v3:265 - textarea: '\n + 63'
[INFO ] 09-25-2019 20:39:51.724 [Method:confirm] version3.Calculator_v3:266 - textArea: '\n3'
[INFO ] 09-25-2019 20:39:51.724 [Method:confirm] version3.Calculator_v3:276 - no memories stored!
[INFO ] 09-25-2019 20:39:51.725 [Method:confirm] version3.Calculator_v3:278 - addBool: 'true'
[INFO ] 09-25-2019 20:39:51.725 [Method:confirm] version3.Calculator_v3:279 - subBool: 'false'
[INFO ] 09-25-2019 20:39:51.726 [Method:confirm] version3.Calculator_v3:280 - mulBool: 'false'
[INFO ] 09-25-2019 20:39:51.726 [Method:confirm] version3.Calculator_v3:281 - divBool: 'false'
[INFO ] 09-25-2019 20:39:51.727 [Method:confirm] version3.Calculator_v3:282 - valuesPosition: '1'
[INFO ] 09-25-2019 20:39:51.727 [Method:confirm] version3.Calculator_v3:283 - memoryPosition: '0'
[INFO ] 09-25-2019 20:39:51.728 [Method:confirm] version3.Calculator_v3:284 - firstNumBool: 'true'
[INFO ] 09-25-2019 20:39:51.728 [Method:confirm] version3.Calculator_v3:285 - dotButtonPressed: 'false'
[INFO ] 09-25-2019 20:39:51.728 [Method:confirm] version3.Calculator_v3:286 - isNegative: 'false'
[INFO ] 09-25-2019 20:39:51.730 [Method:confirm] version3.Calculator_v3:287 - calcType: 'BASIC'
[INFO ] 09-25-2019 20:39:51.730 [Method:confirm] version3.Calculator_v3:288 - -------- End Confirm Results --------

[INFO ] 09-25-2019 20:39:52.388 [Method:actionPerformed] version3.StandardCalculator_v3:731 - EqualsButtonHandler class started
[INFO ] 09-25-2019 20:39:52.390 [Method:actionPerformed] version3.StandardCalculator_v3:732 - button: =
[INFO ] 09-25-2019 20:39:52.391 [Method:add] version3.StandardCalculator_v3:358 - value[0]: '6'
[INFO ] 09-25-2019 20:39:52.392 [Method:add] version3.StandardCalculator_v3:359 - value[1]: '3'
[INFO ] 09-25-2019 20:39:52.393 [Method:add] version3.StandardCalculator_v3:361 - 6 + 3 = 9.0
[INFO ] 09-25-2019 20:39:52.393 [Method:add] version3.StandardCalculator_v3:363 - addBool: true
[INFO ] 09-25-2019 20:39:52.394 [Method:add] version3.StandardCalculator_v3:364 - subBool: false
[INFO ] 09-25-2019 20:39:52.394 [Method:add] version3.StandardCalculator_v3:365 - mulBool: false
[INFO ] 09-25-2019 20:39:52.394 [Method:add] version3.StandardCalculator_v3:366 - divBool: false
[INFO ] 09-25-2019 20:39:52.395 [Method:add] version3.StandardCalculator_v3:368 - We have a whole number
[INFO ] 09-25-2019 20:39:52.401 [Method:resetOperator] version3.Calculator_v3:226 - operatorBool: true
[INFO ] 09-25-2019 20:39:52.402 [Method:resetOperator] version3.Calculator_v3:228 - temp[0]: '9'
[INFO ] 09-25-2019 20:39:52.403 [Method:confirm] version3.Calculator_v3:263 - Confirm Results: 
[INFO ] 09-25-2019 20:39:52.403 [Method:confirm] version3.Calculator_v3:264 - ---------------- 
[INFO ] 09-25-2019 20:39:52.403 [Method:confirm] version3.Calculator_v3:265 - textarea: '\n9'
[INFO ] 09-25-2019 20:39:52.404 [Method:confirm] version3.Calculator_v3:266 - textArea: '\n9'
[INFO ] 09-25-2019 20:39:52.404 [Method:confirm] version3.Calculator_v3:276 - no memories stored!
[INFO ] 09-25-2019 20:39:52.404 [Method:confirm] version3.Calculator_v3:278 - addBool: 'false'
[INFO ] 09-25-2019 20:39:52.404 [Method:confirm] version3.Calculator_v3:279 - subBool: 'false'
[INFO ] 09-25-2019 20:39:52.405 [Method:confirm] version3.Calculator_v3:280 - mulBool: 'false'
[INFO ] 09-25-2019 20:39:52.405 [Method:confirm] version3.Calculator_v3:281 - divBool: 'false'
[INFO ] 09-25-2019 20:39:52.405 [Method:confirm] version3.Calculator_v3:282 - valuesPosition: '0'
[INFO ] 09-25-2019 20:39:52.406 [Method:confirm] version3.Calculator_v3:283 - memoryPosition: '0'
[INFO ] 09-25-2019 20:39:52.406 [Method:confirm] version3.Calculator_v3:284 - firstNumBool: 'true'
[INFO ] 09-25-2019 20:39:52.406 [Method:confirm] version3.Calculator_v3:285 - dotButtonPressed: 'false'
[INFO ] 09-25-2019 20:39:52.407 [Method:confirm] version3.Calculator_v3:286 - isNegative: 'false'
[INFO ] 09-25-2019 20:39:52.407 [Method:confirm] version3.Calculator_v3:287 - calcType: 'BASIC'
[INFO ] 09-25-2019 20:39:52.407 [Method:confirm] version3.Calculator_v3:288 - -------- End Confirm Results --------

