[INFO ] 08-22-2019 21:02:28.362 [Method:main] version3.CalculatorMain_v3:18 - Starting class CalculatorMain_v3
[INFO ] 08-22-2019 21:02:29.304 [Method:setupButtonsAndSuch] version3.Calculator_v3:97 - Inside setupButtonsAndSuch()
[INFO ] 08-22-2019 21:02:29.306 [Method:setupButtonsAndSuch] version3.Calculator_v3:98 - preparing buttons
[INFO ] 08-22-2019 21:02:29.308 [Method:setupButtonsAndSuch] version3.Calculator_v3:187 - Finished. Leaving setupButtonsAndSuch()
[INFO ] 08-22-2019 21:02:29.324 [Method:setupPanel_v3] version3.JPanelBasic_v3:92 - Starting setupPanel_v3
[INFO ] 08-22-2019 21:02:29.326 [Method:setupPanel_v3] version3.JPanelBasic_v3:190 - End setupPanel_v3()
[INFO ] 08-22-2019 21:02:29.327 [Method:addComponentsToPanel_v3] version3.JPanelBasic_v3:196 - Starting addComponentsToPanel_v3
[INFO ] 08-22-2019 21:02:29.331 [Method:addComponentsToPanel_v3] version3.JPanelBasic_v3:285 - Finished addComponentsToPanel_v3
[INFO ] 08-22-2019 21:02:31.201 [Method:setupMenuBar] version3.StandardCalculator_v3:135 - Inside setupMenuBar()
[INFO ] 08-22-2019 21:02:31.250 [Method:setupMenuBar] version3.StandardCalculator_v3:313 - Finished. Leaving setupMenuBar()
[INFO ] 08-22-2019 21:02:31.251 [Method:performBasicSetup] version3.JPanelBasic_v3:75 - Preparing programmer buttons
[INFO ] 08-22-2019 21:02:31.252 [Method:performBasicSetup] version3.JPanelBasic_v3:87 - Finished preparing buttons.
[INFO ] 08-22-2019 21:02:31.253 [Method:createImageIcon] version3.Calculator_v3:817 - Inside createImageIcon()
[INFO ] 08-22-2019 21:02:31.254 [Method:createImageIcon] version3.Calculator_v3:821 - the path 'src/main/resources/images/calculatorOriginalCopy.jpg' created an image! the imageicon is being returned...
[INFO ] 08-22-2019 21:02:31.255 [Method:createImageIcon] version3.Calculator_v3:822 - End createImageIcon()
[INFO ] 08-22-2019 21:02:31.321 [Method:createImageIcon] version3.Calculator_v3:817 - Inside createImageIcon()
[INFO ] 08-22-2019 21:02:31.323 [Method:createImageIcon] version3.Calculator_v3:821 - the path 'src/main/resources/images/calculatorOriginal.jpg' created an image! the imageicon is being returned...
[INFO ] 08-22-2019 21:02:31.326 [Method:createImageIcon] version3.Calculator_v3:822 - End createImageIcon()
[INFO ] 08-22-2019 21:02:31.337 [Method:createImageIcon] version3.Calculator_v3:817 - Inside createImageIcon()
[INFO ] 08-22-2019 21:02:31.338 [Method:createImageIcon] version3.Calculator_v3:821 - the path 'src/main/resources/images/maclogo.png' created an image! the imageicon is being returned...
[INFO ] 08-22-2019 21:02:31.339 [Method:createImageIcon] version3.Calculator_v3:822 - End createImageIcon()
[INFO ] 08-22-2019 21:02:31.348 [Method:initLookAndFeel] version3.CalculatorMain_v3:56 - Setting the look and feel to : javax.swing.plaf.metal.MetalLookAndFeel
[INFO ] 08-22-2019 21:02:31.510 [Method:confirm] version3.Calculator_v3:239 - Confirm Results: 
[INFO ] 08-22-2019 21:02:31.530 [Method:confirm] version3.Calculator_v3:240 - ---------------- 
[INFO ] 08-22-2019 21:02:31.532 [Method:confirm] version3.Calculator_v3:241 - textarea: '\n'
[INFO ] 08-22-2019 21:02:31.537 [Method:confirm] version3.Calculator_v3:242 - textArea: '\n'
[INFO ] 08-22-2019 21:02:31.538 [Method:confirm] version3.Calculator_v3:252 - no memories stored!
[INFO ] 08-22-2019 21:02:31.539 [Method:confirm] version3.Calculator_v3:254 - addBool: 'false'
[INFO ] 08-22-2019 21:02:31.540 [Method:confirm] version3.Calculator_v3:255 - subBool: 'false'
[INFO ] 08-22-2019 21:02:31.541 [Method:confirm] version3.Calculator_v3:256 - mulBool: 'false'
[INFO ] 08-22-2019 21:02:31.542 [Method:confirm] version3.Calculator_v3:257 - divBool: 'false'
[INFO ] 08-22-2019 21:02:31.542 [Method:confirm] version3.Calculator_v3:258 - valuesPosition: '0'
[INFO ] 08-22-2019 21:02:31.543 [Method:confirm] version3.Calculator_v3:259 - memoryPosition: '0'
[INFO ] 08-22-2019 21:02:31.544 [Method:confirm] version3.Calculator_v3:260 - firstNumBool: 'true'
[INFO ] 08-22-2019 21:02:31.546 [Method:confirm] version3.Calculator_v3:261 - dotButtonPressed: 'false'
[INFO ] 08-22-2019 21:02:31.547 [Method:confirm] version3.Calculator_v3:262 - isNegative: 'false'
[INFO ] 08-22-2019 21:02:31.547 [Method:confirm] version3.Calculator_v3:263 - calcType: 'BASIC'
[INFO ] 08-22-2019 21:02:31.548 [Method:confirm] version3.Calculator_v3:264 - -------- End Confirm Results --------

[INFO ] 08-22-2019 21:02:31.549 [Method:main] version3.CalculatorMain_v3:31 - End main()

[INFO ] 08-22-2019 21:02:54.551 [Method:actionPerformed] version3.Calculator_v3:404 - NumberButtonHandler() started
[INFO ] 08-22-2019 21:02:54.554 [Method:actionPerformed] version3.Calculator_v3:405 - button: 5
[INFO ] 08-22-2019 21:02:54.554 [Method:isNegativeNumber] version3.Calculator_v3:347 - isNegativeNumber() == false
[INFO ] 08-22-2019 21:02:54.555 [Method:isPositiveNumber] version3.Calculator_v3:337 - isPositiveNumber() == true
[INFO ] 08-22-2019 21:02:54.556 [Method:actionPerformed] version3.Calculator_v3:428 - firstNumBool = true | positive number = true | dotButtonPressed = false
[INFO ] 08-22-2019 21:02:54.557 [Method:actionPerformed] version3.Calculator_v3:429 - before: 
[INFO ] 08-22-2019 21:02:54.675 [Method:actionPerformed] version3.Calculator_v3:433 - textArea:'\n5'
[INFO ] 08-22-2019 21:02:54.676 [Method:actionPerformed] version3.Calculator_v3:434 - values[0]: '5'
[INFO ] 08-22-2019 21:02:54.679 [Method:actionPerformed] version3.Calculator_v3:550 - NumberButtonHandler() finished
[INFO ] 08-22-2019 21:02:54.680 [Method:confirm] version3.Calculator_v3:239 - Confirm Results: 
[INFO ] 08-22-2019 21:02:54.680 [Method:confirm] version3.Calculator_v3:240 - ---------------- 
[INFO ] 08-22-2019 21:02:54.680 [Method:confirm] version3.Calculator_v3:241 - textarea: '\n5'
[INFO ] 08-22-2019 21:02:54.681 [Method:confirm] version3.Calculator_v3:242 - textArea: '\n5'
[INFO ] 08-22-2019 21:02:54.681 [Method:confirm] version3.Calculator_v3:252 - no memories stored!
[INFO ] 08-22-2019 21:02:54.682 [Method:confirm] version3.Calculator_v3:254 - addBool: 'false'
[INFO ] 08-22-2019 21:02:54.682 [Method:confirm] version3.Calculator_v3:255 - subBool: 'false'
[INFO ] 08-22-2019 21:02:54.682 [Method:confirm] version3.Calculator_v3:256 - mulBool: 'false'
[INFO ] 08-22-2019 21:02:54.683 [Method:confirm] version3.Calculator_v3:257 - divBool: 'false'
[INFO ] 08-22-2019 21:02:54.683 [Method:confirm] version3.Calculator_v3:258 - valuesPosition: '0'
[INFO ] 08-22-2019 21:02:54.683 [Method:confirm] version3.Calculator_v3:259 - memoryPosition: '0'
[INFO ] 08-22-2019 21:02:54.684 [Method:confirm] version3.Calculator_v3:260 - firstNumBool: 'true'
[INFO ] 08-22-2019 21:02:54.684 [Method:confirm] version3.Calculator_v3:261 - dotButtonPressed: 'false'
[INFO ] 08-22-2019 21:02:54.684 [Method:confirm] version3.Calculator_v3:262 - isNegative: 'false'
[INFO ] 08-22-2019 21:02:54.685 [Method:confirm] version3.Calculator_v3:263 - calcType: 'BASIC'
[INFO ] 08-22-2019 21:02:54.686 [Method:confirm] version3.Calculator_v3:264 - -------- End Confirm Results --------

[INFO ] 08-22-2019 21:02:57.023 [Method:actionPerformed] version3.StandardCalculator_v3:633 - MultiplyButtonHandler class started
[INFO ] 08-22-2019 21:02:57.024 [Method:actionPerformed] version3.StandardCalculator_v3:634 - button: *
[INFO ] 08-22-2019 21:02:57.034 [Method:actionPerformed] version3.StandardCalculator_v3:639 - textArea: \n * 5
[INFO ] 08-22-2019 21:02:57.035 [Method:actionPerformed] version3.StandardCalculator_v3:640 - values[0] is 5 after buttonMultiply was pushed
[INFO ] 08-22-2019 21:02:57.036 [Method:confirm] version3.Calculator_v3:239 - Confirm Results: 
[INFO ] 08-22-2019 21:02:57.036 [Method:confirm] version3.Calculator_v3:240 - ---------------- 
[INFO ] 08-22-2019 21:02:57.037 [Method:confirm] version3.Calculator_v3:241 - textarea: '\n * 5'
[INFO ] 08-22-2019 21:02:57.037 [Method:confirm] version3.Calculator_v3:242 - textArea: '\n * 5'
[INFO ] 08-22-2019 21:02:57.038 [Method:confirm] version3.Calculator_v3:252 - no memories stored!
[INFO ] 08-22-2019 21:02:57.038 [Method:confirm] version3.Calculator_v3:254 - addBool: 'false'
[INFO ] 08-22-2019 21:02:57.039 [Method:confirm] version3.Calculator_v3:255 - subBool: 'false'
[INFO ] 08-22-2019 21:02:57.039 [Method:confirm] version3.Calculator_v3:256 - mulBool: 'true'
[INFO ] 08-22-2019 21:02:57.040 [Method:confirm] version3.Calculator_v3:257 - divBool: 'false'
[INFO ] 08-22-2019 21:02:57.041 [Method:confirm] version3.Calculator_v3:258 - valuesPosition: '1'
[INFO ] 08-22-2019 21:02:57.041 [Method:confirm] version3.Calculator_v3:259 - memoryPosition: '0'
[INFO ] 08-22-2019 21:02:57.041 [Method:confirm] version3.Calculator_v3:260 - firstNumBool: 'false'
[INFO ] 08-22-2019 21:02:57.042 [Method:confirm] version3.Calculator_v3:261 - dotButtonPressed: 'false'
[INFO ] 08-22-2019 21:02:57.042 [Method:confirm] version3.Calculator_v3:262 - isNegative: 'false'
[INFO ] 08-22-2019 21:02:57.043 [Method:confirm] version3.Calculator_v3:263 - calcType: 'BASIC'
[INFO ] 08-22-2019 21:02:57.043 [Method:confirm] version3.Calculator_v3:264 - -------- End Confirm Results --------

[INFO ] 08-22-2019 21:02:57.052 [Method:actionPerformed] version3.StandardCalculator_v3:633 - MultiplyButtonHandler class started
[INFO ] 08-22-2019 21:02:57.057 [Method:actionPerformed] version3.StandardCalculator_v3:634 - button: *
[INFO ] 08-22-2019 21:02:57.058 [Method:actionPerformed] version3.StandardCalculator_v3:668 - already chose an operator. choose another number.
[INFO ] 08-22-2019 21:02:57.060 [Method:confirm] version3.Calculator_v3:239 - Confirm Results: 
[INFO ] 08-22-2019 21:02:57.061 [Method:confirm] version3.Calculator_v3:240 - ---------------- 
[INFO ] 08-22-2019 21:02:57.062 [Method:confirm] version3.Calculator_v3:241 - textarea: '\n * 5'
[INFO ] 08-22-2019 21:02:57.062 [Method:confirm] version3.Calculator_v3:242 - textArea: '\n * 5'
[INFO ] 08-22-2019 21:02:57.062 [Method:confirm] version3.Calculator_v3:252 - no memories stored!
[INFO ] 08-22-2019 21:02:57.063 [Method:confirm] version3.Calculator_v3:254 - addBool: 'false'
[INFO ] 08-22-2019 21:02:57.063 [Method:confirm] version3.Calculator_v3:255 - subBool: 'false'
[INFO ] 08-22-2019 21:02:57.064 [Method:confirm] version3.Calculator_v3:256 - mulBool: 'true'
[INFO ] 08-22-2019 21:02:57.064 [Method:confirm] version3.Calculator_v3:257 - divBool: 'false'
[INFO ] 08-22-2019 21:02:57.064 [Method:confirm] version3.Calculator_v3:258 - valuesPosition: '1'
[INFO ] 08-22-2019 21:02:57.065 [Method:confirm] version3.Calculator_v3:259 - memoryPosition: '0'
[INFO ] 08-22-2019 21:02:57.065 [Method:confirm] version3.Calculator_v3:260 - firstNumBool: 'false'
[INFO ] 08-22-2019 21:02:57.066 [Method:confirm] version3.Calculator_v3:261 - dotButtonPressed: 'false'
[INFO ] 08-22-2019 21:02:57.067 [Method:confirm] version3.Calculator_v3:262 - isNegative: 'false'
[INFO ] 08-22-2019 21:02:57.067 [Method:confirm] version3.Calculator_v3:263 - calcType: 'BASIC'
[INFO ] 08-22-2019 21:02:57.068 [Method:confirm] version3.Calculator_v3:264 - -------- End Confirm Results --------

[INFO ] 08-22-2019 21:02:58.161 [Method:actionPerformed] version3.Calculator_v3:404 - NumberButtonHandler() started
[INFO ] 08-22-2019 21:02:58.162 [Method:actionPerformed] version3.Calculator_v3:405 - button: 7
[INFO ] 08-22-2019 21:02:58.162 [Method:actionPerformed] version3.Calculator_v3:499 - Resetting textArea
[INFO ] 08-22-2019 21:02:58.172 [Method:actionPerformed] version3.Calculator_v3:543 - textArea: '\n7'
[INFO ] 08-22-2019 21:02:58.174 [Method:actionPerformed] version3.Calculator_v3:544 - values[1]: '7'
[INFO ] 08-22-2019 21:02:58.175 [Method:actionPerformed] version3.Calculator_v3:550 - NumberButtonHandler() finished
[INFO ] 08-22-2019 21:02:58.176 [Method:confirm] version3.Calculator_v3:239 - Confirm Results: 
[INFO ] 08-22-2019 21:02:58.176 [Method:confirm] version3.Calculator_v3:240 - ---------------- 
[INFO ] 08-22-2019 21:02:58.177 [Method:confirm] version3.Calculator_v3:241 - textarea: '\n7'
[INFO ] 08-22-2019 21:02:58.178 [Method:confirm] version3.Calculator_v3:242 - textArea: '\n7'
[INFO ] 08-22-2019 21:02:58.178 [Method:confirm] version3.Calculator_v3:252 - no memories stored!
[INFO ] 08-22-2019 21:02:58.179 [Method:confirm] version3.Calculator_v3:254 - addBool: 'false'
[INFO ] 08-22-2019 21:02:58.180 [Method:confirm] version3.Calculator_v3:255 - subBool: 'false'
[INFO ] 08-22-2019 21:02:58.182 [Method:confirm] version3.Calculator_v3:256 - mulBool: 'true'
[INFO ] 08-22-2019 21:02:58.183 [Method:confirm] version3.Calculator_v3:257 - divBool: 'false'
[INFO ] 08-22-2019 21:02:58.184 [Method:confirm] version3.Calculator_v3:258 - valuesPosition: '1'
[INFO ] 08-22-2019 21:02:58.184 [Method:confirm] version3.Calculator_v3:259 - memoryPosition: '0'
[INFO ] 08-22-2019 21:02:58.185 [Method:confirm] version3.Calculator_v3:260 - firstNumBool: 'true'
[INFO ] 08-22-2019 21:02:58.185 [Method:confirm] version3.Calculator_v3:261 - dotButtonPressed: 'false'
[INFO ] 08-22-2019 21:02:58.186 [Method:confirm] version3.Calculator_v3:262 - isNegative: 'false'
[INFO ] 08-22-2019 21:02:58.186 [Method:confirm] version3.Calculator_v3:263 - calcType: 'BASIC'
[INFO ] 08-22-2019 21:02:58.187 [Method:confirm] version3.Calculator_v3:264 - -------- End Confirm Results --------

[INFO ] 08-22-2019 21:02:59.162 [Method:actionPerformed] version3.StandardCalculator_v3:730 - EqualsButtonHandler class started
[INFO ] 08-22-2019 21:02:59.164 [Method:actionPerformed] version3.StandardCalculator_v3:731 - button: =
[INFO ] 08-22-2019 21:02:59.164 [Method:multiply] version3.StandardCalculator_v3:438 - value[0]: '5'
[INFO ] 08-22-2019 21:02:59.165 [Method:multiply] version3.StandardCalculator_v3:439 - value[1]: '7'
[INFO ] 08-22-2019 21:02:59.166 [Method:multiply] version3.StandardCalculator_v3:441 - 5 * 7 = 35.0
[INFO ] 08-22-2019 21:02:59.167 [Method:multiply] version3.StandardCalculator_v3:443 - addBool: false
[INFO ] 08-22-2019 21:02:59.168 [Method:multiply] version3.StandardCalculator_v3:444 - subBool: false
[INFO ] 08-22-2019 21:02:59.169 [Method:multiply] version3.StandardCalculator_v3:445 - mulBool: true
[INFO ] 08-22-2019 21:02:59.169 [Method:multiply] version3.StandardCalculator_v3:446 - divBool: false
[INFO ] 08-22-2019 21:02:59.207 [Method:resetOperator] version3.Calculator_v3:194 - operatorBool: true
[INFO ] 08-22-2019 21:02:59.208 [Method:resetOperator] version3.Calculator_v3:196 - temp[0]: '35'
[INFO ] 08-22-2019 21:02:59.208 [Method:confirm] version3.Calculator_v3:239 - Confirm Results: 
[INFO ] 08-22-2019 21:02:59.209 [Method:confirm] version3.Calculator_v3:240 - ---------------- 
[INFO ] 08-22-2019 21:02:59.210 [Method:confirm] version3.Calculator_v3:241 - textarea: '\n35'
[INFO ] 08-22-2019 21:02:59.210 [Method:confirm] version3.Calculator_v3:242 - textArea: '\n35'
[INFO ] 08-22-2019 21:02:59.210 [Method:confirm] version3.Calculator_v3:252 - no memories stored!
[INFO ] 08-22-2019 21:02:59.211 [Method:confirm] version3.Calculator_v3:254 - addBool: 'false'
[INFO ] 08-22-2019 21:02:59.211 [Method:confirm] version3.Calculator_v3:255 - subBool: 'false'
[INFO ] 08-22-2019 21:02:59.211 [Method:confirm] version3.Calculator_v3:256 - mulBool: 'false'
[INFO ] 08-22-2019 21:02:59.212 [Method:confirm] version3.Calculator_v3:257 - divBool: 'false'
[INFO ] 08-22-2019 21:02:59.212 [Method:confirm] version3.Calculator_v3:258 - valuesPosition: '0'
[INFO ] 08-22-2019 21:02:59.213 [Method:confirm] version3.Calculator_v3:259 - memoryPosition: '0'
[INFO ] 08-22-2019 21:02:59.213 [Method:confirm] version3.Calculator_v3:260 - firstNumBool: 'true'
[INFO ] 08-22-2019 21:02:59.213 [Method:confirm] version3.Calculator_v3:261 - dotButtonPressed: 'false'
[INFO ] 08-22-2019 21:02:59.214 [Method:confirm] version3.Calculator_v3:262 - isNegative: 'false'
[INFO ] 08-22-2019 21:02:59.214 [Method:confirm] version3.Calculator_v3:263 - calcType: 'BASIC'
[INFO ] 08-22-2019 21:02:59.214 [Method:confirm] version3.Calculator_v3:264 - -------- End Confirm Results --------

[INFO ] 08-22-2019 21:03:20.797 [Method:actionPerformed] version3.Calculator_v3:599 - DeleteButtonHandler() started
[INFO ] 08-22-2019 21:03:20.798 [Method:actionPerformed] version3.Calculator_v3:600 - button: DEL
[INFO ] 08-22-2019 21:03:20.798 [Method:actionPerformed] version3.Calculator_v3:610 - values[0]: '35'
[INFO ] 08-22-2019 21:03:20.799 [Method:actionPerformed] version3.Calculator_v3:611 - textarea: 35
[INFO ] 08-22-2019 21:03:20.799 [Method:isNegativeNumber] version3.Calculator_v3:347 - isNegativeNumber(35) == false
[INFO ] 08-22-2019 21:03:20.799 [Method:isDecimal] version3.Calculator_v3:330 - isDecimal(35) == false
[INFO ] 08-22-2019 21:03:20.800 [Method:actionPerformed] version3.Calculator_v3:626 - output: '3'
[INFO ] 08-22-2019 21:03:20.808 [Method:actionPerformed] version3.Calculator_v3:783 - DeleteButtonHandler() finished
[INFO ] 08-22-2019 21:03:20.809 [Method:confirm] version3.Calculator_v3:239 - Confirm Results: 
[INFO ] 08-22-2019 21:03:20.810 [Method:confirm] version3.Calculator_v3:240 - ---------------- 
[INFO ] 08-22-2019 21:03:20.810 [Method:confirm] version3.Calculator_v3:241 - textarea: '\n3'
[INFO ] 08-22-2019 21:03:20.810 [Method:confirm] version3.Calculator_v3:242 - textArea: '\n3'
[INFO ] 08-22-2019 21:03:20.811 [Method:confirm] version3.Calculator_v3:252 - no memories stored!
[INFO ] 08-22-2019 21:03:20.812 [Method:confirm] version3.Calculator_v3:254 - addBool: 'false'
[INFO ] 08-22-2019 21:03:20.813 [Method:confirm] version3.Calculator_v3:255 - subBool: 'false'
[INFO ] 08-22-2019 21:03:20.815 [Method:confirm] version3.Calculator_v3:256 - mulBool: 'false'
[INFO ] 08-22-2019 21:03:20.815 [Method:confirm] version3.Calculator_v3:257 - divBool: 'false'
[INFO ] 08-22-2019 21:03:20.816 [Method:confirm] version3.Calculator_v3:258 - valuesPosition: '0'
[INFO ] 08-22-2019 21:03:20.816 [Method:confirm] version3.Calculator_v3:259 - memoryPosition: '0'
[INFO ] 08-22-2019 21:03:20.816 [Method:confirm] version3.Calculator_v3:260 - firstNumBool: 'true'
[INFO ] 08-22-2019 21:03:20.817 [Method:confirm] version3.Calculator_v3:261 - dotButtonPressed: 'false'
[INFO ] 08-22-2019 21:03:20.817 [Method:confirm] version3.Calculator_v3:262 - isNegative: 'false'
[INFO ] 08-22-2019 21:03:20.817 [Method:confirm] version3.Calculator_v3:263 - calcType: 'BASIC'
[INFO ] 08-22-2019 21:03:20.817 [Method:confirm] version3.Calculator_v3:264 - -------- End Confirm Results --------

[INFO ] 08-22-2019 21:50:49.493 [Method:main] version3.CalculatorMain_v3:18 - Starting class CalculatorMain_v3
[INFO ] 08-22-2019 21:50:50.671 [Method:setupButtonsAndSuch] version3.Calculator_v3:98 - Inside setupButtonsAndSuch()
[INFO ] 08-22-2019 21:50:50.672 [Method:setupButtonsAndSuch] version3.Calculator_v3:99 - preparing buttons
[INFO ] 08-22-2019 21:50:50.675 [Method:setupButtonsAndSuch] version3.Calculator_v3:188 - Finished. Leaving setupButtonsAndSuch()
[INFO ] 08-22-2019 21:50:50.688 [Method:setupPanel_v3] version3.JPanelBasic_v3:92 - Starting setupPanel_v3
[INFO ] 08-22-2019 21:50:50.693 [Method:setupPanel_v3] version3.JPanelBasic_v3:190 - End setupPanel_v3()
[INFO ] 08-22-2019 21:50:50.695 [Method:addComponentsToPanel_v3] version3.JPanelBasic_v3:196 - Starting addComponentsToPanel_v3
[INFO ] 08-22-2019 21:50:50.703 [Method:addComponentsToPanel_v3] version3.JPanelBasic_v3:285 - Finished addComponentsToPanel_v3
[INFO ] 08-22-2019 21:50:52.436 [Method:setupMenuBar] version3.StandardCalculator_v3:135 - Inside setupMenuBar()
[INFO ] 08-22-2019 21:50:52.478 [Method:setupMenuBar] version3.StandardCalculator_v3:313 - Finished. Leaving setupMenuBar()
[INFO ] 08-22-2019 21:50:52.479 [Method:performBasicSetup] version3.JPanelBasic_v3:75 - Preparing programmer buttons
[INFO ] 08-22-2019 21:50:52.480 [Method:performBasicSetup] version3.JPanelBasic_v3:87 - Finished preparing buttons.
[INFO ] 08-22-2019 21:50:52.481 [Method:createImageIcon] version3.Calculator_v3:830 - Inside createImageIcon()
[INFO ] 08-22-2019 21:50:52.482 [Method:createImageIcon] version3.Calculator_v3:834 - the path 'src/main/resources/images/calculatorOriginalCopy.jpg' created an image! the imageicon is being returned...
[INFO ] 08-22-2019 21:50:52.483 [Method:createImageIcon] version3.Calculator_v3:835 - End createImageIcon()
[INFO ] 08-22-2019 21:50:52.551 [Method:createImageIcon] version3.Calculator_v3:830 - Inside createImageIcon()
[INFO ] 08-22-2019 21:50:52.552 [Method:createImageIcon] version3.Calculator_v3:834 - the path 'src/main/resources/images/calculatorOriginal.jpg' created an image! the imageicon is being returned...
[INFO ] 08-22-2019 21:50:52.552 [Method:createImageIcon] version3.Calculator_v3:835 - End createImageIcon()
[INFO ] 08-22-2019 21:50:52.562 [Method:createImageIcon] version3.Calculator_v3:830 - Inside createImageIcon()
[INFO ] 08-22-2019 21:50:52.563 [Method:createImageIcon] version3.Calculator_v3:834 - the path 'src/main/resources/images/maclogo.png' created an image! the imageicon is being returned...
[INFO ] 08-22-2019 21:50:52.563 [Method:createImageIcon] version3.Calculator_v3:835 - End createImageIcon()
[INFO ] 08-22-2019 21:50:52.570 [Method:initLookAndFeel] version3.CalculatorMain_v3:56 - Setting the look and feel to : javax.swing.plaf.metal.MetalLookAndFeel
[INFO ] 08-22-2019 21:50:52.707 [Method:confirm] version3.Calculator_v3:240 - Confirm Results: 
[INFO ] 08-22-2019 21:50:52.741 [Method:confirm] version3.Calculator_v3:241 - ---------------- 
[INFO ] 08-22-2019 21:50:52.742 [Method:confirm] version3.Calculator_v3:242 - textarea: '\n'
[INFO ] 08-22-2019 21:50:52.743 [Method:confirm] version3.Calculator_v3:243 - textArea: '\n'
[INFO ] 08-22-2019 21:50:52.746 [Method:confirm] version3.Calculator_v3:253 - no memories stored!
[INFO ] 08-22-2019 21:50:52.747 [Method:confirm] version3.Calculator_v3:255 - addBool: 'false'
[INFO ] 08-22-2019 21:50:52.749 [Method:confirm] version3.Calculator_v3:256 - subBool: 'false'
[INFO ] 08-22-2019 21:50:52.750 [Method:confirm] version3.Calculator_v3:257 - mulBool: 'false'
[INFO ] 08-22-2019 21:50:52.752 [Method:confirm] version3.Calculator_v3:258 - divBool: 'false'
[INFO ] 08-22-2019 21:50:52.761 [Method:confirm] version3.Calculator_v3:259 - valuesPosition: '0'
[INFO ] 08-22-2019 21:50:52.762 [Method:confirm] version3.Calculator_v3:260 - memoryPosition: '0'
[INFO ] 08-22-2019 21:50:52.765 [Method:confirm] version3.Calculator_v3:261 - firstNumBool: 'true'
[INFO ] 08-22-2019 21:50:52.766 [Method:confirm] version3.Calculator_v3:262 - dotButtonPressed: 'false'
[INFO ] 08-22-2019 21:50:52.767 [Method:confirm] version3.Calculator_v3:263 - isNegative: 'false'
[INFO ] 08-22-2019 21:50:52.768 [Method:confirm] version3.Calculator_v3:264 - calcType: 'BASIC'
[INFO ] 08-22-2019 21:50:52.769 [Method:confirm] version3.Calculator_v3:265 - -------- End Confirm Results --------

[INFO ] 08-22-2019 21:50:52.771 [Method:main] version3.CalculatorMain_v3:31 - End main()

[INFO ] 08-22-2019 21:50:54.480 [Method:actionPerformed] version3.Calculator_v3:802 - DotButtonHandler() started
[INFO ] 08-22-2019 21:50:54.482 [Method:actionPerformed] version3.Calculator_v3:803 - button: .
[INFO ] 08-22-2019 21:50:54.553 [Method:actionPerformed] version3.Calculator_v3:815 - DotButtonHandler() finished
[INFO ] 08-22-2019 21:50:54.554 [Method:confirm] version3.Calculator_v3:240 - Confirm Results: 
[INFO ] 08-22-2019 21:50:54.555 [Method:confirm] version3.Calculator_v3:241 - ---------------- 
[INFO ] 08-22-2019 21:50:54.555 [Method:confirm] version3.Calculator_v3:242 - textarea: '\n0.'
[INFO ] 08-22-2019 21:50:54.556 [Method:confirm] version3.Calculator_v3:243 - textArea: '\n.0'
[INFO ] 08-22-2019 21:50:54.557 [Method:confirm] version3.Calculator_v3:253 - no memories stored!
[INFO ] 08-22-2019 21:50:54.558 [Method:confirm] version3.Calculator_v3:255 - addBool: 'false'
[INFO ] 08-22-2019 21:50:54.558 [Method:confirm] version3.Calculator_v3:256 - subBool: 'false'
[INFO ] 08-22-2019 21:50:54.560 [Method:confirm] version3.Calculator_v3:257 - mulBool: 'false'
[INFO ] 08-22-2019 21:50:54.561 [Method:confirm] version3.Calculator_v3:258 - divBool: 'false'
[INFO ] 08-22-2019 21:50:54.561 [Method:confirm] version3.Calculator_v3:259 - valuesPosition: '0'
[INFO ] 08-22-2019 21:50:54.562 [Method:confirm] version3.Calculator_v3:260 - memoryPosition: '0'
[INFO ] 08-22-2019 21:50:54.562 [Method:confirm] version3.Calculator_v3:261 - firstNumBool: 'true'
[INFO ] 08-22-2019 21:50:54.563 [Method:confirm] version3.Calculator_v3:262 - dotButtonPressed: 'true'
[INFO ] 08-22-2019 21:50:54.563 [Method:confirm] version3.Calculator_v3:263 - isNegative: 'false'
[INFO ] 08-22-2019 21:50:54.564 [Method:confirm] version3.Calculator_v3:264 - calcType: 'BASIC'
[INFO ] 08-22-2019 21:50:54.565 [Method:confirm] version3.Calculator_v3:265 - -------- End Confirm Results --------

[INFO ] 08-22-2019 21:50:59.294 [Method:actionPerformed] version3.Calculator_v3:405 - NumberButtonHandler() started
[INFO ] 08-22-2019 21:50:59.295 [Method:actionPerformed] version3.Calculator_v3:406 - button: 5
[INFO ] 08-22-2019 21:50:59.296 [Method:isNegativeNumber] version3.Calculator_v3:348 - isNegativeNumber(0.) == false
[INFO ] 08-22-2019 21:50:59.296 [Method:isPositiveNumber] version3.Calculator_v3:338 - isPositiveNumber(0.) == true
[INFO ] 08-22-2019 21:50:59.297 [Method:isNegativeNumber] version3.Calculator_v3:348 - isNegativeNumber(0.) == false
[INFO ] 08-22-2019 21:50:59.297 [Method:actionPerformed] version3.Calculator_v3:449 - firstNumBool = true | positive number = true | dotButtonPressed = true
[INFO ] 08-22-2019 21:50:59.307 [Method:actionPerformed] version3.Calculator_v3:453 - textarea: 0.5
[INFO ] 08-22-2019 21:50:59.309 [Method:actionPerformed] version3.Calculator_v3:551 - NumberButtonHandler() finished
[INFO ] 08-22-2019 21:50:59.310 [Method:confirm] version3.Calculator_v3:240 - Confirm Results: 
[INFO ] 08-22-2019 21:50:59.310 [Method:confirm] version3.Calculator_v3:241 - ---------------- 
[INFO ] 08-22-2019 21:50:59.311 [Method:confirm] version3.Calculator_v3:242 - textarea: '\n0.5'
[INFO ] 08-22-2019 21:50:59.311 [Method:confirm] version3.Calculator_v3:243 - textArea: '\n0.5'
[INFO ] 08-22-2019 21:50:59.312 [Method:confirm] version3.Calculator_v3:253 - no memories stored!
[INFO ] 08-22-2019 21:50:59.312 [Method:confirm] version3.Calculator_v3:255 - addBool: 'false'
[INFO ] 08-22-2019 21:50:59.313 [Method:confirm] version3.Calculator_v3:256 - subBool: 'false'
[INFO ] 08-22-2019 21:50:59.313 [Method:confirm] version3.Calculator_v3:257 - mulBool: 'false'
[INFO ] 08-22-2019 21:50:59.314 [Method:confirm] version3.Calculator_v3:258 - divBool: 'false'
[INFO ] 08-22-2019 21:50:59.314 [Method:confirm] version3.Calculator_v3:259 - valuesPosition: '0'
[INFO ] 08-22-2019 21:50:59.315 [Method:confirm] version3.Calculator_v3:260 - memoryPosition: '0'
[INFO ] 08-22-2019 21:50:59.316 [Method:confirm] version3.Calculator_v3:261 - firstNumBool: 'true'
[INFO ] 08-22-2019 21:50:59.316 [Method:confirm] version3.Calculator_v3:262 - dotButtonPressed: 'true'
[INFO ] 08-22-2019 21:50:59.319 [Method:confirm] version3.Calculator_v3:263 - isNegative: 'false'
[INFO ] 08-22-2019 21:50:59.320 [Method:confirm] version3.Calculator_v3:264 - calcType: 'BASIC'
[INFO ] 08-22-2019 21:50:59.321 [Method:confirm] version3.Calculator_v3:265 - -------- End Confirm Results --------

[INFO ] 08-22-2019 22:06:23.555 [Method:main] version3.CalculatorMain_v3:18 - Starting class CalculatorMain_v3
[INFO ] 08-22-2019 22:06:25.170 [Method:setupButtonsAndSuch] version3.Calculator_v3:98 - Inside setupButtonsAndSuch()
[INFO ] 08-22-2019 22:06:25.175 [Method:setupButtonsAndSuch] version3.Calculator_v3:99 - preparing buttons
[INFO ] 08-22-2019 22:06:25.187 [Method:setupButtonsAndSuch] version3.Calculator_v3:188 - Finished. Leaving setupButtonsAndSuch()
[INFO ] 08-22-2019 22:06:25.288 [Method:setupPanel_v3] version3.JPanelBasic_v3:92 - Starting setupPanel_v3
[INFO ] 08-22-2019 22:06:25.291 [Method:setupPanel_v3] version3.JPanelBasic_v3:190 - End setupPanel_v3()
[INFO ] 08-22-2019 22:06:25.295 [Method:addComponentsToPanel_v3] version3.JPanelBasic_v3:196 - Starting addComponentsToPanel_v3
[INFO ] 08-22-2019 22:06:25.304 [Method:addComponentsToPanel_v3] version3.JPanelBasic_v3:285 - Finished addComponentsToPanel_v3
[INFO ] 08-22-2019 22:06:29.624 [Method:setupMenuBar] version3.StandardCalculator_v3:135 - Inside setupMenuBar()
[INFO ] 08-22-2019 22:06:29.662 [Method:setupMenuBar] version3.StandardCalculator_v3:313 - Finished. Leaving setupMenuBar()
[INFO ] 08-22-2019 22:06:29.663 [Method:performBasicSetup] version3.JPanelBasic_v3:75 - Preparing programmer buttons
[INFO ] 08-22-2019 22:06:29.664 [Method:performBasicSetup] version3.JPanelBasic_v3:87 - Finished preparing buttons.
[INFO ] 08-22-2019 22:06:29.665 [Method:createImageIcon] version3.Calculator_v3:830 - Inside createImageIcon()
[INFO ] 08-22-2019 22:06:29.666 [Method:createImageIcon] version3.Calculator_v3:834 - the path 'src/main/resources/images/calculatorOriginalCopy.jpg' created an image! the imageicon is being returned...
[INFO ] 08-22-2019 22:06:29.666 [Method:createImageIcon] version3.Calculator_v3:835 - End createImageIcon()
[INFO ] 08-22-2019 22:06:29.719 [Method:createImageIcon] version3.Calculator_v3:830 - Inside createImageIcon()
[INFO ] 08-22-2019 22:06:29.726 [Method:createImageIcon] version3.Calculator_v3:834 - the path 'src/main/resources/images/calculatorOriginal.jpg' created an image! the imageicon is being returned...
[INFO ] 08-22-2019 22:06:29.726 [Method:createImageIcon] version3.Calculator_v3:835 - End createImageIcon()
[INFO ] 08-22-2019 22:06:29.736 [Method:createImageIcon] version3.Calculator_v3:830 - Inside createImageIcon()
[INFO ] 08-22-2019 22:06:29.737 [Method:createImageIcon] version3.Calculator_v3:834 - the path 'src/main/resources/images/maclogo.png' created an image! the imageicon is being returned...
[INFO ] 08-22-2019 22:06:29.738 [Method:createImageIcon] version3.Calculator_v3:835 - End createImageIcon()
[INFO ] 08-22-2019 22:06:29.747 [Method:initLookAndFeel] version3.CalculatorMain_v3:56 - Setting the look and feel to : javax.swing.plaf.metal.MetalLookAndFeel
[INFO ] 08-22-2019 22:06:29.901 [Method:confirm] version3.Calculator_v3:240 - Confirm Results: 
[INFO ] 08-22-2019 22:06:29.917 [Method:confirm] version3.Calculator_v3:241 - ---------------- 
[INFO ] 08-22-2019 22:06:29.925 [Method:confirm] version3.Calculator_v3:242 - textarea: '\n'
[INFO ] 08-22-2019 22:06:29.928 [Method:confirm] version3.Calculator_v3:243 - textArea: '\n'
[INFO ] 08-22-2019 22:06:29.929 [Method:confirm] version3.Calculator_v3:253 - no memories stored!
[INFO ] 08-22-2019 22:06:29.931 [Method:confirm] version3.Calculator_v3:255 - addBool: 'false'
[INFO ] 08-22-2019 22:06:29.932 [Method:confirm] version3.Calculator_v3:256 - subBool: 'false'
[INFO ] 08-22-2019 22:06:29.933 [Method:confirm] version3.Calculator_v3:257 - mulBool: 'false'
[INFO ] 08-22-2019 22:06:29.934 [Method:confirm] version3.Calculator_v3:258 - divBool: 'false'
[INFO ] 08-22-2019 22:06:29.938 [Method:confirm] version3.Calculator_v3:259 - valuesPosition: '0'
[INFO ] 08-22-2019 22:06:29.946 [Method:confirm] version3.Calculator_v3:260 - memoryPosition: '0'
[INFO ] 08-22-2019 22:06:29.947 [Method:confirm] version3.Calculator_v3:261 - firstNumBool: 'true'
[INFO ] 08-22-2019 22:06:29.948 [Method:confirm] version3.Calculator_v3:262 - dotButtonPressed: 'false'
[INFO ] 08-22-2019 22:06:29.949 [Method:confirm] version3.Calculator_v3:263 - isNegative: 'false'
[INFO ] 08-22-2019 22:06:29.950 [Method:confirm] version3.Calculator_v3:264 - calcType: 'BASIC'
[INFO ] 08-22-2019 22:06:29.950 [Method:confirm] version3.Calculator_v3:265 - -------- End Confirm Results --------

[INFO ] 08-22-2019 22:06:29.951 [Method:main] version3.CalculatorMain_v3:31 - End main()

[INFO ] 08-22-2019 22:06:32.013 [Method:actionPerformed] version3.Calculator_v3:405 - NumberButtonHandler() started
[INFO ] 08-22-2019 22:06:32.015 [Method:actionPerformed] version3.Calculator_v3:406 - button: 5
[INFO ] 08-22-2019 22:06:32.015 [Method:isNegativeNumber] version3.Calculator_v3:348 - isNegativeNumber() == false
[INFO ] 08-22-2019 22:06:32.016 [Method:isPositiveNumber] version3.Calculator_v3:338 - isPositiveNumber() == true
[INFO ] 08-22-2019 22:06:32.017 [Method:actionPerformed] version3.Calculator_v3:429 - firstNumBool = true | positive number = true | dotButtonPressed = false
[INFO ] 08-22-2019 22:06:32.018 [Method:actionPerformed] version3.Calculator_v3:430 - before: 
[INFO ] 08-22-2019 22:06:32.119 [Method:actionPerformed] version3.Calculator_v3:434 - textArea:'\n5'
[INFO ] 08-22-2019 22:06:32.120 [Method:actionPerformed] version3.Calculator_v3:435 - values[0]: '5'
[INFO ] 08-22-2019 22:06:32.121 [Method:actionPerformed] version3.Calculator_v3:551 - NumberButtonHandler() finished
[INFO ] 08-22-2019 22:06:32.122 [Method:confirm] version3.Calculator_v3:240 - Confirm Results: 
[INFO ] 08-22-2019 22:06:32.123 [Method:confirm] version3.Calculator_v3:241 - ---------------- 
[INFO ] 08-22-2019 22:06:32.124 [Method:confirm] version3.Calculator_v3:242 - textarea: '\n5'
[INFO ] 08-22-2019 22:06:32.125 [Method:confirm] version3.Calculator_v3:243 - textArea: '\n5'
[INFO ] 08-22-2019 22:06:32.125 [Method:confirm] version3.Calculator_v3:253 - no memories stored!
[INFO ] 08-22-2019 22:06:32.126 [Method:confirm] version3.Calculator_v3:255 - addBool: 'false'
[INFO ] 08-22-2019 22:06:32.136 [Method:confirm] version3.Calculator_v3:256 - subBool: 'false'
[INFO ] 08-22-2019 22:06:32.137 [Method:confirm] version3.Calculator_v3:257 - mulBool: 'false'
[INFO ] 08-22-2019 22:06:32.138 [Method:confirm] version3.Calculator_v3:258 - divBool: 'false'
[INFO ] 08-22-2019 22:06:32.139 [Method:confirm] version3.Calculator_v3:259 - valuesPosition: '0'
[INFO ] 08-22-2019 22:06:32.140 [Method:confirm] version3.Calculator_v3:260 - memoryPosition: '0'
[INFO ] 08-22-2019 22:06:32.141 [Method:confirm] version3.Calculator_v3:261 - firstNumBool: 'true'
[INFO ] 08-22-2019 22:06:32.141 [Method:confirm] version3.Calculator_v3:262 - dotButtonPressed: 'false'
[INFO ] 08-22-2019 22:06:32.142 [Method:confirm] version3.Calculator_v3:263 - isNegative: 'false'
[INFO ] 08-22-2019 22:06:32.143 [Method:confirm] version3.Calculator_v3:264 - calcType: 'BASIC'
[INFO ] 08-22-2019 22:06:32.143 [Method:confirm] version3.Calculator_v3:265 - -------- End Confirm Results --------

[INFO ] 08-22-2019 22:06:33.105 [Method:actionPerformed] version3.Calculator_v3:802 - DotButtonHandler() started
[INFO ] 08-22-2019 22:06:33.107 [Method:actionPerformed] version3.Calculator_v3:803 - button: .
[INFO ] 08-22-2019 22:06:33.133 [Method:actionPerformed] version3.Calculator_v3:815 - DotButtonHandler() finished
[INFO ] 08-22-2019 22:06:33.135 [Method:confirm] version3.Calculator_v3:240 - Confirm Results: 
[INFO ] 08-22-2019 22:06:33.135 [Method:confirm] version3.Calculator_v3:241 - ---------------- 
[INFO ] 08-22-2019 22:06:33.136 [Method:confirm] version3.Calculator_v3:242 - textarea: '\n5.'
[INFO ] 08-22-2019 22:06:33.136 [Method:confirm] version3.Calculator_v3:243 - textArea: '\n.5'
[INFO ] 08-22-2019 22:06:33.137 [Method:confirm] version3.Calculator_v3:253 - no memories stored!
[INFO ] 08-22-2019 22:06:33.138 [Method:confirm] version3.Calculator_v3:255 - addBool: 'false'
[INFO ] 08-22-2019 22:06:33.138 [Method:confirm] version3.Calculator_v3:256 - subBool: 'false'
[INFO ] 08-22-2019 22:06:33.139 [Method:confirm] version3.Calculator_v3:257 - mulBool: 'false'
[INFO ] 08-22-2019 22:06:33.140 [Method:confirm] version3.Calculator_v3:258 - divBool: 'false'
[INFO ] 08-22-2019 22:06:33.140 [Method:confirm] version3.Calculator_v3:259 - valuesPosition: '0'
[INFO ] 08-22-2019 22:06:33.141 [Method:confirm] version3.Calculator_v3:260 - memoryPosition: '0'
[INFO ] 08-22-2019 22:06:33.141 [Method:confirm] version3.Calculator_v3:261 - firstNumBool: 'true'
[INFO ] 08-22-2019 22:06:33.143 [Method:confirm] version3.Calculator_v3:262 - dotButtonPressed: 'true'
[INFO ] 08-22-2019 22:06:33.144 [Method:confirm] version3.Calculator_v3:263 - isNegative: 'false'
[INFO ] 08-22-2019 22:06:33.144 [Method:confirm] version3.Calculator_v3:264 - calcType: 'BASIC'
[INFO ] 08-22-2019 22:06:33.145 [Method:confirm] version3.Calculator_v3:265 - -------- End Confirm Results --------

[INFO ] 08-22-2019 23:10:48.179 [Method:main] version3.CalculatorMain_v3:18 - Starting class CalculatorMain_v3
[INFO ] 08-22-2019 23:10:49.175 [Method:setupButtonsAndSuch] version3.Calculator_v3:112 - Inside setupButtonsAndSuch()
[INFO ] 08-22-2019 23:10:49.176 [Method:setupButtonsAndSuch] version3.Calculator_v3:113 - preparing buttons
[INFO ] 08-22-2019 23:10:49.179 [Method:setupButtonsAndSuch] version3.Calculator_v3:202 - Finished. Leaving setupButtonsAndSuch()
[INFO ] 08-22-2019 23:10:49.202 [Method:setupPanel_v3] version3.JPanelBasic_v3:92 - Starting setupPanel_v3
[INFO ] 08-22-2019 23:10:49.204 [Method:setupPanel_v3] version3.JPanelBasic_v3:190 - End setupPanel_v3()
[INFO ] 08-22-2019 23:10:49.205 [Method:addComponentsToPanel_v3] version3.JPanelBasic_v3:196 - Starting addComponentsToPanel_v3
[INFO ] 08-22-2019 23:10:49.212 [Method:addComponentsToPanel_v3] version3.JPanelBasic_v3:285 - Finished addComponentsToPanel_v3
[INFO ] 08-22-2019 23:10:51.402 [Method:setupMenuBar] version3.StandardCalculator_v3:134 - Inside setupMenuBar()
[INFO ] 08-22-2019 23:10:51.446 [Method:setupMenuBar] version3.StandardCalculator_v3:312 - Finished. Leaving setupMenuBar()
[INFO ] 08-22-2019 23:10:51.447 [Method:performBasicSetup] version3.JPanelBasic_v3:75 - Preparing programmer buttons
[INFO ] 08-22-2019 23:10:51.448 [Method:performBasicSetup] version3.JPanelBasic_v3:87 - Finished preparing buttons.
[INFO ] 08-22-2019 23:10:51.449 [Method:createImageIcon] version3.Calculator_v3:934 - Inside createImageIcon()
[INFO ] 08-22-2019 23:10:51.449 [Method:createImageIcon] version3.Calculator_v3:938 - the path 'src/main/resources/images/calculatorOriginalCopy.jpg' created an image! the imageicon is being returned...
[INFO ] 08-22-2019 23:10:51.450 [Method:createImageIcon] version3.Calculator_v3:939 - End createImageIcon()
[INFO ] 08-22-2019 23:10:51.515 [Method:createImageIcon] version3.Calculator_v3:934 - Inside createImageIcon()
[INFO ] 08-22-2019 23:10:51.516 [Method:createImageIcon] version3.Calculator_v3:938 - the path 'src/main/resources/images/calculatorOriginal.jpg' created an image! the imageicon is being returned...
[INFO ] 08-22-2019 23:10:51.519 [Method:createImageIcon] version3.Calculator_v3:939 - End createImageIcon()
[INFO ] 08-22-2019 23:10:51.529 [Method:createImageIcon] version3.Calculator_v3:934 - Inside createImageIcon()
[INFO ] 08-22-2019 23:10:51.530 [Method:createImageIcon] version3.Calculator_v3:938 - the path 'src/main/resources/images/maclogo.png' created an image! the imageicon is being returned...
[INFO ] 08-22-2019 23:10:51.530 [Method:createImageIcon] version3.Calculator_v3:939 - End createImageIcon()
[INFO ] 08-22-2019 23:10:51.536 [Method:initLookAndFeel] version3.CalculatorMain_v3:56 - Setting the look and feel to : javax.swing.plaf.metal.MetalLookAndFeel
[INFO ] 08-22-2019 23:10:51.667 [Method:confirm] version3.Calculator_v3:252 - Confirm Results: 
[INFO ] 08-22-2019 23:10:51.671 [Method:confirm] version3.Calculator_v3:253 - ---------------- 
[INFO ] 08-22-2019 23:10:51.687 [Method:confirm] version3.Calculator_v3:254 - textarea: '\n'
[INFO ] 08-22-2019 23:10:51.688 [Method:confirm] version3.Calculator_v3:255 - textArea: '\n'
[INFO ] 08-22-2019 23:10:51.690 [Method:confirm] version3.Calculator_v3:265 - no memories stored!
[INFO ] 08-22-2019 23:10:51.691 [Method:confirm] version3.Calculator_v3:267 - addBool: 'false'
[INFO ] 08-22-2019 23:10:51.692 [Method:confirm] version3.Calculator_v3:268 - subBool: 'false'
[INFO ] 08-22-2019 23:10:51.700 [Method:confirm] version3.Calculator_v3:269 - mulBool: 'false'
[INFO ] 08-22-2019 23:10:51.702 [Method:confirm] version3.Calculator_v3:270 - divBool: 'false'
[INFO ] 08-22-2019 23:10:51.731 [Method:confirm] version3.Calculator_v3:271 - valuesPosition: '0'
[INFO ] 08-22-2019 23:10:51.736 [Method:confirm] version3.Calculator_v3:272 - memoryPosition: '0'
[INFO ] 08-22-2019 23:10:51.738 [Method:confirm] version3.Calculator_v3:273 - firstNumBool: 'true'
[INFO ] 08-22-2019 23:10:51.739 [Method:confirm] version3.Calculator_v3:274 - dotButtonPressed: 'false'
[INFO ] 08-22-2019 23:10:51.745 [Method:confirm] version3.Calculator_v3:275 - isNegative: 'false'
[INFO ] 08-22-2019 23:10:51.748 [Method:confirm] version3.Calculator_v3:276 - calcType: 'BASIC'
[INFO ] 08-22-2019 23:10:51.749 [Method:confirm] version3.Calculator_v3:277 - -------- End Confirm Results --------

[INFO ] 08-22-2019 23:10:51.750 [Method:main] version3.CalculatorMain_v3:31 - End main()

[INFO ] 08-22-2019 23:10:53.505 [Method:actionPerformed] version3.Calculator_v3:464 - NumberButtonHandler() started
[INFO ] 08-22-2019 23:10:53.507 [Method:actionPerformed] version3.Calculator_v3:465 - button: 5
[INFO ] 08-22-2019 23:10:53.508 [Method:isNegativeNumber] version3.Calculator_v3:396 - isNegativeNumber() == false
[INFO ] 08-22-2019 23:10:53.509 [Method:isPositiveNumber] version3.Calculator_v3:379 - isPositiveNumber() == true
[INFO ] 08-22-2019 23:10:53.510 [Method:actionPerformed] version3.Calculator_v3:488 - firstNumBool = true | positive number = true | dotButtonPressed = false
[INFO ] 08-22-2019 23:10:53.512 [Method:actionPerformed] version3.Calculator_v3:489 - before: 
[INFO ] 08-22-2019 23:10:53.613 [Method:actionPerformed] version3.Calculator_v3:493 - textArea:'\n5'
[INFO ] 08-22-2019 23:10:53.614 [Method:actionPerformed] version3.Calculator_v3:494 - values[0]: '5'
[INFO ] 08-22-2019 23:10:53.615 [Method:actionPerformed] version3.Calculator_v3:610 - NumberButtonHandler() finished
[INFO ] 08-22-2019 23:10:53.616 [Method:confirm] version3.Calculator_v3:252 - Confirm Results: 
[INFO ] 08-22-2019 23:10:53.616 [Method:confirm] version3.Calculator_v3:253 - ---------------- 
[INFO ] 08-22-2019 23:10:53.617 [Method:confirm] version3.Calculator_v3:254 - textarea: '\n5'
[INFO ] 08-22-2019 23:10:53.619 [Method:confirm] version3.Calculator_v3:255 - textArea: '\n5'
[INFO ] 08-22-2019 23:10:53.620 [Method:confirm] version3.Calculator_v3:265 - no memories stored!
[INFO ] 08-22-2019 23:10:53.621 [Method:confirm] version3.Calculator_v3:267 - addBool: 'false'
[INFO ] 08-22-2019 23:10:53.622 [Method:confirm] version3.Calculator_v3:268 - subBool: 'false'
[INFO ] 08-22-2019 23:10:53.623 [Method:confirm] version3.Calculator_v3:269 - mulBool: 'false'
[INFO ] 08-22-2019 23:10:53.624 [Method:confirm] version3.Calculator_v3:270 - divBool: 'false'
[INFO ] 08-22-2019 23:10:53.624 [Method:confirm] version3.Calculator_v3:271 - valuesPosition: '0'
[INFO ] 08-22-2019 23:10:53.625 [Method:confirm] version3.Calculator_v3:272 - memoryPosition: '0'
[INFO ] 08-22-2019 23:10:53.626 [Method:confirm] version3.Calculator_v3:273 - firstNumBool: 'true'
[INFO ] 08-22-2019 23:10:53.630 [Method:confirm] version3.Calculator_v3:274 - dotButtonPressed: 'false'
[INFO ] 08-22-2019 23:10:53.631 [Method:confirm] version3.Calculator_v3:275 - isNegative: 'false'
[INFO ] 08-22-2019 23:10:53.631 [Method:confirm] version3.Calculator_v3:276 - calcType: 'BASIC'
[INFO ] 08-22-2019 23:10:53.632 [Method:confirm] version3.Calculator_v3:277 - -------- End Confirm Results --------

[INFO ] 08-22-2019 23:10:54.175 [Method:actionPerformed] version3.Calculator_v3:900 - DotButtonHandler() started
[INFO ] 08-22-2019 23:10:54.177 [Method:actionPerformed] version3.Calculator_v3:901 - button: .
[INFO ] 08-22-2019 23:10:54.205 [Method:actionPerformed] version3.Calculator_v3:913 - DotButtonHandler() finished
[INFO ] 08-22-2019 23:10:54.205 [Method:confirm] version3.Calculator_v3:252 - Confirm Results: 
[INFO ] 08-22-2019 23:10:54.206 [Method:confirm] version3.Calculator_v3:253 - ---------------- 
[INFO ] 08-22-2019 23:10:54.206 [Method:confirm] version3.Calculator_v3:254 - textarea: '\n5.'
[INFO ] 08-22-2019 23:10:54.207 [Method:confirm] version3.Calculator_v3:255 - textArea: '\n.5'
[INFO ] 08-22-2019 23:10:54.207 [Method:confirm] version3.Calculator_v3:265 - no memories stored!
[INFO ] 08-22-2019 23:10:54.208 [Method:confirm] version3.Calculator_v3:267 - addBool: 'false'
[INFO ] 08-22-2019 23:10:54.209 [Method:confirm] version3.Calculator_v3:268 - subBool: 'false'
[INFO ] 08-22-2019 23:10:54.209 [Method:confirm] version3.Calculator_v3:269 - mulBool: 'false'
[INFO ] 08-22-2019 23:10:54.210 [Method:confirm] version3.Calculator_v3:270 - divBool: 'false'
[INFO ] 08-22-2019 23:10:54.210 [Method:confirm] version3.Calculator_v3:271 - valuesPosition: '0'
[INFO ] 08-22-2019 23:10:54.211 [Method:confirm] version3.Calculator_v3:272 - memoryPosition: '0'
[INFO ] 08-22-2019 23:10:54.213 [Method:confirm] version3.Calculator_v3:273 - firstNumBool: 'true'
[INFO ] 08-22-2019 23:10:54.219 [Method:confirm] version3.Calculator_v3:274 - dotButtonPressed: 'true'
[INFO ] 08-22-2019 23:10:54.220 [Method:confirm] version3.Calculator_v3:275 - isNegative: 'false'
[INFO ] 08-22-2019 23:10:54.221 [Method:confirm] version3.Calculator_v3:276 - calcType: 'BASIC'
[INFO ] 08-22-2019 23:10:54.221 [Method:confirm] version3.Calculator_v3:277 - -------- End Confirm Results --------

[INFO ] 08-22-2019 23:10:54.940 [Method:actionPerformed] version3.Calculator_v3:464 - NumberButtonHandler() started
[INFO ] 08-22-2019 23:10:54.941 [Method:actionPerformed] version3.Calculator_v3:465 - button: 6
[INFO ] 08-22-2019 23:10:54.942 [Method:isNegativeNumber] version3.Calculator_v3:396 - isNegativeNumber(5.) == false
[INFO ] 08-22-2019 23:10:54.943 [Method:isPositiveNumber] version3.Calculator_v3:379 - isPositiveNumber(5.) == true
[INFO ] 08-22-2019 23:10:54.944 [Method:isNegativeNumber] version3.Calculator_v3:396 - isNegativeNumber(5.) == false
[INFO ] 08-22-2019 23:10:54.944 [Method:actionPerformed] version3.Calculator_v3:508 - firstNumBool = true | positive number = true | dotButtonPressed = true
[INFO ] 08-22-2019 23:10:54.955 [Method:actionPerformed] version3.Calculator_v3:512 - textarea: 5.6
[INFO ] 08-22-2019 23:10:54.956 [Method:actionPerformed] version3.Calculator_v3:610 - NumberButtonHandler() finished
[INFO ] 08-22-2019 23:10:54.956 [Method:confirm] version3.Calculator_v3:252 - Confirm Results: 
[INFO ] 08-22-2019 23:10:54.957 [Method:confirm] version3.Calculator_v3:253 - ---------------- 
[INFO ] 08-22-2019 23:10:54.957 [Method:confirm] version3.Calculator_v3:254 - textarea: '\n5.6'
[INFO ] 08-22-2019 23:10:54.959 [Method:confirm] version3.Calculator_v3:255 - textArea: '\n5.6'
[INFO ] 08-22-2019 23:10:54.959 [Method:confirm] version3.Calculator_v3:265 - no memories stored!
[INFO ] 08-22-2019 23:10:54.960 [Method:confirm] version3.Calculator_v3:267 - addBool: 'false'
[INFO ] 08-22-2019 23:10:54.960 [Method:confirm] version3.Calculator_v3:268 - subBool: 'false'
[INFO ] 08-22-2019 23:10:54.960 [Method:confirm] version3.Calculator_v3:269 - mulBool: 'false'
[INFO ] 08-22-2019 23:10:54.961 [Method:confirm] version3.Calculator_v3:270 - divBool: 'false'
[INFO ] 08-22-2019 23:10:54.961 [Method:confirm] version3.Calculator_v3:271 - valuesPosition: '0'
[INFO ] 08-22-2019 23:10:54.962 [Method:confirm] version3.Calculator_v3:272 - memoryPosition: '0'
[INFO ] 08-22-2019 23:10:54.962 [Method:confirm] version3.Calculator_v3:273 - firstNumBool: 'true'
[INFO ] 08-22-2019 23:10:54.962 [Method:confirm] version3.Calculator_v3:274 - dotButtonPressed: 'true'
[INFO ] 08-22-2019 23:10:54.963 [Method:confirm] version3.Calculator_v3:275 - isNegative: 'false'
[INFO ] 08-22-2019 23:10:54.963 [Method:confirm] version3.Calculator_v3:276 - calcType: 'BASIC'
[INFO ] 08-22-2019 23:10:54.963 [Method:confirm] version3.Calculator_v3:277 - -------- End Confirm Results --------

[INFO ] 08-22-2019 23:10:56.552 [Method:actionPerformed] version3.StandardCalculator_v3:531 - AddButtonHandler started
[INFO ] 08-22-2019 23:10:56.553 [Method:actionPerformed] version3.StandardCalculator_v3:532 - button: +
[INFO ] 08-22-2019 23:10:56.589 [Method:actionPerformed] version3.StandardCalculator_v3:537 - textArea:  + 5.6
[INFO ] 08-22-2019 23:10:56.590 [Method:actionPerformed] version3.StandardCalculator_v3:538 - values[0] is 5.6 after addButton pushed
[INFO ] 08-22-2019 23:10:56.593 [Method:confirm] version3.Calculator_v3:252 - Confirm Results: 
[INFO ] 08-22-2019 23:10:56.594 [Method:confirm] version3.Calculator_v3:253 - ---------------- 
[INFO ] 08-22-2019 23:10:56.594 [Method:confirm] version3.Calculator_v3:254 - textarea: '\n + 5.6'
[INFO ] 08-22-2019 23:10:56.595 [Method:confirm] version3.Calculator_v3:255 - textArea: '\n + 5.6'
[INFO ] 08-22-2019 23:10:56.595 [Method:confirm] version3.Calculator_v3:265 - no memories stored!
[INFO ] 08-22-2019 23:10:56.595 [Method:confirm] version3.Calculator_v3:267 - addBool: 'true'
[INFO ] 08-22-2019 23:10:56.596 [Method:confirm] version3.Calculator_v3:268 - subBool: 'false'
[INFO ] 08-22-2019 23:10:56.596 [Method:confirm] version3.Calculator_v3:269 - mulBool: 'false'
[INFO ] 08-22-2019 23:10:56.596 [Method:confirm] version3.Calculator_v3:270 - divBool: 'false'
[INFO ] 08-22-2019 23:10:56.597 [Method:confirm] version3.Calculator_v3:271 - valuesPosition: '1'
[INFO ] 08-22-2019 23:10:56.597 [Method:confirm] version3.Calculator_v3:272 - memoryPosition: '0'
[INFO ] 08-22-2019 23:10:56.597 [Method:confirm] version3.Calculator_v3:273 - firstNumBool: 'false'
[INFO ] 08-22-2019 23:10:56.598 [Method:confirm] version3.Calculator_v3:274 - dotButtonPressed: 'false'
[INFO ] 08-22-2019 23:10:56.598 [Method:confirm] version3.Calculator_v3:275 - isNegative: 'false'
[INFO ] 08-22-2019 23:10:56.598 [Method:confirm] version3.Calculator_v3:276 - calcType: 'BASIC'
[INFO ] 08-22-2019 23:10:56.598 [Method:confirm] version3.Calculator_v3:277 - -------- End Confirm Results --------

[INFO ] 08-22-2019 23:10:56.599 [Method:actionPerformed] version3.StandardCalculator_v3:531 - AddButtonHandler started
[INFO ] 08-22-2019 23:10:56.599 [Method:actionPerformed] version3.StandardCalculator_v3:532 - button: +
[INFO ] 08-22-2019 23:10:56.600 [Method:actionPerformed] version3.StandardCalculator_v3:569 - already chose an operator. choose another number.
[INFO ] 08-22-2019 23:10:56.601 [Method:confirm] version3.Calculator_v3:252 - Confirm Results: 
[INFO ] 08-22-2019 23:10:56.601 [Method:confirm] version3.Calculator_v3:253 - ---------------- 
[INFO ] 08-22-2019 23:10:56.602 [Method:confirm] version3.Calculator_v3:254 - textarea: '\n + 5.6'
[INFO ] 08-22-2019 23:10:56.602 [Method:confirm] version3.Calculator_v3:255 - textArea: '\n + 5.6'
[INFO ] 08-22-2019 23:10:56.604 [Method:confirm] version3.Calculator_v3:265 - no memories stored!
[INFO ] 08-22-2019 23:10:56.605 [Method:confirm] version3.Calculator_v3:267 - addBool: 'true'
[INFO ] 08-22-2019 23:10:56.605 [Method:confirm] version3.Calculator_v3:268 - subBool: 'false'
[INFO ] 08-22-2019 23:10:56.606 [Method:confirm] version3.Calculator_v3:269 - mulBool: 'false'
[INFO ] 08-22-2019 23:10:56.607 [Method:confirm] version3.Calculator_v3:270 - divBool: 'false'
[INFO ] 08-22-2019 23:10:56.608 [Method:confirm] version3.Calculator_v3:271 - valuesPosition: '1'
[INFO ] 08-22-2019 23:10:56.608 [Method:confirm] version3.Calculator_v3:272 - memoryPosition: '0'
[INFO ] 08-22-2019 23:10:56.608 [Method:confirm] version3.Calculator_v3:273 - firstNumBool: 'false'
[INFO ] 08-22-2019 23:10:56.609 [Method:confirm] version3.Calculator_v3:274 - dotButtonPressed: 'false'
[INFO ] 08-22-2019 23:10:56.609 [Method:confirm] version3.Calculator_v3:275 - isNegative: 'false'
[INFO ] 08-22-2019 23:10:56.610 [Method:confirm] version3.Calculator_v3:276 - calcType: 'BASIC'
[INFO ] 08-22-2019 23:10:56.610 [Method:confirm] version3.Calculator_v3:277 - -------- End Confirm Results --------

[INFO ] 08-22-2019 23:10:58.486 [Method:actionPerformed] version3.Calculator_v3:464 - NumberButtonHandler() started
[INFO ] 08-22-2019 23:10:58.486 [Method:actionPerformed] version3.Calculator_v3:465 - button: 3
[INFO ] 08-22-2019 23:10:58.487 [Method:actionPerformed] version3.Calculator_v3:559 - Resetting textArea
[INFO ] 08-22-2019 23:10:58.495 [Method:actionPerformed] version3.Calculator_v3:603 - textArea: '\n3'
[INFO ] 08-22-2019 23:10:58.496 [Method:actionPerformed] version3.Calculator_v3:604 - values[1]: '3'
[INFO ] 08-22-2019 23:10:58.498 [Method:actionPerformed] version3.Calculator_v3:610 - NumberButtonHandler() finished
[INFO ] 08-22-2019 23:10:58.499 [Method:confirm] version3.Calculator_v3:252 - Confirm Results: 
[INFO ] 08-22-2019 23:10:58.500 [Method:confirm] version3.Calculator_v3:253 - ---------------- 
[INFO ] 08-22-2019 23:10:58.500 [Method:confirm] version3.Calculator_v3:254 - textarea: '\n3'
[INFO ] 08-22-2019 23:10:58.501 [Method:confirm] version3.Calculator_v3:255 - textArea: '\n3'
[INFO ] 08-22-2019 23:10:58.502 [Method:confirm] version3.Calculator_v3:265 - no memories stored!
[INFO ] 08-22-2019 23:10:58.502 [Method:confirm] version3.Calculator_v3:267 - addBool: 'true'
[INFO ] 08-22-2019 23:10:58.503 [Method:confirm] version3.Calculator_v3:268 - subBool: 'false'
[INFO ] 08-22-2019 23:10:58.503 [Method:confirm] version3.Calculator_v3:269 - mulBool: 'false'
[INFO ] 08-22-2019 23:10:58.504 [Method:confirm] version3.Calculator_v3:270 - divBool: 'false'
[INFO ] 08-22-2019 23:10:58.504 [Method:confirm] version3.Calculator_v3:271 - valuesPosition: '1'
[INFO ] 08-22-2019 23:10:58.505 [Method:confirm] version3.Calculator_v3:272 - memoryPosition: '0'
[INFO ] 08-22-2019 23:10:58.506 [Method:confirm] version3.Calculator_v3:273 - firstNumBool: 'true'
[INFO ] 08-22-2019 23:10:58.506 [Method:confirm] version3.Calculator_v3:274 - dotButtonPressed: 'false'
[INFO ] 08-22-2019 23:10:58.507 [Method:confirm] version3.Calculator_v3:275 - isNegative: 'false'
[INFO ] 08-22-2019 23:10:58.508 [Method:confirm] version3.Calculator_v3:276 - calcType: 'BASIC'
[INFO ] 08-22-2019 23:10:58.508 [Method:confirm] version3.Calculator_v3:277 - -------- End Confirm Results --------

[INFO ] 08-22-2019 23:10:59.501 [Method:actionPerformed] version3.StandardCalculator_v3:729 - EqualsButtonHandler class started
[INFO ] 08-22-2019 23:10:59.501 [Method:actionPerformed] version3.StandardCalculator_v3:730 - button: =
[INFO ] 08-22-2019 23:10:59.502 [Method:add] version3.StandardCalculator_v3:356 - value[0]: '5.6'
[INFO ] 08-22-2019 23:10:59.503 [Method:add] version3.StandardCalculator_v3:357 - value[1]: '3'
[INFO ] 08-22-2019 23:10:59.504 [Method:add] version3.StandardCalculator_v3:359 - 5.6 + 3 = 8.6
[INFO ] 08-22-2019 23:10:59.505 [Method:add] version3.StandardCalculator_v3:361 - addBool: true
[INFO ] 08-22-2019 23:10:59.505 [Method:add] version3.StandardCalculator_v3:362 - subBool: false
[INFO ] 08-22-2019 23:10:59.505 [Method:add] version3.StandardCalculator_v3:363 - mulBool: false
[INFO ] 08-22-2019 23:10:59.506 [Method:add] version3.StandardCalculator_v3:364 - divBool: false
[INFO ] 08-22-2019 23:10:59.506 [Method:add] version3.StandardCalculator_v3:380 - We have a decimal
[INFO ] 08-22-2019 23:10:59.507 [Method:formatNumber] version3.StandardCalculator_v3:520 - Formatted: 8.600
[INFO ] 08-22-2019 23:10:59.513 [Method:formatNumber] version3.StandardCalculator_v3:520 - Formatted: 8.600
[INFO ] 08-22-2019 23:10:59.514 [Method:resetOperator] version3.Calculator_v3:215 - operatorBool: true
[INFO ] 08-22-2019 23:10:59.514 [Method:resetOperator] version3.Calculator_v3:217 - temp[0]: '8.6'
[INFO ] 08-22-2019 23:10:59.515 [Method:confirm] version3.Calculator_v3:252 - Confirm Results: 
[INFO ] 08-22-2019 23:10:59.515 [Method:confirm] version3.Calculator_v3:253 - ---------------- 
[INFO ] 08-22-2019 23:10:59.515 [Method:confirm] version3.Calculator_v3:254 - textarea: '\n8.6'
[INFO ] 08-22-2019 23:10:59.516 [Method:confirm] version3.Calculator_v3:255 - textArea: '\n8.6'
[INFO ] 08-22-2019 23:10:59.516 [Method:confirm] version3.Calculator_v3:265 - no memories stored!
[INFO ] 08-22-2019 23:10:59.516 [Method:confirm] version3.Calculator_v3:267 - addBool: 'false'
[INFO ] 08-22-2019 23:10:59.517 [Method:confirm] version3.Calculator_v3:268 - subBool: 'false'
[INFO ] 08-22-2019 23:10:59.517 [Method:confirm] version3.Calculator_v3:269 - mulBool: 'false'
[INFO ] 08-22-2019 23:10:59.517 [Method:confirm] version3.Calculator_v3:270 - divBool: 'false'
[INFO ] 08-22-2019 23:10:59.517 [Method:confirm] version3.Calculator_v3:271 - valuesPosition: '0'
[INFO ] 08-22-2019 23:10:59.518 [Method:confirm] version3.Calculator_v3:272 - memoryPosition: '0'
[INFO ] 08-22-2019 23:10:59.518 [Method:confirm] version3.Calculator_v3:273 - firstNumBool: 'true'
[INFO ] 08-22-2019 23:10:59.519 [Method:confirm] version3.Calculator_v3:274 - dotButtonPressed: 'false'
[INFO ] 08-22-2019 23:10:59.519 [Method:confirm] version3.Calculator_v3:275 - isNegative: 'false'
[INFO ] 08-22-2019 23:10:59.520 [Method:confirm] version3.Calculator_v3:276 - calcType: 'BASIC'
[INFO ] 08-22-2019 23:10:59.520 [Method:confirm] version3.Calculator_v3:277 - -------- End Confirm Results --------

